{"/Users/myleswebb/Apps/eas/app.config.ts": {"path":"/Users/myleswebb/Apps/eas/app.config.ts","statementMap":{"0":{"start":{"line":3,"column":0},"end":{"line":3,"column":27}}},"fnMap":{},"branchMap":{},"s":{"0":0},"f":{},"b":{}}
,"/Users/myleswebb/Apps/eas/design-system-init.js": {"path":"/Users/myleswebb/Apps/eas/design-system-init.js","statementMap":{"0":{"start":{"line":12,"column":22},"end":{"line":90,"column":3}},"1":{"start":{"line":34,"column":8},"end":{"line":39,"column":9}},"2":{"start":{"line":35,"column":10},"end":{"line":35,"column":50}},"3":{"start":{"line":36,"column":10},"end":{"line":36,"column":50}},"4":{"start":{"line":37,"column":10},"end":{"line":37,"column":50}},"5":{"start":{"line":38,"column":10},"end":{"line":38,"column":54}},"6":{"start":{"line":40,"column":8},"end":{"line":40,"column":21}},"7":{"start":{"line":93,"column":22},"end":{"line":195,"column":3}},"8":{"start":{"line":96,"column":26},"end":{"line":103,"column":7}},"9":{"start":{"line":106,"column":6},"end":{"line":106,"column":51}},"10":{"start":{"line":106,"column":39},"end":{"line":106,"column":51}},"11":{"start":{"line":109,"column":6},"end":{"line":116,"column":7}},"12":{"start":{"line":110,"column":22},"end":{"line":110,"column":95}},"13":{"start":{"line":111,"column":8},"end":{"line":115,"column":9}},"14":{"start":{"line":112,"column":34},"end":{"line":112,"column":39}},"15":{"start":{"line":113,"column":27},"end":{"line":113,"column":162}},"16":{"start":{"line":114,"column":10},"end":{"line":114,"column":48}},"17":{"start":{"line":118,"column":6},"end":{"line":118,"column":19}},"18":{"start":{"line":123,"column":6},"end":{"line":125,"column":7}},"19":{"start":{"line":124,"column":8},"end":{"line":124,"column":76}},"20":{"start":{"line":126,"column":6},"end":{"line":126,"column":18}},"21":{"start":{"line":131,"column":6},"end":{"line":143,"column":7}},"22":{"start":{"line":134,"column":10},"end":{"line":134,"column":90}},"23":{"start":{"line":136,"column":10},"end":{"line":136,"column":86}},"24":{"start":{"line":138,"column":10},"end":{"line":140,"column":85}},"25":{"start":{"line":142,"column":10},"end":{"line":142,"column":22}},"26":{"start":{"line":148,"column":6},"end":{"line":159,"column":9}},"27":{"start":{"line":166,"column":6},"end":{"line":193,"column":8}},"28":{"start":{"line":169,"column":10},"end":{"line":169,"column":67}},"29":{"start":{"line":174,"column":29},"end":{"line":174,"column":33}},"30":{"start":{"line":175,"column":27},"end":{"line":175,"column":29}},"31":{"start":{"line":187,"column":10},"end":{"line":189,"column":13}},"32":{"start":{"line":187,"column":34},"end":{"line":189,"column":11}},"33":{"start":{"line":191,"column":10},"end":{"line":191,"column":30}},"34":{"start":{"line":198,"column":31},"end":{"line":198,"column":52}},"35":{"start":{"line":201,"column":2},"end":{"line":204,"column":4}},"36":{"start":{"line":207,"column":2},"end":{"line":210,"column":3}},"37":{"start":{"line":208,"column":4},"end":{"line":208,"column":52}},"38":{"start":{"line":209,"column":4},"end":{"line":209,"column":61}},"39":{"start":{"line":212,"column":2},"end":{"line":212,"column":66}}},"fnMap":{"0":{"name":"(anonymous_0)","decl":{"start":{"line":32,"column":19},"end":{"line":32,"column":20}},"loc":{"start":{"line":32,"column":39},"end":{"line":41,"column":7}},"line":32},"1":{"name":"(anonymous_1)","decl":{"start":{"line":95,"column":19},"end":{"line":95,"column":20}},"loc":{"start":{"line":95,"column":30},"end":{"line":119,"column":5}},"line":95},"2":{"name":"(anonymous_2)","decl":{"start":{"line":122,"column":24},"end":{"line":122,"column":25}},"loc":{"start":{"line":122,"column":50},"end":{"line":127,"column":5}},"line":122},"3":{"name":"(anonymous_3)","decl":{"start":{"line":130,"column":23},"end":{"line":130,"column":24}},"loc":{"start":{"line":130,"column":40},"end":{"line":144,"column":5}},"line":130},"4":{"name":"(anonymous_4)","decl":{"start":{"line":147,"column":21},"end":{"line":147,"column":22}},"loc":{"start":{"line":147,"column":61},"end":{"line":160,"column":5}},"line":147},"5":{"name":"(anonymous_5)","decl":{"start":{"line":163,"column":13},"end":{"line":163,"column":14}},"loc":{"start":{"line":163,"column":19},"end":{"line":194,"column":5}},"line":163},"6":{"name":"(anonymous_6)","decl":{"start":{"line":167,"column":30},"end":{"line":167,"column":31}},"loc":{"start":{"line":167,"column":40},"end":{"line":170,"column":9}},"line":167},"7":{"name":"(anonymous_7)","decl":{"start":{"line":172,"column":29},"end":{"line":172,"column":30}},"loc":{"start":{"line":172,"column":39},"end":{"line":192,"column":9}},"line":172},"8":{"name":"(anonymous_8)","decl":{"start":{"line":187,"column":29},"end":{"line":187,"column":30}},"loc":{"start":{"line":187,"column":34},"end":{"line":189,"column":11}},"line":187}},"branchMap":{"0":{"loc":{"start":{"line":34,"column":8},"end":{"line":39,"column":9}},"type":"if","locations":[{"start":{"line":34,"column":8},"end":{"line":39,"column":9}},{"start":{},"end":{}}],"line":34},"1":{"loc":{"start":{"line":106,"column":6},"end":{"line":106,"column":51}},"type":"if","locations":[{"start":{"line":106,"column":6},"end":{"line":106,"column":51}},{"start":{},"end":{}}],"line":106},"2":{"loc":{"start":{"line":109,"column":6},"end":{"line":116,"column":7}},"type":"if","locations":[{"start":{"line":109,"column":6},"end":{"line":116,"column":7}},{"start":{},"end":{}}],"line":109},"3":{"loc":{"start":{"line":111,"column":8},"end":{"line":115,"column":9}},"type":"if","locations":[{"start":{"line":111,"column":8},"end":{"line":115,"column":9}},{"start":{},"end":{}}],"line":111},"4":{"loc":{"start":{"line":123,"column":6},"end":{"line":125,"column":7}},"type":"if","locations":[{"start":{"line":123,"column":6},"end":{"line":125,"column":7}},{"start":{},"end":{}}],"line":123},"5":{"loc":{"start":{"line":131,"column":6},"end":{"line":143,"column":7}},"type":"switch","locations":[{"start":{"line":132,"column":8},"end":{"line":132,"column":22}},{"start":{"line":133,"column":8},"end":{"line":134,"column":90}},{"start":{"line":135,"column":8},"end":{"line":136,"column":86}},{"start":{"line":137,"column":8},"end":{"line":140,"column":85}},{"start":{"line":141,"column":8},"end":{"line":142,"column":22}}],"line":131},"6":{"loc":{"start":{"line":138,"column":17},"end":{"line":140,"column":84}},"type":"binary-expr","locations":[{"start":{"line":138,"column":17},"end":{"line":138,"column":72}},{"start":{"line":139,"column":17},"end":{"line":139,"column":84}},{"start":{"line":140,"column":17},"end":{"line":140,"column":84}}],"line":138},"7":{"loc":{"start":{"line":207,"column":2},"end":{"line":210,"column":3}},"type":"if","locations":[{"start":{"line":207,"column":2},"end":{"line":210,"column":3}},{"start":{},"end":{}}],"line":207}},"s":{"0":0,"1":0,"2":0,"3":0,"4":0,"5":0,"6":0,"7":0,"8":0,"9":0,"10":0,"11":0,"12":0,"13":0,"14":0,"15":0,"16":0,"17":0,"18":0,"19":0,"20":0,"21":0,"22":0,"23":0,"24":0,"25":0,"26":0,"27":0,"28":0,"29":0,"30":0,"31":0,"32":0,"33":0,"34":0,"35":0,"36":0,"37":0,"38":0,"39":0},"f":{"0":0,"1":0,"2":0,"3":0,"4":0,"5":0,"6":0,"7":0,"8":0},"b":{"0":[0,0],"1":[0,0],"2":[0,0],"3":[0,0],"4":[0,0],"5":[0,0,0,0,0],"6":[0,0,0],"7":[0,0]}}
,"/Users/myleswebb/Apps/eas/env.d.ts": {"path":"/Users/myleswebb/Apps/eas/env.d.ts","statementMap":{},"fnMap":{},"branchMap":{},"s":{},"f":{},"b":{}}
,"/Users/myleswebb/Apps/eas/expo-env.d.ts": {"path":"/Users/myleswebb/Apps/eas/expo-env.d.ts","statementMap":{},"fnMap":{},"branchMap":{},"s":{},"f":{},"b":{}}
,"/Users/myleswebb/Apps/eas/jest.config.js": {"path":"/Users/myleswebb/Apps/eas/jest.config.js","statementMap":{"0":{"start":{"line":1,"column":0},"end":{"line":16,"column":2}}},"fnMap":{},"branchMap":{},"s":{"0":0},"f":{},"b":{}}
,"/Users/myleswebb/Apps/eas/.expo/types/router.d.ts": {"path":"/Users/myleswebb/Apps/eas/.expo/types/router.d.ts","statementMap":{},"fnMap":{},"branchMap":{},"s":{},"f":{},"b":{}}
,"/Users/myleswebb/Apps/eas/app/+not-found.tsx": {"path":"/Users/myleswebb/Apps/eas/app/+not-found.tsx","statementMap":{"0":{"start":{"line":8,"column":2},"end":{"line":18,"column":4}},"1":{"start":{"line":21,"column":15},"end":{"line":32,"column":2}}},"fnMap":{"0":{"name":"NotFoundScreen","decl":{"start":{"line":7,"column":24},"end":{"line":7,"column":38}},"loc":{"start":{"line":7,"column":41},"end":{"line":19,"column":1}},"line":7}},"branchMap":{},"s":{"0":0,"1":0},"f":{"0":0},"b":{}}
,"/Users/myleswebb/Apps/eas/app/_layout.tsx": {"path":"/Users/myleswebb/Apps/eas/app/_layout.tsx","statementMap":{"0":{"start":{"line":12,"column":0},"end":{"line":12,"column":36}},"1":{"start":{"line":15,"column":22},"end":{"line":15,"column":38}},"2":{"start":{"line":17,"column":2},"end":{"line":22,"column":9}},"3":{"start":{"line":19,"column":4},"end":{"line":21,"column":12}},"4":{"start":{"line":20,"column":6},"end":{"line":20,"column":31}},"5":{"start":{"line":24,"column":2},"end":{"line":81,"column":4}}},"fnMap":{"0":{"name":"RootLayout","decl":{"start":{"line":14,"column":24},"end":{"line":14,"column":34}},"loc":{"start":{"line":14,"column":37},"end":{"line":82,"column":1}},"line":14},"1":{"name":"(anonymous_1)","decl":{"start":{"line":17,"column":12},"end":{"line":17,"column":13}},"loc":{"start":{"line":17,"column":18},"end":{"line":22,"column":3}},"line":17},"2":{"name":"(anonymous_2)","decl":{"start":{"line":19,"column":15},"end":{"line":19,"column":16}},"loc":{"start":{"line":19,"column":21},"end":{"line":21,"column":5}},"line":19}},"branchMap":{"0":{"loc":{"start":{"line":26,"column":28},"end":{"line":26,"column":77}},"type":"cond-expr","locations":[{"start":{"line":26,"column":53},"end":{"line":26,"column":62}},{"start":{"line":26,"column":65},"end":{"line":26,"column":77}}],"line":26}},"s":{"0":0,"1":0,"2":0,"3":0,"4":0,"5":0},"f":{"0":0,"1":0,"2":0},"b":{"0":[0,0]}}
,"/Users/myleswebb/Apps/eas/app/analytics.tsx": {"path":"/Users/myleswebb/Apps/eas/app/analytics.tsx","statementMap":{"0":{"start":{"line":18,"column":17},"end":{"line":48,"column":1}},"1":{"start":{"line":32,"column":6},"end":{"line":37,"column":7}},"2":{"start":{"line":33,"column":8},"end":{"line":33,"column":48}},"3":{"start":{"line":34,"column":8},"end":{"line":34,"column":48}},"4":{"start":{"line":35,"column":8},"end":{"line":35,"column":48}},"5":{"start":{"line":36,"column":8},"end":{"line":36,"column":52}},"6":{"start":{"line":38,"column":6},"end":{"line":38,"column":19}},"7":{"start":{"line":51,"column":21},"end":{"line":81,"column":1}},"8":{"start":{"line":84,"column":13},"end":{"line":88,"column":1}},"9":{"start":{"line":91,"column":36},"end":{"line":91,"column":52}},"10":{"start":{"line":93,"column":25},"end":{"line":96,"column":3}},"11":{"start":{"line":94,"column":4},"end":{"line":94,"column":59}},"12":{"start":{"line":95,"column":4},"end":{"line":95,"column":24}},"13":{"start":{"line":98,"column":26},"end":{"line":101,"column":3}},"14":{"start":{"line":99,"column":4},"end":{"line":99,"column":59}},"15":{"start":{"line":100,"column":4},"end":{"line":100,"column":18}},"16":{"start":{"line":103,"column":2},"end":{"line":436,"column":4}},"17":{"start":{"line":122,"column":10},"end":{"line":138,"column":29}},"18":{"start":{"line":128,"column":27},"end":{"line":128,"column":49}},"19":{"start":{"line":367,"column":18},"end":{"line":372,"column":25}},"20":{"start":{"line":385,"column":18},"end":{"line":390,"column":25}},"21":{"start":{"line":409,"column":18},"end":{"line":412,"column":25}},"22":{"start":{"line":425,"column":18},"end":{"line":428,"column":25}},"23":{"start":{"line":439,"column":15},"end":{"line":739,"column":2}}},"fnMap":{"0":{"name":"(anonymous_0)","decl":{"start":{"line":29,"column":17},"end":{"line":29,"column":18}},"loc":{"start":{"line":29,"column":53},"end":{"line":39,"column":5}},"line":29},"1":{"name":"AnalyticsScreen","decl":{"start":{"line":90,"column":24},"end":{"line":90,"column":39}},"loc":{"start":{"line":90,"column":42},"end":{"line":437,"column":1}},"line":90},"2":{"name":"(anonymous_2)","decl":{"start":{"line":93,"column":25},"end":{"line":93,"column":26}},"loc":{"start":{"line":93,"column":44},"end":{"line":96,"column":3}},"line":93},"3":{"name":"(anonymous_3)","decl":{"start":{"line":98,"column":26},"end":{"line":98,"column":27}},"loc":{"start":{"line":98,"column":32},"end":{"line":101,"column":3}},"line":98},"4":{"name":"(anonymous_4)","decl":{"start":{"line":121,"column":18},"end":{"line":121,"column":19}},"loc":{"start":{"line":122,"column":10},"end":{"line":138,"column":29}},"line":122},"5":{"name":"(anonymous_5)","decl":{"start":{"line":128,"column":21},"end":{"line":128,"column":22}},"loc":{"start":{"line":128,"column":27},"end":{"line":128,"column":49}},"line":128},"6":{"name":"(anonymous_6)","decl":{"start":{"line":366,"column":47},"end":{"line":366,"column":48}},"loc":{"start":{"line":367,"column":18},"end":{"line":372,"column":25}},"line":367},"7":{"name":"(anonymous_7)","decl":{"start":{"line":384,"column":52},"end":{"line":384,"column":53}},"loc":{"start":{"line":385,"column":18},"end":{"line":390,"column":25}},"line":385},"8":{"name":"(anonymous_8)","decl":{"start":{"line":408,"column":44},"end":{"line":408,"column":45}},"loc":{"start":{"line":409,"column":18},"end":{"line":412,"column":25}},"line":409},"9":{"name":"(anonymous_9)","decl":{"start":{"line":424,"column":47},"end":{"line":424,"column":48}},"loc":{"start":{"line":425,"column":18},"end":{"line":428,"column":25}},"line":425}},"branchMap":{"0":{"loc":{"start":{"line":32,"column":6},"end":{"line":37,"column":7}},"type":"if","locations":[{"start":{"line":32,"column":6},"end":{"line":37,"column":7}},{"start":{},"end":{}}],"line":32},"1":{"loc":{"start":{"line":126,"column":14},"end":{"line":126,"column":54}},"type":"binary-expr","locations":[{"start":{"line":126,"column":14},"end":{"line":126,"column":34}},{"start":{"line":126,"column":38},"end":{"line":126,"column":54}}],"line":126},"2":{"loc":{"start":{"line":133,"column":16},"end":{"line":133,"column":61}},"type":"binary-expr","locations":[{"start":{"line":133,"column":16},"end":{"line":133,"column":36}},{"start":{"line":133,"column":40},"end":{"line":133,"column":61}}],"line":133},"3":{"loc":{"start":{"line":147,"column":9},"end":{"line":215,"column":9}},"type":"binary-expr","locations":[{"start":{"line":147,"column":9},"end":{"line":147,"column":29}},{"start":{"line":148,"column":10},"end":{"line":214,"column":17}}],"line":147},"4":{"loc":{"start":{"line":217,"column":9},"end":{"line":395,"column":9}},"type":"binary-expr","locations":[{"start":{"line":217,"column":9},"end":{"line":217,"column":33}},{"start":{"line":218,"column":10},"end":{"line":394,"column":17}}],"line":217},"5":{"loc":{"start":{"line":397,"column":9},"end":{"line":433,"column":9}},"type":"binary-expr","locations":[{"start":{"line":397,"column":9},"end":{"line":397,"column":33}},{"start":{"line":398,"column":10},"end":{"line":432,"column":17}}],"line":397}},"s":{"0":0,"1":0,"2":0,"3":0,"4":0,"5":0,"6":0,"7":0,"8":0,"9":0,"10":0,"11":0,"12":0,"13":0,"14":0,"15":0,"16":0,"17":0,"18":0,"19":0,"20":0,"21":0,"22":0,"23":0},"f":{"0":0,"1":0,"2":0,"3":0,"4":0,"5":0,"6":0,"7":0,"8":0,"9":0},"b":{"0":[0,0],"1":[0,0],"2":[0,0],"3":[0,0],"4":[0,0],"5":[0,0]}}
,"/Users/myleswebb/Apps/eas/app/app-language.tsx": {"path":"/Users/myleswebb/Apps/eas/app/app-language.tsx","statementMap":{"0":{"start":{"line":25,"column":30},"end":{"line":36,"column":1}},"1":{"start":{"line":39,"column":39},"end":{"line":39,"column":55}},"2":{"start":{"line":41,"column":31},"end":{"line":45,"column":3}},"3":{"start":{"line":42,"column":4},"end":{"line":42,"column":35}},"4":{"start":{"line":43,"column":4},"end":{"line":43,"column":22}},"5":{"start":{"line":44,"column":4},"end":{"line":44,"column":41}},"6":{"start":{"line":44,"column":21},"end":{"line":44,"column":34}},"7":{"start":{"line":47,"column":2},"end":{"line":135,"column":4}},"8":{"start":{"line":60,"column":25},"end":{"line":60,"column":38}},"9":{"start":{"line":95,"column":10},"end":{"line":131,"column":29}},"10":{"start":{"line":97,"column":27},"end":{"line":97,"column":58}},"11":{"start":{"line":138,"column":15},"end":{"line":219,"column":2}}},"fnMap":{"0":{"name":"AppLanguageScreen","decl":{"start":{"line":38,"column":24},"end":{"line":38,"column":41}},"loc":{"start":{"line":38,"column":44},"end":{"line":136,"column":1}},"line":38},"1":{"name":"(anonymous_1)","decl":{"start":{"line":41,"column":31},"end":{"line":41,"column":32}},"loc":{"start":{"line":41,"column":55},"end":{"line":45,"column":3}},"line":41},"2":{"name":"(anonymous_2)","decl":{"start":{"line":44,"column":15},"end":{"line":44,"column":16}},"loc":{"start":{"line":44,"column":21},"end":{"line":44,"column":34}},"line":44},"3":{"name":"(anonymous_3)","decl":{"start":{"line":60,"column":19},"end":{"line":60,"column":20}},"loc":{"start":{"line":60,"column":25},"end":{"line":60,"column":38}},"line":60},"4":{"name":"(anonymous_4)","decl":{"start":{"line":94,"column":23},"end":{"line":94,"column":24}},"loc":{"start":{"line":95,"column":10},"end":{"line":131,"column":29}},"line":95},"5":{"name":"(anonymous_5)","decl":{"start":{"line":97,"column":21},"end":{"line":97,"column":22}},"loc":{"start":{"line":97,"column":27},"end":{"line":97,"column":58}},"line":97}},"branchMap":{"0":{"loc":{"start":{"line":55,"column":34},"end":{"line":55,"column":64}},"type":"cond-expr","locations":[{"start":{"line":55,"column":58},"end":{"line":55,"column":60}},{"start":{"line":55,"column":63},"end":{"line":55,"column":64}}],"line":55},"1":{"loc":{"start":{"line":123,"column":13},"end":{"line":130,"column":13}},"type":"binary-expr","locations":[{"start":{"line":123,"column":13},"end":{"line":123,"column":35}},{"start":{"line":124,"column":14},"end":{"line":129,"column":16}}],"line":123}},"s":{"0":0,"1":0,"2":0,"3":0,"4":0,"5":0,"6":0,"7":0,"8":0,"9":0,"10":0,"11":0},"f":{"0":0,"1":0,"2":0,"3":0,"4":0,"5":0},"b":{"0":[0,0],"1":[0,0]}}
,"/Users/myleswebb/Apps/eas/app/artist-profile.tsx": {"path":"/Users/myleswebb/Apps/eas/app/artist-profile.tsx","statementMap":{"0":{"start":{"line":30,"column":18},"end":{"line":30,"column":42}},"1":{"start":{"line":53,"column":23},"end":{"line":53,"column":75}},"2":{"start":{"line":56,"column":42},"end":{"line":59,"column":4}},"3":{"start":{"line":62,"column":38},"end":{"line":67,"column":4}},"4":{"start":{"line":70,"column":36},"end":{"line":72,"column":4}},"5":{"start":{"line":75,"column":2},"end":{"line":110,"column":4}},"6":{"start":{"line":77,"column":23},"end":{"line":102,"column":7}},"7":{"start":{"line":78,"column":8},"end":{"line":101,"column":9}},"8":{"start":{"line":80,"column":36},"end":{"line":80,"column":78}},"9":{"start":{"line":81,"column":10},"end":{"line":84,"column":11}},"10":{"start":{"line":82,"column":39},"end":{"line":82,"column":88}},"11":{"start":{"line":83,"column":12},"end":{"line":83,"column":48}},"12":{"start":{"line":87,"column":34},"end":{"line":87,"column":74}},"13":{"start":{"line":88,"column":10},"end":{"line":91,"column":11}},"14":{"start":{"line":89,"column":37},"end":{"line":89,"column":82}},"15":{"start":{"line":90,"column":12},"end":{"line":90,"column":44}},"16":{"start":{"line":94,"column":33},"end":{"line":94,"column":72}},"17":{"start":{"line":95,"column":10},"end":{"line":98,"column":11}},"18":{"start":{"line":96,"column":36},"end":{"line":96,"column":79}},"19":{"start":{"line":97,"column":12},"end":{"line":97,"column":42}},"20":{"start":{"line":100,"column":10},"end":{"line":100,"column":52}},"21":{"start":{"line":104,"column":6},"end":{"line":104,"column":17}},"22":{"start":{"line":106,"column":6},"end":{"line":108,"column":8}},"23":{"start":{"line":112,"column":2},"end":{"line":592,"column":4}},"24":{"start":{"line":134,"column":33},"end":{"line":134,"column":46}},"25":{"start":{"line":158,"column":18},"end":{"line":158,"column":74}},"26":{"start":{"line":159,"column":18},"end":{"line":162,"column":21}},"27":{"start":{"line":173,"column":18},"end":{"line":173,"column":73}},"28":{"start":{"line":174,"column":18},"end":{"line":177,"column":21}},"29":{"start":{"line":188,"column":18},"end":{"line":188,"column":74}},"30":{"start":{"line":189,"column":18},"end":{"line":192,"column":21}},"31":{"start":{"line":307,"column":16},"end":{"line":310,"column":19}},"32":{"start":{"line":349,"column":16},"end":{"line":352,"column":19}},"33":{"start":{"line":391,"column":29},"end":{"line":394,"column":16}},"34":{"start":{"line":437,"column":16},"end":{"line":440,"column":19}},"35":{"start":{"line":449,"column":43},"end":{"line":449,"column":53}},"36":{"start":{"line":451,"column":16},"end":{"line":454,"column":23}},"37":{"start":{"line":523,"column":29},"end":{"line":526,"column":16}},"38":{"start":{"line":595,"column":15},"end":{"line":1044,"column":2}}},"fnMap":{"0":{"name":"ArtistProfileScreen","decl":{"start":{"line":51,"column":24},"end":{"line":51,"column":43}},"loc":{"start":{"line":51,"column":46},"end":{"line":593,"column":1}},"line":51},"1":{"name":"(anonymous_1)","decl":{"start":{"line":76,"column":22},"end":{"line":76,"column":23}},"loc":{"start":{"line":76,"column":28},"end":{"line":109,"column":5}},"line":76},"2":{"name":"(anonymous_2)","decl":{"start":{"line":77,"column":23},"end":{"line":77,"column":24}},"loc":{"start":{"line":77,"column":35},"end":{"line":102,"column":7}},"line":77},"3":{"name":"(anonymous_3)","decl":{"start":{"line":106,"column":13},"end":{"line":106,"column":14}},"loc":{"start":{"line":106,"column":19},"end":{"line":108,"column":7}},"line":106},"4":{"name":"(anonymous_4)","decl":{"start":{"line":134,"column":27},"end":{"line":134,"column":28}},"loc":{"start":{"line":134,"column":33},"end":{"line":134,"column":46}},"line":134},"5":{"name":"(anonymous_5)","decl":{"start":{"line":157,"column":25},"end":{"line":157,"column":26}},"loc":{"start":{"line":157,"column":31},"end":{"line":163,"column":17}},"line":157},"6":{"name":"(anonymous_6)","decl":{"start":{"line":172,"column":25},"end":{"line":172,"column":26}},"loc":{"start":{"line":172,"column":31},"end":{"line":178,"column":17}},"line":172},"7":{"name":"(anonymous_7)","decl":{"start":{"line":187,"column":25},"end":{"line":187,"column":26}},"loc":{"start":{"line":187,"column":31},"end":{"line":193,"column":17}},"line":187},"8":{"name":"(anonymous_8)","decl":{"start":{"line":305,"column":23},"end":{"line":305,"column":24}},"loc":{"start":{"line":305,"column":29},"end":{"line":311,"column":15}},"line":305},"9":{"name":"(anonymous_9)","decl":{"start":{"line":347,"column":23},"end":{"line":347,"column":24}},"loc":{"start":{"line":347,"column":29},"end":{"line":353,"column":15}},"line":347},"10":{"name":"(anonymous_10)","decl":{"start":{"line":391,"column":23},"end":{"line":391,"column":24}},"loc":{"start":{"line":391,"column":29},"end":{"line":394,"column":16}},"line":391},"11":{"name":"(anonymous_11)","decl":{"start":{"line":435,"column":23},"end":{"line":435,"column":24}},"loc":{"start":{"line":435,"column":29},"end":{"line":441,"column":15}},"line":435},"12":{"name":"(anonymous_12)","decl":{"start":{"line":449,"column":22},"end":{"line":449,"column":23}},"loc":{"start":{"line":449,"column":43},"end":{"line":449,"column":53}},"line":449},"13":{"name":"(anonymous_13)","decl":{"start":{"line":450,"column":19},"end":{"line":450,"column":20}},"loc":{"start":{"line":451,"column":16},"end":{"line":454,"column":23}},"line":451},"14":{"name":"(anonymous_14)","decl":{"start":{"line":523,"column":23},"end":{"line":523,"column":24}},"loc":{"start":{"line":523,"column":29},"end":{"line":526,"column":16}},"line":523}},"branchMap":{"0":{"loc":{"start":{"line":81,"column":10},"end":{"line":84,"column":11}},"type":"if","locations":[{"start":{"line":81,"column":10},"end":{"line":84,"column":11}},{"start":{},"end":{}}],"line":81},"1":{"loc":{"start":{"line":88,"column":10},"end":{"line":91,"column":11}},"type":"if","locations":[{"start":{"line":88,"column":10},"end":{"line":91,"column":11}},{"start":{},"end":{}}],"line":88},"2":{"loc":{"start":{"line":95,"column":10},"end":{"line":98,"column":11}},"type":"if","locations":[{"start":{"line":95,"column":10},"end":{"line":98,"column":11}},{"start":{},"end":{}}],"line":95},"3":{"loc":{"start":{"line":142,"column":51},"end":{"line":142,"column":67}},"type":"binary-expr","locations":[{"start":{"line":142,"column":51},"end":{"line":142,"column":55}},{"start":{"line":142,"column":59},"end":{"line":142,"column":67}}],"line":142},"4":{"loc":{"start":{"line":321,"column":54},"end":{"line":321,"column":121}},"type":"cond-expr","locations":[{"start":{"line":321,"column":78},"end":{"line":321,"column":97}},{"start":{"line":321,"column":100},"end":{"line":321,"column":121}}],"line":321},"5":{"loc":{"start":{"line":323,"column":19},"end":{"line":323,"column":70}},"type":"cond-expr","locations":[{"start":{"line":323,"column":43},"end":{"line":323,"column":54}},{"start":{"line":323,"column":57},"end":{"line":323,"column":70}}],"line":323},"6":{"loc":{"start":{"line":330,"column":54},"end":{"line":330,"column":121}},"type":"cond-expr","locations":[{"start":{"line":330,"column":78},"end":{"line":330,"column":97}},{"start":{"line":330,"column":100},"end":{"line":330,"column":121}}],"line":330},"7":{"loc":{"start":{"line":332,"column":19},"end":{"line":332,"column":70}},"type":"cond-expr","locations":[{"start":{"line":332,"column":43},"end":{"line":332,"column":54}},{"start":{"line":332,"column":57},"end":{"line":332,"column":70}}],"line":332},"8":{"loc":{"start":{"line":360,"column":13},"end":{"line":364,"column":13}},"type":"binary-expr","locations":[{"start":{"line":360,"column":13},"end":{"line":360,"column":35}},{"start":{"line":361,"column":14},"end":{"line":363,"column":21}}],"line":360},"9":{"loc":{"start":{"line":365,"column":13},"end":{"line":369,"column":13}},"type":"binary-expr","locations":[{"start":{"line":365,"column":13},"end":{"line":365,"column":34}},{"start":{"line":366,"column":14},"end":{"line":368,"column":21}}],"line":365},"10":{"loc":{"start":{"line":370,"column":13},"end":{"line":374,"column":13}},"type":"binary-expr","locations":[{"start":{"line":370,"column":13},"end":{"line":370,"column":32}},{"start":{"line":371,"column":14},"end":{"line":373,"column":21}}],"line":370},"11":{"loc":{"start":{"line":375,"column":13},"end":{"line":379,"column":13}},"type":"binary-expr","locations":[{"start":{"line":375,"column":13},"end":{"line":375,"column":35}},{"start":{"line":376,"column":14},"end":{"line":378,"column":21}}],"line":375},"12":{"loc":{"start":{"line":631,"column":9},"end":{"line":631,"column":40}},"type":"cond-expr","locations":[{"start":{"line":631,"column":33},"end":{"line":631,"column":35}},{"start":{"line":631,"column":38},"end":{"line":631,"column":40}}],"line":631}},"s":{"0":0,"1":0,"2":0,"3":0,"4":0,"5":0,"6":0,"7":0,"8":0,"9":0,"10":0,"11":0,"12":0,"13":0,"14":0,"15":0,"16":0,"17":0,"18":0,"19":0,"20":0,"21":0,"22":0,"23":0,"24":0,"25":0,"26":0,"27":0,"28":0,"29":0,"30":0,"31":0,"32":0,"33":0,"34":0,"35":0,"36":0,"37":0,"38":0},"f":{"0":0,"1":0,"2":0,"3":0,"4":0,"5":0,"6":0,"7":0,"8":0,"9":0,"10":0,"11":0,"12":0,"13":0,"14":0},"b":{"0":[0,0],"1":[0,0],"2":[0,0],"3":[0,0],"4":[0,0],"5":[0,0],"6":[0,0],"7":[0,0],"8":[0,0],"9":[0,0],"10":[0,0],"11":[0,0],"12":[0,0]}}
,"/Users/myleswebb/Apps/eas/app/availability.tsx": {"path":"/Users/myleswebb/Apps/eas/app/availability.tsx","statementMap":{"0":{"start":{"line":24,"column":23},"end":{"line":24,"column":67}},"1":{"start":{"line":27,"column":52},"end":{"line":27,"column":66}},"2":{"start":{"line":28,"column":52},"end":{"line":28,"column":66}},"3":{"start":{"line":31,"column":2},"end":{"line":46,"column":9}},"4":{"start":{"line":32,"column":29},"end":{"line":43,"column":5}},"5":{"start":{"line":33,"column":6},"end":{"line":42,"column":7}},"6":{"start":{"line":34,"column":26},"end":{"line":34,"column":68}},"7":{"start":{"line":35,"column":8},"end":{"line":39,"column":9}},"8":{"start":{"line":36,"column":29},"end":{"line":36,"column":70}},"9":{"start":{"line":37,"column":10},"end":{"line":37,"column":52}},"10":{"start":{"line":38,"column":10},"end":{"line":38,"column":52}},"11":{"start":{"line":41,"column":8},"end":{"line":41,"column":63}},"12":{"start":{"line":45,"column":4},"end":{"line":45,"column":23}},"13":{"start":{"line":49,"column":29},"end":{"line":52,"column":3}},"14":{"start":{"line":50,"column":4},"end":{"line":50,"column":59}},"15":{"start":{"line":51,"column":4},"end":{"line":51,"column":18}},"16":{"start":{"line":55,"column":21},"end":{"line":72,"column":3}},"17":{"start":{"line":56,"column":4},"end":{"line":71,"column":5}},"18":{"start":{"line":58,"column":49},"end":{"line":61,"column":7}},"19":{"start":{"line":63,"column":6},"end":{"line":63,"column":83}},"20":{"start":{"line":64,"column":6},"end":{"line":64,"column":74}},"21":{"start":{"line":67,"column":6},"end":{"line":67,"column":20}},"22":{"start":{"line":69,"column":6},"end":{"line":69,"column":60}},"23":{"start":{"line":70,"column":6},"end":{"line":70,"column":72}},"24":{"start":{"line":74,"column":2},"end":{"line":126,"column":4}},"25":{"start":{"line":82,"column":25},"end":{"line":82,"column":38}},"26":{"start":{"line":102,"column":38},"end":{"line":102,"column":85}},"27":{"start":{"line":117,"column":38},"end":{"line":117,"column":85}},"28":{"start":{"line":129,"column":15},"end":{"line":198,"column":2}}},"fnMap":{"0":{"name":"AvailabilityScreen","decl":{"start":{"line":23,"column":24},"end":{"line":23,"column":42}},"loc":{"start":{"line":23,"column":45},"end":{"line":127,"column":1}},"line":23},"1":{"name":"(anonymous_1)","decl":{"start":{"line":31,"column":12},"end":{"line":31,"column":13}},"loc":{"start":{"line":31,"column":18},"end":{"line":46,"column":3}},"line":31},"2":{"name":"(anonymous_2)","decl":{"start":{"line":32,"column":29},"end":{"line":32,"column":30}},"loc":{"start":{"line":32,"column":41},"end":{"line":43,"column":5}},"line":32},"3":{"name":"(anonymous_3)","decl":{"start":{"line":49,"column":29},"end":{"line":49,"column":30}},"loc":{"start":{"line":49,"column":104},"end":{"line":52,"column":3}},"line":49},"4":{"name":"(anonymous_4)","decl":{"start":{"line":55,"column":21},"end":{"line":55,"column":22}},"loc":{"start":{"line":55,"column":33},"end":{"line":72,"column":3}},"line":55},"5":{"name":"(anonymous_5)","decl":{"start":{"line":82,"column":19},"end":{"line":82,"column":20}},"loc":{"start":{"line":82,"column":25},"end":{"line":82,"column":38}},"line":82},"6":{"name":"(anonymous_6)","decl":{"start":{"line":102,"column":27},"end":{"line":102,"column":28}},"loc":{"start":{"line":102,"column":38},"end":{"line":102,"column":85}},"line":102},"7":{"name":"(anonymous_7)","decl":{"start":{"line":117,"column":27},"end":{"line":117,"column":28}},"loc":{"start":{"line":117,"column":38},"end":{"line":117,"column":85}},"line":117}},"branchMap":{"0":{"loc":{"start":{"line":35,"column":8},"end":{"line":39,"column":9}},"type":"if","locations":[{"start":{"line":35,"column":8},"end":{"line":39,"column":9}},{"start":{},"end":{}}],"line":35},"1":{"loc":{"start":{"line":106,"column":19},"end":{"line":106,"column":82}},"type":"cond-expr","locations":[{"start":{"line":106,"column":43},"end":{"line":106,"column":59}},{"start":{"line":106,"column":62},"end":{"line":106,"column":82}}],"line":106},"2":{"loc":{"start":{"line":121,"column":19},"end":{"line":121,"column":82}},"type":"cond-expr","locations":[{"start":{"line":121,"column":43},"end":{"line":121,"column":59}},{"start":{"line":121,"column":62},"end":{"line":121,"column":82}}],"line":121},"3":{"loc":{"start":{"line":143,"column":16},"end":{"line":143,"column":47}},"type":"cond-expr","locations":[{"start":{"line":143,"column":40},"end":{"line":143,"column":42}},{"start":{"line":143,"column":45},"end":{"line":143,"column":47}}],"line":143}},"s":{"0":0,"1":0,"2":0,"3":0,"4":0,"5":0,"6":0,"7":0,"8":0,"9":0,"10":0,"11":0,"12":0,"13":0,"14":0,"15":0,"16":0,"17":0,"18":0,"19":0,"20":0,"21":0,"22":0,"23":0,"24":0,"25":0,"26":0,"27":0,"28":0},"f":{"0":0,"1":0,"2":0,"3":0,"4":0,"5":0,"6":0,"7":0},"b":{"0":[0,0],"1":[0,0],"2":[0,0],"3":[0,0]}}
,"/Users/myleswebb/Apps/eas/app/band-profile.tsx": {"path":"/Users/myleswebb/Apps/eas/app/band-profile.tsx","statementMap":{"0":{"start":{"line":19,"column":18},"end":{"line":19,"column":42}},"1":{"start":{"line":42,"column":23},"end":{"line":42,"column":75}},"2":{"start":{"line":45,"column":42},"end":{"line":48,"column":4}},"3":{"start":{"line":51,"column":38},"end":{"line":56,"column":4}},"4":{"start":{"line":59,"column":36},"end":{"line":61,"column":4}},"5":{"start":{"line":64,"column":2},"end":{"line":99,"column":4}},"6":{"start":{"line":66,"column":23},"end":{"line":91,"column":7}},"7":{"start":{"line":67,"column":8},"end":{"line":90,"column":9}},"8":{"start":{"line":69,"column":36},"end":{"line":69,"column":78}},"9":{"start":{"line":70,"column":10},"end":{"line":73,"column":11}},"10":{"start":{"line":71,"column":39},"end":{"line":71,"column":88}},"11":{"start":{"line":72,"column":12},"end":{"line":72,"column":48}},"12":{"start":{"line":76,"column":34},"end":{"line":76,"column":74}},"13":{"start":{"line":77,"column":10},"end":{"line":80,"column":11}},"14":{"start":{"line":78,"column":37},"end":{"line":78,"column":82}},"15":{"start":{"line":79,"column":12},"end":{"line":79,"column":44}},"16":{"start":{"line":83,"column":33},"end":{"line":83,"column":72}},"17":{"start":{"line":84,"column":10},"end":{"line":87,"column":11}},"18":{"start":{"line":85,"column":36},"end":{"line":85,"column":79}},"19":{"start":{"line":86,"column":12},"end":{"line":86,"column":42}},"20":{"start":{"line":89,"column":10},"end":{"line":89,"column":52}},"21":{"start":{"line":93,"column":6},"end":{"line":93,"column":17}},"22":{"start":{"line":95,"column":6},"end":{"line":97,"column":8}},"23":{"start":{"line":101,"column":2},"end":{"line":567,"column":4}},"24":{"start":{"line":124,"column":31},"end":{"line":124,"column":44}},"25":{"start":{"line":228,"column":16},"end":{"line":231,"column":19}},"26":{"start":{"line":240,"column":43},"end":{"line":240,"column":53}},"27":{"start":{"line":242,"column":16},"end":{"line":245,"column":23}},"28":{"start":{"line":301,"column":29},"end":{"line":304,"column":16}},"29":{"start":{"line":342,"column":16},"end":{"line":345,"column":19}},"30":{"start":{"line":436,"column":29},"end":{"line":439,"column":16}},"31":{"start":{"line":480,"column":29},"end":{"line":483,"column":16}},"32":{"start":{"line":570,"column":15},"end":{"line":1123,"column":2}}},"fnMap":{"0":{"name":"BandProfileScreen","decl":{"start":{"line":40,"column":24},"end":{"line":40,"column":41}},"loc":{"start":{"line":40,"column":44},"end":{"line":568,"column":1}},"line":40},"1":{"name":"(anonymous_1)","decl":{"start":{"line":65,"column":22},"end":{"line":65,"column":23}},"loc":{"start":{"line":65,"column":28},"end":{"line":98,"column":5}},"line":65},"2":{"name":"(anonymous_2)","decl":{"start":{"line":66,"column":23},"end":{"line":66,"column":24}},"loc":{"start":{"line":66,"column":35},"end":{"line":91,"column":7}},"line":66},"3":{"name":"(anonymous_3)","decl":{"start":{"line":95,"column":13},"end":{"line":95,"column":14}},"loc":{"start":{"line":95,"column":19},"end":{"line":97,"column":7}},"line":95},"4":{"name":"(anonymous_4)","decl":{"start":{"line":124,"column":25},"end":{"line":124,"column":26}},"loc":{"start":{"line":124,"column":31},"end":{"line":124,"column":44}},"line":124},"5":{"name":"(anonymous_5)","decl":{"start":{"line":226,"column":23},"end":{"line":226,"column":24}},"loc":{"start":{"line":226,"column":29},"end":{"line":232,"column":15}},"line":226},"6":{"name":"(anonymous_6)","decl":{"start":{"line":240,"column":22},"end":{"line":240,"column":23}},"loc":{"start":{"line":240,"column":43},"end":{"line":240,"column":53}},"line":240},"7":{"name":"(anonymous_7)","decl":{"start":{"line":241,"column":19},"end":{"line":241,"column":20}},"loc":{"start":{"line":242,"column":16},"end":{"line":245,"column":23}},"line":242},"8":{"name":"(anonymous_8)","decl":{"start":{"line":301,"column":23},"end":{"line":301,"column":24}},"loc":{"start":{"line":301,"column":29},"end":{"line":304,"column":16}},"line":301},"9":{"name":"(anonymous_9)","decl":{"start":{"line":340,"column":23},"end":{"line":340,"column":24}},"loc":{"start":{"line":340,"column":29},"end":{"line":346,"column":15}},"line":340},"10":{"name":"(anonymous_10)","decl":{"start":{"line":436,"column":23},"end":{"line":436,"column":24}},"loc":{"start":{"line":436,"column":29},"end":{"line":439,"column":16}},"line":436},"11":{"name":"(anonymous_11)","decl":{"start":{"line":480,"column":23},"end":{"line":480,"column":24}},"loc":{"start":{"line":480,"column":29},"end":{"line":483,"column":16}},"line":480}},"branchMap":{"0":{"loc":{"start":{"line":70,"column":10},"end":{"line":73,"column":11}},"type":"if","locations":[{"start":{"line":70,"column":10},"end":{"line":73,"column":11}},{"start":{},"end":{}}],"line":70},"1":{"loc":{"start":{"line":77,"column":10},"end":{"line":80,"column":11}},"type":"if","locations":[{"start":{"line":77,"column":10},"end":{"line":80,"column":11}},{"start":{},"end":{}}],"line":77},"2":{"loc":{"start":{"line":84,"column":10},"end":{"line":87,"column":11}},"type":"if","locations":[{"start":{"line":84,"column":10},"end":{"line":87,"column":11}},{"start":{},"end":{}}],"line":84},"3":{"loc":{"start":{"line":314,"column":54},"end":{"line":314,"column":121}},"type":"cond-expr","locations":[{"start":{"line":314,"column":78},"end":{"line":314,"column":97}},{"start":{"line":314,"column":100},"end":{"line":314,"column":121}}],"line":314},"4":{"loc":{"start":{"line":316,"column":19},"end":{"line":316,"column":70}},"type":"cond-expr","locations":[{"start":{"line":316,"column":43},"end":{"line":316,"column":54}},{"start":{"line":316,"column":57},"end":{"line":316,"column":70}}],"line":316},"5":{"loc":{"start":{"line":323,"column":54},"end":{"line":323,"column":121}},"type":"cond-expr","locations":[{"start":{"line":323,"column":78},"end":{"line":323,"column":97}},{"start":{"line":323,"column":100},"end":{"line":323,"column":121}}],"line":323},"6":{"loc":{"start":{"line":325,"column":19},"end":{"line":325,"column":70}},"type":"cond-expr","locations":[{"start":{"line":325,"column":43},"end":{"line":325,"column":54}},{"start":{"line":325,"column":57},"end":{"line":325,"column":70}}],"line":325},"7":{"loc":{"start":{"line":353,"column":13},"end":{"line":357,"column":13}},"type":"binary-expr","locations":[{"start":{"line":353,"column":13},"end":{"line":353,"column":35}},{"start":{"line":354,"column":14},"end":{"line":356,"column":21}}],"line":353},"8":{"loc":{"start":{"line":358,"column":13},"end":{"line":362,"column":13}},"type":"binary-expr","locations":[{"start":{"line":358,"column":13},"end":{"line":358,"column":34}},{"start":{"line":359,"column":14},"end":{"line":361,"column":21}}],"line":358},"9":{"loc":{"start":{"line":363,"column":13},"end":{"line":367,"column":13}},"type":"binary-expr","locations":[{"start":{"line":363,"column":13},"end":{"line":363,"column":32}},{"start":{"line":364,"column":14},"end":{"line":366,"column":21}}],"line":363},"10":{"loc":{"start":{"line":368,"column":13},"end":{"line":372,"column":13}},"type":"binary-expr","locations":[{"start":{"line":368,"column":13},"end":{"line":368,"column":35}},{"start":{"line":369,"column":14},"end":{"line":371,"column":21}}],"line":368},"11":{"loc":{"start":{"line":602,"column":9},"end":{"line":602,"column":40}},"type":"cond-expr","locations":[{"start":{"line":602,"column":33},"end":{"line":602,"column":35}},{"start":{"line":602,"column":38},"end":{"line":602,"column":40}}],"line":602}},"s":{"0":0,"1":0,"2":0,"3":0,"4":0,"5":0,"6":0,"7":0,"8":0,"9":0,"10":0,"11":0,"12":0,"13":0,"14":0,"15":0,"16":0,"17":0,"18":0,"19":0,"20":0,"21":0,"22":0,"23":0,"24":0,"25":0,"26":0,"27":0,"28":0,"29":0,"30":0,"31":0,"32":0},"f":{"0":0,"1":0,"2":0,"3":0,"4":0,"5":0,"6":0,"7":0,"8":0,"9":0,"10":0,"11":0},"b":{"0":[0,0],"1":[0,0],"2":[0,0],"3":[0,0],"4":[0,0],"5":[0,0],"6":[0,0],"7":[0,0],"8":[0,0],"9":[0,0],"10":[0,0],"11":[0,0]}}
,"/Users/myleswebb/Apps/eas/app/boosts.tsx": {"path":"/Users/myleswebb/Apps/eas/app/boosts.tsx","statementMap":{"0":{"start":{"line":9,"column":17},"end":{"line":9,"column":36}},"1":{"start":{"line":10,"column":17},"end":{"line":10,"column":28}},"2":{"start":{"line":11,"column":44},"end":{"line":11,"column":70}},"3":{"start":{"line":14,"column":17},"end":{"line":18,"column":3}},"4":{"start":{"line":20,"column":2},"end":{"line":127,"column":4}},"5":{"start":{"line":38,"column":25},"end":{"line":38,"column":38}},"6":{"start":{"line":83,"column":12},"end":{"line":112,"column":31}},"7":{"start":{"line":89,"column":29},"end":{"line":89,"column":55}},"8":{"start":{"line":130,"column":15},"end":{"line":325,"column":2}}},"fnMap":{"0":{"name":"BoostsScreen","decl":{"start":{"line":8,"column":24},"end":{"line":8,"column":36}},"loc":{"start":{"line":8,"column":39},"end":{"line":128,"column":1}},"line":8},"1":{"name":"(anonymous_1)","decl":{"start":{"line":38,"column":19},"end":{"line":38,"column":20}},"loc":{"start":{"line":38,"column":25},"end":{"line":38,"column":38}},"line":38},"2":{"name":"(anonymous_2)","decl":{"start":{"line":82,"column":22},"end":{"line":82,"column":23}},"loc":{"start":{"line":83,"column":12},"end":{"line":112,"column":31}},"line":83},"3":{"name":"(anonymous_3)","decl":{"start":{"line":89,"column":23},"end":{"line":89,"column":24}},"loc":{"start":{"line":89,"column":29},"end":{"line":89,"column":55}},"line":89}},"branchMap":{"0":{"loc":{"start":{"line":87,"column":16},"end":{"line":87,"column":70}},"type":"binary-expr","locations":[{"start":{"line":87,"column":16},"end":{"line":87,"column":42}},{"start":{"line":87,"column":46},"end":{"line":87,"column":70}}],"line":87},"1":{"loc":{"start":{"line":95,"column":17},"end":{"line":99,"column":17}},"type":"binary-expr","locations":[{"start":{"line":95,"column":17},"end":{"line":95,"column":30}},{"start":{"line":96,"column":18},"end":{"line":98,"column":25}}],"line":95},"2":{"loc":{"start":{"line":105,"column":18},"end":{"line":105,"column":74}},"type":"binary-expr","locations":[{"start":{"line":105,"column":18},"end":{"line":105,"column":44}},{"start":{"line":105,"column":48},"end":{"line":105,"column":74}}],"line":105},"3":{"loc":{"start":{"line":107,"column":19},"end":{"line":109,"column":19}},"type":"binary-expr","locations":[{"start":{"line":107,"column":19},"end":{"line":107,"column":45}},{"start":{"line":108,"column":20},"end":{"line":108,"column":60}}],"line":107},"4":{"loc":{"start":{"line":173,"column":16},"end":{"line":173,"column":65}},"type":"cond-expr","locations":[{"start":{"line":173,"column":40},"end":{"line":173,"column":55}},{"start":{"line":173,"column":58},"end":{"line":173,"column":65}}],"line":173},"5":{"loc":{"start":{"line":210,"column":16},"end":{"line":210,"column":65}},"type":"cond-expr","locations":[{"start":{"line":210,"column":40},"end":{"line":210,"column":55}},{"start":{"line":210,"column":58},"end":{"line":210,"column":65}}],"line":210},"6":{"loc":{"start":{"line":226,"column":16},"end":{"line":226,"column":65}},"type":"cond-expr","locations":[{"start":{"line":226,"column":40},"end":{"line":226,"column":55}},{"start":{"line":226,"column":58},"end":{"line":226,"column":65}}],"line":226}},"s":{"0":0,"1":0,"2":0,"3":0,"4":0,"5":0,"6":0,"7":0,"8":0},"f":{"0":0,"1":0,"2":0,"3":0},"b":{"0":[0,0],"1":[0,0],"2":[0,0],"3":[0,0],"4":[0,0],"5":[0,0],"6":[0,0]}}
,"/Users/myleswebb/Apps/eas/app/change-password.tsx": {"path":"/Users/myleswebb/Apps/eas/app/change-password.tsx","statementMap":{"0":{"start":{"line":18,"column":48},"end":{"line":18,"column":60}},"1":{"start":{"line":19,"column":40},"end":{"line":19,"column":52}},"2":{"start":{"line":20,"column":48},"end":{"line":20,"column":60}},"3":{"start":{"line":22,"column":56},"end":{"line":22,"column":71}},"4":{"start":{"line":23,"column":48},"end":{"line":23,"column":63}},"5":{"start":{"line":24,"column":56},"end":{"line":24,"column":71}},"6":{"start":{"line":26,"column":46},"end":{"line":26,"column":60}},"7":{"start":{"line":27,"column":44},"end":{"line":31,"column":4}},"8":{"start":{"line":34,"column":34},"end":{"line":48,"column":3}},"9":{"start":{"line":35,"column":4},"end":{"line":35,"column":25}},"10":{"start":{"line":38,"column":4},"end":{"line":42,"column":7}},"11":{"start":{"line":45,"column":4},"end":{"line":47,"column":5}},"12":{"start":{"line":46,"column":6},"end":{"line":46,"column":50}},"13":{"start":{"line":51,"column":38},"end":{"line":54,"column":3}},"14":{"start":{"line":52,"column":4},"end":{"line":52,"column":29}},"15":{"start":{"line":53,"column":4},"end":{"line":53,"column":44}},"16":{"start":{"line":56,"column":33},"end":{"line":85,"column":3}},"17":{"start":{"line":58,"column":18},"end":{"line":58,"column":82}},"18":{"start":{"line":59,"column":19},"end":{"line":59,"column":21}},"19":{"start":{"line":62,"column":4},"end":{"line":62,"column":77}},"20":{"start":{"line":65,"column":4},"end":{"line":65,"column":61}},"21":{"start":{"line":68,"column":4},"end":{"line":70,"column":5}},"22":{"start":{"line":68,"column":17},"end":{"line":68,"column":18}},"23":{"start":{"line":69,"column":6},"end":{"line":69,"column":73}},"24":{"start":{"line":73,"column":4},"end":{"line":73,"column":75}},"25":{"start":{"line":73,"column":45},"end":{"line":73,"column":64}},"26":{"start":{"line":75,"column":4},"end":{"line":75,"column":29}},"27":{"start":{"line":76,"column":4},"end":{"line":76,"column":33}},"28":{"start":{"line":79,"column":4},"end":{"line":83,"column":7}},"29":{"start":{"line":84,"column":4},"end":{"line":84,"column":28}},"30":{"start":{"line":87,"column":25},"end":{"line":101,"column":3}},"31":{"start":{"line":89,"column":4},"end":{"line":100,"column":5}},"32":{"start":{"line":95,"column":6},"end":{"line":95,"column":51}},"33":{"start":{"line":96,"column":6},"end":{"line":96,"column":20}},"34":{"start":{"line":99,"column":6},"end":{"line":99,"column":50}},"35":{"start":{"line":103,"column":25},"end":{"line":106,"column":3}},"36":{"start":{"line":105,"column":4},"end":{"line":105,"column":48}},"37":{"start":{"line":108,"column":2},"end":{"line":279,"column":4}},"38":{"start":{"line":119,"column":25},"end":{"line":119,"column":38}},"39":{"start":{"line":142,"column":29},"end":{"line":142,"column":73}},"40":{"start":{"line":170,"column":29},"end":{"line":170,"column":65}},"41":{"start":{"line":239,"column":29},"end":{"line":239,"column":73}},"42":{"start":{"line":282,"column":15},"end":{"line":412,"column":2}}},"fnMap":{"0":{"name":"ChangePasswordScreen","decl":{"start":{"line":17,"column":24},"end":{"line":17,"column":44}},"loc":{"start":{"line":17,"column":47},"end":{"line":280,"column":1}},"line":17},"1":{"name":"(anonymous_1)","decl":{"start":{"line":34,"column":34},"end":{"line":34,"column":35}},"loc":{"start":{"line":34,"column":52},"end":{"line":48,"column":3}},"line":34},"2":{"name":"(anonymous_2)","decl":{"start":{"line":51,"column":38},"end":{"line":51,"column":39}},"loc":{"start":{"line":51,"column":56},"end":{"line":54,"column":3}},"line":51},"3":{"name":"(anonymous_3)","decl":{"start":{"line":56,"column":33},"end":{"line":56,"column":34}},"loc":{"start":{"line":56,"column":39},"end":{"line":85,"column":3}},"line":56},"4":{"name":"(anonymous_4)","decl":{"start":{"line":73,"column":39},"end":{"line":73,"column":40}},"loc":{"start":{"line":73,"column":45},"end":{"line":73,"column":64}},"line":73},"5":{"name":"(anonymous_5)","decl":{"start":{"line":87,"column":25},"end":{"line":87,"column":26}},"loc":{"start":{"line":87,"column":31},"end":{"line":101,"column":3}},"line":87},"6":{"name":"(anonymous_6)","decl":{"start":{"line":103,"column":25},"end":{"line":103,"column":26}},"loc":{"start":{"line":103,"column":31},"end":{"line":106,"column":3}},"line":103},"7":{"name":"(anonymous_7)","decl":{"start":{"line":119,"column":19},"end":{"line":119,"column":20}},"loc":{"start":{"line":119,"column":25},"end":{"line":119,"column":38}},"line":119},"8":{"name":"(anonymous_8)","decl":{"start":{"line":142,"column":23},"end":{"line":142,"column":24}},"loc":{"start":{"line":142,"column":29},"end":{"line":142,"column":73}},"line":142},"9":{"name":"(anonymous_9)","decl":{"start":{"line":170,"column":23},"end":{"line":170,"column":24}},"loc":{"start":{"line":170,"column":29},"end":{"line":170,"column":65}},"line":170},"10":{"name":"(anonymous_10)","decl":{"start":{"line":239,"column":23},"end":{"line":239,"column":24}},"loc":{"start":{"line":239,"column":29},"end":{"line":239,"column":73}},"line":239}},"branchMap":{"0":{"loc":{"start":{"line":45,"column":4},"end":{"line":47,"column":5}},"type":"if","locations":[{"start":{"line":45,"column":4},"end":{"line":47,"column":5}},{"start":{},"end":{}}],"line":45},"1":{"loc":{"start":{"line":89,"column":4},"end":{"line":100,"column":5}},"type":"if","locations":[{"start":{"line":89,"column":4},"end":{"line":100,"column":5}},{"start":{"line":97,"column":11},"end":{"line":100,"column":5}}],"line":89},"2":{"loc":{"start":{"line":89,"column":8},"end":{"line":93,"column":22}},"type":"binary-expr","locations":[{"start":{"line":89,"column":8},"end":{"line":89,"column":23}},{"start":{"line":90,"column":8},"end":{"line":90,"column":28}},{"start":{"line":91,"column":8},"end":{"line":91,"column":31}},{"start":{"line":92,"column":8},"end":{"line":92,"column":27}},{"start":{"line":93,"column":8},"end":{"line":93,"column":22}}],"line":89},"3":{"loc":{"start":{"line":111,"column":16},"end":{"line":111,"column":60}},"type":"cond-expr","locations":[{"start":{"line":111,"column":40},"end":{"line":111,"column":49}},{"start":{"line":111,"column":52},"end":{"line":111,"column":60}}],"line":111},"4":{"loc":{"start":{"line":145,"column":22},"end":{"line":145,"column":61}},"type":"cond-expr","locations":[{"start":{"line":145,"column":44},"end":{"line":145,"column":53}},{"start":{"line":145,"column":56},"end":{"line":145,"column":61}}],"line":145},"5":{"loc":{"start":{"line":173,"column":22},"end":{"line":173,"column":57}},"type":"cond-expr","locations":[{"start":{"line":173,"column":40},"end":{"line":173,"column":49}},{"start":{"line":173,"column":52},"end":{"line":173,"column":57}}],"line":173},"6":{"loc":{"start":{"line":192,"column":14},"end":{"line":192,"column":88}},"type":"cond-expr","locations":[{"start":{"line":192,"column":37},"end":{"line":192,"column":60}},{"start":{"line":192,"column":63},"end":{"line":192,"column":88}}],"line":192},"7":{"loc":{"start":{"line":197,"column":23},"end":{"line":197,"column":103}},"type":"cond-expr","locations":[{"start":{"line":197,"column":46},"end":{"line":197,"column":73}},{"start":{"line":197,"column":76},"end":{"line":197,"column":103}}],"line":197},"8":{"loc":{"start":{"line":203,"column":14},"end":{"line":203,"column":91}},"type":"cond-expr","locations":[{"start":{"line":203,"column":40},"end":{"line":203,"column":63}},{"start":{"line":203,"column":66},"end":{"line":203,"column":91}}],"line":203},"9":{"loc":{"start":{"line":208,"column":23},"end":{"line":208,"column":106}},"type":"cond-expr","locations":[{"start":{"line":208,"column":49},"end":{"line":208,"column":76}},{"start":{"line":208,"column":79},"end":{"line":208,"column":106}}],"line":208},"10":{"loc":{"start":{"line":214,"column":14},"end":{"line":214,"column":87}},"type":"cond-expr","locations":[{"start":{"line":214,"column":36},"end":{"line":214,"column":59}},{"start":{"line":214,"column":62},"end":{"line":214,"column":87}}],"line":214},"11":{"loc":{"start":{"line":219,"column":23},"end":{"line":219,"column":102}},"type":"cond-expr","locations":[{"start":{"line":219,"column":45},"end":{"line":219,"column":72}},{"start":{"line":219,"column":75},"end":{"line":219,"column":102}}],"line":219},"12":{"loc":{"start":{"line":242,"column":22},"end":{"line":242,"column":61}},"type":"cond-expr","locations":[{"start":{"line":242,"column":44},"end":{"line":242,"column":53}},{"start":{"line":242,"column":56},"end":{"line":242,"column":61}}],"line":242},"13":{"loc":{"start":{"line":251,"column":12},"end":{"line":251,"column":70}},"type":"cond-expr","locations":[{"start":{"line":251,"column":49},"end":{"line":251,"column":65}},{"start":{"line":251,"column":68},"end":{"line":251,"column":70}}],"line":251},"14":{"loc":{"start":{"line":251,"column":12},"end":{"line":251,"column":46}},"type":"binary-expr","locations":[{"start":{"line":251,"column":12},"end":{"line":251,"column":27}},{"start":{"line":251,"column":31},"end":{"line":251,"column":46}}],"line":251},"15":{"loc":{"start":{"line":256,"column":21},"end":{"line":256,"column":97}},"type":"cond-expr","locations":[{"start":{"line":256,"column":58},"end":{"line":256,"column":67}},{"start":{"line":256,"column":70},"end":{"line":256,"column":97}}],"line":256},"16":{"loc":{"start":{"line":256,"column":21},"end":{"line":256,"column":55}},"type":"binary-expr","locations":[{"start":{"line":256,"column":21},"end":{"line":256,"column":36}},{"start":{"line":256,"column":40},"end":{"line":256,"column":55}}],"line":256},"17":{"loc":{"start":{"line":257,"column":16},"end":{"line":257,"column":78}},"type":"cond-expr","locations":[{"start":{"line":257,"column":33},"end":{"line":257,"column":52}},{"start":{"line":257,"column":55},"end":{"line":257,"column":78}}],"line":257},"18":{"loc":{"start":{"line":382,"column":19},"end":{"line":382,"column":50}},"type":"cond-expr","locations":[{"start":{"line":382,"column":43},"end":{"line":382,"column":45}},{"start":{"line":382,"column":48},"end":{"line":382,"column":50}}],"line":382}},"s":{"0":0,"1":0,"2":0,"3":0,"4":0,"5":0,"6":0,"7":0,"8":0,"9":0,"10":0,"11":0,"12":0,"13":0,"14":0,"15":0,"16":0,"17":0,"18":0,"19":0,"20":0,"21":0,"22":0,"23":0,"24":0,"25":0,"26":0,"27":0,"28":0,"29":0,"30":0,"31":0,"32":0,"33":0,"34":0,"35":0,"36":0,"37":0,"38":0,"39":0,"40":0,"41":0,"42":0},"f":{"0":0,"1":0,"2":0,"3":0,"4":0,"5":0,"6":0,"7":0,"8":0,"9":0,"10":0},"b":{"0":[0,0],"1":[0,0],"2":[0,0,0,0,0],"3":[0,0],"4":[0,0],"5":[0,0],"6":[0,0],"7":[0,0],"8":[0,0],"9":[0,0],"10":[0,0],"11":[0,0],"12":[0,0],"13":[0,0],"14":[0,0],"15":[0,0],"16":[0,0],"17":[0,0],"18":[0,0]}}
,"/Users/myleswebb/Apps/eas/app/chat-detail.tsx": {"path":"/Users/myleswebb/Apps/eas/app/chat-detail.tsx","statementMap":{"0":{"start":{"line":42,"column":27},"end":{"line":94,"column":1}},"1":{"start":{"line":53,"column":30},"end":{"line":77,"column":3}},"2":{"start":{"line":55,"column":21},"end":{"line":55,"column":101}},"3":{"start":{"line":56,"column":21},"end":{"line":56,"column":87}},"4":{"start":{"line":59,"column":24},"end":{"line":59,"column":84}},"5":{"start":{"line":60,"column":24},"end":{"line":60,"column":110}},"6":{"start":{"line":63,"column":20},"end":{"line":63,"column":65}},"7":{"start":{"line":64,"column":20},"end":{"line":64,"column":86}},"8":{"start":{"line":67,"column":26},"end":{"line":67,"column":96}},"9":{"start":{"line":68,"column":26},"end":{"line":68,"column":103}},"10":{"start":{"line":71,"column":20},"end":{"line":71,"column":76}},"11":{"start":{"line":72,"column":20},"end":{"line":72,"column":87}},"12":{"start":{"line":75,"column":17},"end":{"line":75,"column":98}},"13":{"start":{"line":76,"column":17},"end":{"line":76,"column":84}},"14":{"start":{"line":80,"column":26},"end":{"line":82,"column":16}},"15":{"start":{"line":81,"column":16},"end":{"line":81,"column":35}},"16":{"start":{"line":84,"column":2},"end":{"line":93,"column":6}},"17":{"start":{"line":84,"column":49},"end":{"line":93,"column":3}},"18":{"start":{"line":97,"column":34},"end":{"line":128,"column":1}},"19":{"start":{"line":131,"column":22},"end":{"line":173,"column":1}},"20":{"start":{"line":133,"column":2},"end":{"line":161,"column":3}},"21":{"start":{"line":134,"column":4},"end":{"line":160,"column":6}},"22":{"start":{"line":154,"column":27},"end":{"line":154,"column":58}},"23":{"start":{"line":164,"column":2},"end":{"line":172,"column":4}},"24":{"start":{"line":176,"column":27},"end":{"line":186,"column":1}},"25":{"start":{"line":177,"column":2},"end":{"line":185,"column":21}},"26":{"start":{"line":179,"column":19},"end":{"line":179,"column":38}},"27":{"start":{"line":188,"column":21},"end":{"line":193,"column":1}},"28":{"start":{"line":189,"column":2},"end":{"line":192,"column":8}},"29":{"start":{"line":196,"column":17},"end":{"line":196,"column":39}},"30":{"start":{"line":197,"column":32},"end":{"line":197,"column":44}},"31":{"start":{"line":198,"column":34},"end":{"line":198,"column":57}},"32":{"start":{"line":199,"column":38},"end":{"line":199,"column":52}},"33":{"start":{"line":200,"column":36},"end":{"line":200,"column":59}},"34":{"start":{"line":201,"column":38},"end":{"line":201,"column":63}},"35":{"start":{"line":202,"column":50},"end":{"line":202,"column":69}},"36":{"start":{"line":203,"column":48},"end":{"line":203,"column":63}},"37":{"start":{"line":205,"column":2},"end":{"line":216,"column":9}},"38":{"start":{"line":207,"column":18},"end":{"line":214,"column":5}},"39":{"start":{"line":215,"column":4},"end":{"line":215,"column":25}},"40":{"start":{"line":218,"column":2},"end":{"line":225,"column":30}},"41":{"start":{"line":220,"column":4},"end":{"line":224,"column":5}},"42":{"start":{"line":221,"column":6},"end":{"line":221,"column":46}},"43":{"start":{"line":222,"column":6},"end":{"line":222,"column":31}},"44":{"start":{"line":223,"column":6},"end":{"line":223,"column":27}},"45":{"start":{"line":227,"column":2},"end":{"line":268,"column":52}},"46":{"start":{"line":229,"column":4},"end":{"line":247,"column":5}},"47":{"start":{"line":230,"column":6},"end":{"line":246,"column":7}},"48":{"start":{"line":231,"column":29},"end":{"line":231,"column":74}},"49":{"start":{"line":232,"column":8},"end":{"line":232,"column":42}},"50":{"start":{"line":235,"column":41},"end":{"line":240,"column":9}},"51":{"start":{"line":242,"column":8},"end":{"line":242,"column":56}},"52":{"start":{"line":242,"column":28},"end":{"line":242,"column":54}},"53":{"start":{"line":243,"column":8},"end":{"line":243,"column":29}},"54":{"start":{"line":245,"column":8},"end":{"line":245,"column":59}},"55":{"start":{"line":250,"column":4},"end":{"line":267,"column":5}},"56":{"start":{"line":251,"column":6},"end":{"line":266,"column":7}},"57":{"start":{"line":252,"column":28},"end":{"line":252,"column":68}},"58":{"start":{"line":255,"column":40},"end":{"line":260,"column":9}},"59":{"start":{"line":262,"column":8},"end":{"line":262,"column":55}},"60":{"start":{"line":262,"column":28},"end":{"line":262,"column":53}},"61":{"start":{"line":263,"column":8},"end":{"line":263,"column":29}},"62":{"start":{"line":265,"column":8},"end":{"line":265,"column":58}},"63":{"start":{"line":270,"column":2},"end":{"line":275,"column":19}},"64":{"start":{"line":272,"column":4},"end":{"line":274,"column":5}},"65":{"start":{"line":273,"column":6},"end":{"line":273,"column":34}},"66":{"start":{"line":277,"column":31},"end":{"line":279,"column":3}},"67":{"start":{"line":278,"column":4},"end":{"line":278,"column":22}},"68":{"start":{"line":282,"column":28},"end":{"line":299,"column":3}},"69":{"start":{"line":283,"column":4},"end":{"line":283,"column":38}},"70":{"start":{"line":283,"column":31},"end":{"line":283,"column":38}},"71":{"start":{"line":285,"column":28},"end":{"line":290,"column":5}},"72":{"start":{"line":292,"column":4},"end":{"line":292,"column":39}},"73":{"start":{"line":293,"column":4},"end":{"line":293,"column":19}},"74":{"start":{"line":296,"column":4},"end":{"line":298,"column":5}},"75":{"start":{"line":297,"column":6},"end":{"line":297,"column":27}},"76":{"start":{"line":301,"column":30},"end":{"line":304,"column":3}},"77":{"start":{"line":303,"column":4},"end":{"line":303,"column":38}},"78":{"start":{"line":306,"column":2},"end":{"line":431,"column":4}},"79":{"start":{"line":312,"column":67},"end":{"line":312,"column":80}},"80":{"start":{"line":326,"column":27},"end":{"line":326,"column":56}},"81":{"start":{"line":348,"column":34},"end":{"line":348,"column":41}},"82":{"start":{"line":349,"column":36},"end":{"line":349,"column":68}},"83":{"start":{"line":359,"column":40},"end":{"line":359,"column":47}},"84":{"start":{"line":361,"column":18},"end":{"line":364,"column":20}},"85":{"start":{"line":396,"column":33},"end":{"line":396,"column":64}},"86":{"start":{"line":434,"column":15},"end":{"line":679,"column":2}}},"fnMap":{"0":{"name":"(anonymous_0)","decl":{"start":{"line":42,"column":27},"end":{"line":42,"column":28}},"loc":{"start":{"line":49,"column":18},"end":{"line":94,"column":1}},"line":49},"1":{"name":"(anonymous_1)","decl":{"start":{"line":55,"column":4},"end":{"line":55,"column":5}},"loc":{"start":{"line":55,"column":21},"end":{"line":55,"column":101}},"line":55},"2":{"name":"(anonymous_2)","decl":{"start":{"line":56,"column":4},"end":{"line":56,"column":5}},"loc":{"start":{"line":56,"column":21},"end":{"line":56,"column":87}},"line":56},"3":{"name":"(anonymous_3)","decl":{"start":{"line":59,"column":4},"end":{"line":59,"column":5}},"loc":{"start":{"line":59,"column":24},"end":{"line":59,"column":84}},"line":59},"4":{"name":"(anonymous_4)","decl":{"start":{"line":60,"column":4},"end":{"line":60,"column":5}},"loc":{"start":{"line":60,"column":24},"end":{"line":60,"column":110}},"line":60},"5":{"name":"(anonymous_5)","decl":{"start":{"line":63,"column":4},"end":{"line":63,"column":5}},"loc":{"start":{"line":63,"column":20},"end":{"line":63,"column":65}},"line":63},"6":{"name":"(anonymous_6)","decl":{"start":{"line":64,"column":4},"end":{"line":64,"column":5}},"loc":{"start":{"line":64,"column":20},"end":{"line":64,"column":86}},"line":64},"7":{"name":"(anonymous_7)","decl":{"start":{"line":67,"column":4},"end":{"line":67,"column":5}},"loc":{"start":{"line":67,"column":26},"end":{"line":67,"column":96}},"line":67},"8":{"name":"(anonymous_8)","decl":{"start":{"line":68,"column":4},"end":{"line":68,"column":5}},"loc":{"start":{"line":68,"column":26},"end":{"line":68,"column":103}},"line":68},"9":{"name":"(anonymous_9)","decl":{"start":{"line":71,"column":4},"end":{"line":71,"column":5}},"loc":{"start":{"line":71,"column":20},"end":{"line":71,"column":76}},"line":71},"10":{"name":"(anonymous_10)","decl":{"start":{"line":72,"column":4},"end":{"line":72,"column":5}},"loc":{"start":{"line":72,"column":20},"end":{"line":72,"column":87}},"line":72},"11":{"name":"(anonymous_11)","decl":{"start":{"line":75,"column":4},"end":{"line":75,"column":5}},"loc":{"start":{"line":75,"column":17},"end":{"line":75,"column":98}},"line":75},"12":{"name":"(anonymous_12)","decl":{"start":{"line":76,"column":4},"end":{"line":76,"column":5}},"loc":{"start":{"line":76,"column":17},"end":{"line":76,"column":84}},"line":76},"13":{"name":"(anonymous_13)","decl":{"start":{"line":81,"column":10},"end":{"line":81,"column":11}},"loc":{"start":{"line":81,"column":16},"end":{"line":81,"column":35}},"line":81},"14":{"name":"(anonymous_14)","decl":{"start":{"line":84,"column":29},"end":{"line":84,"column":30}},"loc":{"start":{"line":84,"column":49},"end":{"line":93,"column":3}},"line":84},"15":{"name":"(anonymous_15)","decl":{"start":{"line":131,"column":22},"end":{"line":131,"column":23}},"loc":{"start":{"line":131,"column":61},"end":{"line":173,"column":1}},"line":131},"16":{"name":"(anonymous_16)","decl":{"start":{"line":154,"column":21},"end":{"line":154,"column":22}},"loc":{"start":{"line":154,"column":27},"end":{"line":154,"column":58}},"line":154},"17":{"name":"(anonymous_17)","decl":{"start":{"line":176,"column":27},"end":{"line":176,"column":28}},"loc":{"start":{"line":177,"column":2},"end":{"line":185,"column":21}},"line":177},"18":{"name":"(anonymous_18)","decl":{"start":{"line":179,"column":13},"end":{"line":179,"column":14}},"loc":{"start":{"line":179,"column":19},"end":{"line":179,"column":38}},"line":179},"19":{"name":"(anonymous_19)","decl":{"start":{"line":188,"column":21},"end":{"line":188,"column":22}},"loc":{"start":{"line":189,"column":2},"end":{"line":192,"column":8}},"line":189},"20":{"name":"ChatDetailScreen","decl":{"start":{"line":195,"column":24},"end":{"line":195,"column":40}},"loc":{"start":{"line":195,"column":43},"end":{"line":432,"column":1}},"line":195},"21":{"name":"(anonymous_21)","decl":{"start":{"line":205,"column":12},"end":{"line":205,"column":13}},"loc":{"start":{"line":205,"column":18},"end":{"line":216,"column":3}},"line":205},"22":{"name":"(anonymous_22)","decl":{"start":{"line":218,"column":12},"end":{"line":218,"column":13}},"loc":{"start":{"line":218,"column":18},"end":{"line":225,"column":3}},"line":218},"23":{"name":"(anonymous_23)","decl":{"start":{"line":227,"column":12},"end":{"line":227,"column":13}},"loc":{"start":{"line":227,"column":18},"end":{"line":268,"column":3}},"line":227},"24":{"name":"(anonymous_24)","decl":{"start":{"line":242,"column":20},"end":{"line":242,"column":21}},"loc":{"start":{"line":242,"column":28},"end":{"line":242,"column":54}},"line":242},"25":{"name":"(anonymous_25)","decl":{"start":{"line":262,"column":20},"end":{"line":262,"column":21}},"loc":{"start":{"line":262,"column":28},"end":{"line":262,"column":53}},"line":262},"26":{"name":"(anonymous_26)","decl":{"start":{"line":270,"column":12},"end":{"line":270,"column":13}},"loc":{"start":{"line":270,"column":18},"end":{"line":275,"column":3}},"line":270},"27":{"name":"(anonymous_27)","decl":{"start":{"line":277,"column":31},"end":{"line":277,"column":32}},"loc":{"start":{"line":277,"column":50},"end":{"line":279,"column":3}},"line":277},"28":{"name":"(anonymous_28)","decl":{"start":{"line":282,"column":28},"end":{"line":282,"column":29}},"loc":{"start":{"line":282,"column":34},"end":{"line":299,"column":3}},"line":282},"29":{"name":"(anonymous_29)","decl":{"start":{"line":301,"column":30},"end":{"line":301,"column":31}},"loc":{"start":{"line":301,"column":36},"end":{"line":304,"column":3}},"line":301},"30":{"name":"(anonymous_30)","decl":{"start":{"line":312,"column":61},"end":{"line":312,"column":62}},"loc":{"start":{"line":312,"column":67},"end":{"line":312,"column":80}},"line":312},"31":{"name":"(anonymous_31)","decl":{"start":{"line":326,"column":21},"end":{"line":326,"column":22}},"loc":{"start":{"line":326,"column":27},"end":{"line":326,"column":56}},"line":326},"32":{"name":"(anonymous_32)","decl":{"start":{"line":348,"column":24},"end":{"line":348,"column":25}},"loc":{"start":{"line":348,"column":34},"end":{"line":348,"column":41}},"line":348},"33":{"name":"(anonymous_33)","decl":{"start":{"line":349,"column":22},"end":{"line":349,"column":23}},"loc":{"start":{"line":349,"column":36},"end":{"line":349,"column":68}},"line":349},"34":{"name":"(anonymous_34)","decl":{"start":{"line":359,"column":30},"end":{"line":359,"column":31}},"loc":{"start":{"line":359,"column":40},"end":{"line":359,"column":47}},"line":359},"35":{"name":"(anonymous_35)","decl":{"start":{"line":360,"column":28},"end":{"line":360,"column":29}},"loc":{"start":{"line":361,"column":18},"end":{"line":364,"column":20}},"line":361},"36":{"name":"(anonymous_36)","decl":{"start":{"line":396,"column":27},"end":{"line":396,"column":28}},"loc":{"start":{"line":396,"column":33},"end":{"line":396,"column":64}},"line":396}},"branchMap":{"0":{"loc":{"start":{"line":46,"column":2},"end":{"line":46,"column":41}},"type":"default-arg","locations":[{"start":{"line":46,"column":31},"end":{"line":46,"column":41}}],"line":46},"1":{"loc":{"start":{"line":47,"column":2},"end":{"line":47,"column":44}},"type":"default-arg","locations":[{"start":{"line":47,"column":26},"end":{"line":47,"column":44}}],"line":47},"2":{"loc":{"start":{"line":48,"column":2},"end":{"line":48,"column":63}},"type":"default-arg","locations":[{"start":{"line":48,"column":25},"end":{"line":48,"column":63}}],"line":48},"3":{"loc":{"start":{"line":88,"column":6},"end":{"line":90,"column":29}},"type":"cond-expr","locations":[{"start":{"line":89,"column":10},"end":{"line":89,"column":24}},{"start":{"line":90,"column":10},"end":{"line":90,"column":29}}],"line":88},"4":{"loc":{"start":{"line":133,"column":2},"end":{"line":161,"column":3}},"type":"if","locations":[{"start":{"line":133,"column":2},"end":{"line":161,"column":3}},{"start":{},"end":{}}],"line":133},"5":{"loc":{"start":{"line":167,"column":6},"end":{"line":167,"column":59}},"type":"cond-expr","locations":[{"start":{"line":167,"column":21},"end":{"line":167,"column":37}},{"start":{"line":167,"column":40},"end":{"line":167,"column":59}}],"line":167},"6":{"loc":{"start":{"line":220,"column":4},"end":{"line":224,"column":5}},"type":"if","locations":[{"start":{"line":220,"column":4},"end":{"line":224,"column":5}},{"start":{},"end":{}}],"line":220},"7":{"loc":{"start":{"line":229,"column":4},"end":{"line":247,"column":5}},"type":"if","locations":[{"start":{"line":229,"column":4},"end":{"line":247,"column":5}},{"start":{},"end":{}}],"line":229},"8":{"loc":{"start":{"line":250,"column":4},"end":{"line":267,"column":5}},"type":"if","locations":[{"start":{"line":250,"column":4},"end":{"line":267,"column":5}},{"start":{},"end":{}}],"line":250},"9":{"loc":{"start":{"line":272,"column":4},"end":{"line":274,"column":5}},"type":"if","locations":[{"start":{"line":272,"column":4},"end":{"line":274,"column":5}},{"start":{},"end":{}}],"line":272},"10":{"loc":{"start":{"line":283,"column":4},"end":{"line":283,"column":38}},"type":"if","locations":[{"start":{"line":283,"column":4},"end":{"line":283,"column":38}},{"start":{},"end":{}}],"line":283},"11":{"loc":{"start":{"line":296,"column":4},"end":{"line":298,"column":5}},"type":"if","locations":[{"start":{"line":296,"column":4},"end":{"line":298,"column":5}},{"start":{},"end":{}}],"line":296},"12":{"loc":{"start":{"line":334,"column":7},"end":{"line":338,"column":7}},"type":"binary-expr","locations":[{"start":{"line":334,"column":7},"end":{"line":334,"column":17}},{"start":{"line":335,"column":8},"end":{"line":337,"column":15}}],"line":334},"13":{"loc":{"start":{"line":342,"column":18},"end":{"line":342,"column":62}},"type":"cond-expr","locations":[{"start":{"line":342,"column":42},"end":{"line":342,"column":51}},{"start":{"line":342,"column":54},"end":{"line":342,"column":62}}],"line":342},"14":{"loc":{"start":{"line":353,"column":12},"end":{"line":353,"column":66}},"type":"binary-expr","locations":[{"start":{"line":353,"column":12},"end":{"line":353,"column":33}},{"start":{"line":353,"column":37},"end":{"line":353,"column":66}}],"line":353},"15":{"loc":{"start":{"line":355,"column":30},"end":{"line":375,"column":18}},"type":"cond-expr","locations":[{"start":{"line":356,"column":12},"end":{"line":374,"column":19}},{"start":{"line":375,"column":14},"end":{"line":375,"column":18}}],"line":355},"16":{"loc":{"start":{"line":376,"column":31},"end":{"line":402,"column":18}},"type":"cond-expr","locations":[{"start":{"line":377,"column":12},"end":{"line":401,"column":19}},{"start":{"line":402,"column":14},"end":{"line":402,"column":18}}],"line":376},"17":{"loc":{"start":{"line":412,"column":49},"end":{"line":412,"column":82}},"type":"cond-expr","locations":[{"start":{"line":412,"column":77},"end":{"line":412,"column":78}},{"start":{"line":412,"column":81},"end":{"line":412,"column":82}}],"line":412},"18":{"loc":{"start":{"line":420,"column":11},"end":{"line":427,"column":11}},"type":"binary-expr","locations":[{"start":{"line":420,"column":11},"end":{"line":420,"column":36}},{"start":{"line":421,"column":12},"end":{"line":426,"column":31}}],"line":420}},"s":{"0":0,"1":0,"2":0,"3":0,"4":0,"5":0,"6":0,"7":0,"8":0,"9":0,"10":0,"11":0,"12":0,"13":0,"14":0,"15":0,"16":0,"17":0,"18":0,"19":0,"20":0,"21":0,"22":0,"23":0,"24":0,"25":0,"26":0,"27":0,"28":0,"29":0,"30":0,"31":0,"32":0,"33":0,"34":0,"35":0,"36":0,"37":0,"38":0,"39":0,"40":0,"41":0,"42":0,"43":0,"44":0,"45":0,"46":0,"47":0,"48":0,"49":0,"50":0,"51":0,"52":0,"53":0,"54":0,"55":0,"56":0,"57":0,"58":0,"59":0,"60":0,"61":0,"62":0,"63":0,"64":0,"65":0,"66":0,"67":0,"68":0,"69":0,"70":0,"71":0,"72":0,"73":0,"74":0,"75":0,"76":0,"77":0,"78":0,"79":0,"80":0,"81":0,"82":0,"83":0,"84":0,"85":0,"86":0},"f":{"0":0,"1":0,"2":0,"3":0,"4":0,"5":0,"6":0,"7":0,"8":0,"9":0,"10":0,"11":0,"12":0,"13":0,"14":0,"15":0,"16":0,"17":0,"18":0,"19":0,"20":0,"21":0,"22":0,"23":0,"24":0,"25":0,"26":0,"27":0,"28":0,"29":0,"30":0,"31":0,"32":0,"33":0,"34":0,"35":0,"36":0},"b":{"0":[0],"1":[0],"2":[0],"3":[0,0],"4":[0,0],"5":[0,0],"6":[0,0],"7":[0,0],"8":[0,0],"9":[0,0],"10":[0,0],"11":[0,0],"12":[0,0],"13":[0,0],"14":[0,0],"15":[0,0],"16":[0,0],"17":[0,0],"18":[0,0]}}
,"/Users/myleswebb/Apps/eas/app/chat-settings.tsx": {"path":"/Users/myleswebb/Apps/eas/app/chat-settings.tsx","statementMap":{"0":{"start":{"line":23,"column":18},"end":{"line":38,"column":1}},"1":{"start":{"line":24,"column":2},"end":{"line":37,"column":21}},"2":{"start":{"line":40,"column":20},"end":{"line":44,"column":1}},"3":{"start":{"line":41,"column":2},"end":{"line":43,"column":21}},"4":{"start":{"line":46,"column":22},"end":{"line":82,"column":1}},"5":{"start":{"line":63,"column":2},"end":{"line":81,"column":9}},"6":{"start":{"line":84,"column":19},"end":{"line":112,"column":1}},"7":{"start":{"line":97,"column":2},"end":{"line":111,"column":21}},"8":{"start":{"line":115,"column":40},"end":{"line":120,"column":4}},"9":{"start":{"line":122,"column":34},"end":{"line":135,"column":4}},"10":{"start":{"line":137,"column":54},"end":{"line":137,"column":69}},"11":{"start":{"line":138,"column":54},"end":{"line":138,"column":69}},"12":{"start":{"line":140,"column":24},"end":{"line":145,"column":3}},"13":{"start":{"line":141,"column":4},"end":{"line":144,"column":8}},"14":{"start":{"line":141,"column":25},"end":{"line":144,"column":5}},"15":{"start":{"line":147,"column":27},"end":{"line":152,"column":3}},"16":{"start":{"line":148,"column":4},"end":{"line":151,"column":8}},"17":{"start":{"line":148,"column":28},"end":{"line":151,"column":5}},"18":{"start":{"line":154,"column":28},"end":{"line":158,"column":3}},"19":{"start":{"line":156,"column":4},"end":{"line":156,"column":33}},"20":{"start":{"line":160,"column":31},"end":{"line":164,"column":3}},"21":{"start":{"line":162,"column":4},"end":{"line":162,"column":33}},"22":{"start":{"line":166,"column":2},"end":{"line":407,"column":4}},"23":{"start":{"line":178,"column":68},"end":{"line":178,"column":81}},"24":{"start":{"line":195,"column":29},"end":{"line":195,"column":54}},"25":{"start":{"line":200,"column":29},"end":{"line":200,"column":53}},"26":{"start":{"line":205,"column":29},"end":{"line":205,"column":53}},"27":{"start":{"line":210,"column":29},"end":{"line":210,"column":53}},"28":{"start":{"line":238,"column":33},"end":{"line":238,"column":64}},"29":{"start":{"line":261,"column":33},"end":{"line":261,"column":60}},"30":{"start":{"line":269,"column":33},"end":{"line":269,"column":60}},"31":{"start":{"line":277,"column":33},"end":{"line":277,"column":62}},"32":{"start":{"line":285,"column":33},"end":{"line":285,"column":66}},"33":{"start":{"line":294,"column":33},"end":{"line":294,"column":70}},"34":{"start":{"line":303,"column":33},"end":{"line":303,"column":62}},"35":{"start":{"line":312,"column":33},"end":{"line":312,"column":64}},"36":{"start":{"line":320,"column":33},"end":{"line":320,"column":63}},"37":{"start":{"line":333,"column":33},"end":{"line":333,"column":58}},"38":{"start":{"line":342,"column":27},"end":{"line":342,"column":48}},"39":{"start":{"line":352,"column":27},"end":{"line":352,"column":54}},"40":{"start":{"line":368,"column":33},"end":{"line":368,"column":63}},"41":{"start":{"line":374,"column":27},"end":{"line":374,"column":54}},"42":{"start":{"line":396,"column":23},"end":{"line":396,"column":51}},"43":{"start":{"line":403,"column":23},"end":{"line":403,"column":51}},"44":{"start":{"line":410,"column":15},"end":{"line":599,"column":2}}},"fnMap":{"0":{"name":"(anonymous_0)","decl":{"start":{"line":23,"column":18},"end":{"line":23,"column":19}},"loc":{"start":{"line":24,"column":2},"end":{"line":37,"column":21}},"line":24},"1":{"name":"(anonymous_1)","decl":{"start":{"line":40,"column":20},"end":{"line":40,"column":21}},"loc":{"start":{"line":41,"column":2},"end":{"line":43,"column":21}},"line":41},"2":{"name":"(anonymous_2)","decl":{"start":{"line":46,"column":22},"end":{"line":46,"column":23}},"loc":{"start":{"line":63,"column":2},"end":{"line":81,"column":9}},"line":63},"3":{"name":"(anonymous_3)","decl":{"start":{"line":84,"column":19},"end":{"line":84,"column":20}},"loc":{"start":{"line":97,"column":2},"end":{"line":111,"column":21}},"line":97},"4":{"name":"ChatSettingsScreen","decl":{"start":{"line":114,"column":24},"end":{"line":114,"column":42}},"loc":{"start":{"line":114,"column":45},"end":{"line":408,"column":1}},"line":114},"5":{"name":"(anonymous_5)","decl":{"start":{"line":140,"column":24},"end":{"line":140,"column":25}},"loc":{"start":{"line":140,"column":60},"end":{"line":145,"column":3}},"line":140},"6":{"name":"(anonymous_6)","decl":{"start":{"line":141,"column":16},"end":{"line":141,"column":17}},"loc":{"start":{"line":141,"column":25},"end":{"line":144,"column":5}},"line":141},"7":{"name":"(anonymous_7)","decl":{"start":{"line":147,"column":27},"end":{"line":147,"column":28}},"loc":{"start":{"line":147,"column":64},"end":{"line":152,"column":3}},"line":147},"8":{"name":"(anonymous_8)","decl":{"start":{"line":148,"column":19},"end":{"line":148,"column":20}},"loc":{"start":{"line":148,"column":28},"end":{"line":151,"column":5}},"line":148},"9":{"name":"(anonymous_9)","decl":{"start":{"line":154,"column":28},"end":{"line":154,"column":29}},"loc":{"start":{"line":154,"column":34},"end":{"line":158,"column":3}},"line":154},"10":{"name":"(anonymous_10)","decl":{"start":{"line":160,"column":31},"end":{"line":160,"column":32}},"loc":{"start":{"line":160,"column":37},"end":{"line":164,"column":3}},"line":160},"11":{"name":"(anonymous_11)","decl":{"start":{"line":178,"column":62},"end":{"line":178,"column":63}},"loc":{"start":{"line":178,"column":68},"end":{"line":178,"column":81}},"line":178},"12":{"name":"(anonymous_12)","decl":{"start":{"line":195,"column":23},"end":{"line":195,"column":24}},"loc":{"start":{"line":195,"column":29},"end":{"line":195,"column":54}},"line":195},"13":{"name":"(anonymous_13)","decl":{"start":{"line":200,"column":23},"end":{"line":200,"column":24}},"loc":{"start":{"line":200,"column":29},"end":{"line":200,"column":53}},"line":200},"14":{"name":"(anonymous_14)","decl":{"start":{"line":205,"column":23},"end":{"line":205,"column":24}},"loc":{"start":{"line":205,"column":29},"end":{"line":205,"column":53}},"line":205},"15":{"name":"(anonymous_15)","decl":{"start":{"line":210,"column":23},"end":{"line":210,"column":24}},"loc":{"start":{"line":210,"column":29},"end":{"line":210,"column":53}},"line":210},"16":{"name":"(anonymous_16)","decl":{"start":{"line":223,"column":47},"end":{"line":223,"column":48}},"loc":{"start":{"line":223,"column":53},"end":{"line":223,"column":55}},"line":223},"17":{"name":"(anonymous_17)","decl":{"start":{"line":224,"column":55},"end":{"line":224,"column":56}},"loc":{"start":{"line":224,"column":61},"end":{"line":224,"column":63}},"line":224},"18":{"name":"(anonymous_18)","decl":{"start":{"line":225,"column":55},"end":{"line":225,"column":56}},"loc":{"start":{"line":225,"column":61},"end":{"line":225,"column":63}},"line":225},"19":{"name":"(anonymous_19)","decl":{"start":{"line":226,"column":46},"end":{"line":226,"column":47}},"loc":{"start":{"line":226,"column":52},"end":{"line":226,"column":54}},"line":226},"20":{"name":"(anonymous_20)","decl":{"start":{"line":238,"column":27},"end":{"line":238,"column":28}},"loc":{"start":{"line":238,"column":33},"end":{"line":238,"column":64}},"line":238},"21":{"name":"(anonymous_21)","decl":{"start":{"line":242,"column":63},"end":{"line":242,"column":64}},"loc":{"start":{"line":242,"column":69},"end":{"line":242,"column":71}},"line":242},"22":{"name":"(anonymous_22)","decl":{"start":{"line":261,"column":27},"end":{"line":261,"column":28}},"loc":{"start":{"line":261,"column":33},"end":{"line":261,"column":60}},"line":261},"23":{"name":"(anonymous_23)","decl":{"start":{"line":269,"column":27},"end":{"line":269,"column":28}},"loc":{"start":{"line":269,"column
[...]
mn":26}},"19":{"start":{"line":50,"column":26},"end":{"line":50,"column":28}},"20":{"start":{"line":53,"column":2},"end":{"line":176,"column":3}},"21":{"start":{"line":53,"column":15},"end":{"line":53,"column":16}},"22":{"start":{"line":54,"column":15},"end":{"line":54,"column":30}},"23":{"start":{"line":57,"column":4},"end":{"line":66,"column":5}},"24":{"start":{"line":58,"column":6},"end":{"line":64,"column":7}},"25":{"start":{"line":59,"column":8},"end":{"line":59,"column":27}},"26":{"start":{"line":60,"column":8},"end":{"line":60,"column":25}},"27":{"start":{"line":62,"column":8},"end":{"line":62,"column":57}},"28":{"start":{"line":63,"column":8},"end":{"line":63,"column":28}},"29":{"start":{"line":65,"column":6},"end":{"line":65,"column":15}},"30":{"start":{"line":68,"column":4},"end":{"line":71,"column":5}},"31":{"start":{"line":69,"column":6},"end":{"line":69,"column":54}},"32":{"start":{"line":70,"column":6},"end":{"line":70,"column":15}},"33":{"start":{"line":74,"column":4},"end":{"line":89,"column":5}},"34":{"start":{"line":75,"column":6},"end":{"line":80,"column":7}},"35":{"start":{"line":76,"column":8},"end":{"line":76,"column":28}},"36":{"start":{"line":77,"column":8},"end":{"line":77,"column":46}},"37":{"start":{"line":79,"column":8},"end":{"line":79,"column":53}},"38":{"start":{"line":83,"column":6},"end":{"line":86,"column":7}},"39":{"start":{"line":84,"column":8},"end":{"line":84,"column":87}},"40":{"start":{"line":85,"column":8},"end":{"line":85,"column":29}},"41":{"start":{"line":88,"column":6},"end":{"line":88,"column":15}},"42":{"start":{"line":92,"column":4},"end":{"line":95,"column":5}},"43":{"start":{"line":93,"column":6},"end":{"line":93,"column":85}},"44":{"start":{"line":94,"column":6},"end":{"line":94,"column":27}},"45":{"start":{"line":98,"column":4},"end":{"line":109,"column":5}},"46":{"start":{"line":100,"column":6},"end":{"line":103,"column":7}},"47":{"start":{"line":101,"column":8},"end":{"line":101,"column":24}},"48":{"start":{"line":102,"column":8},"end":{"line":102,"column":30}},"49":{"start":{"line":104,"column":6},"end":{"line":107,"column":7}},"50":{"start":{"line":105,"column":8},"end":{"line":105,"column":24}},"51":{"start":{"line":106,"column":8},"end":{"line":106,"column":32}},"52":{"start":{"line":108,"column":6},"end":{"line":108,"column":15}},"53":{"start":{"line":112,"column":4},"end":{"line":115,"column":5}},"54":{"start":{"line":113,"column":6},"end":{"line":113,"column":69}},"55":{"start":{"line":114,"column":6},"end":{"line":114,"column":15}},"56":{"start":{"line":116,"column":4},"end":{"line":119,"column":5}},"57":{"start":{"line":117,"column":6},"end":{"line":117,"column":69}},"58":{"start":{"line":118,"column":6},"end":{"line":118,"column":15}},"59":{"start":{"line":120,"column":4},"end":{"line":123,"column":5}},"60":{"start":{"line":121,"column":6},"end":{"line":121,"column":69}},"61":{"start":{"line":122,"column":6},"end":{"line":122,"column":15}},"62":{"start":{"line":126,"column":4},"end":{"line":151,"column":5}},"63":{"start":{"line":127,"column":21},"end":{"line":127,"column":38}},"64":{"start":{"line":128,"column":22},"end":{"line":128,"column":59}},"65":{"start":{"line":130,"column":6},"end":{"line":133,"column":7}},"66":{"start":{"line":131,"column":8},"end":{"line":131,"column":23}},"67":{"start":{"line":132,"column":8},"end":{"line":132,"column":31}},"68":{"start":{"line":136,"column":6},"end":{"line":141,"column":7}},"69":{"start":{"line":137,"column":8},"end":{"line":137,"column":33}},"70":{"start":{"line":138,"column":8},"end":{"line":138,"column":80}},"71":{"start":{"line":140,"column":8},"end":{"line":140,"column":66}},"72":{"start":{"line":144,"column":6},"end":{"line":148,"column":7}},"73":{"start":{"line":146,"column":8},"end":{"line":146,"column":24}},"74":{"start":{"line":147,"column":8},"end":{"line":147,"column":32}},"75":{"start":{"line":150,"column":6},"end":{"line":150,"column":15}},"76":{"start":{"line":154,"column":4},"end":{"line":170,"column":5}},"77":{"start":{"line":155,"column":6},"end":{"line":158,"column":7}},"78":{"start":{"line":156,"column":8},"end":{"line":156,"column":23}},"79":{"start":{"line":157,"column":8},"end":{"line":157,"column":29}},"80":{"start":{"line":160,"column":22},"end":{"line":160,"column":59}},"81":{"start":{"line":161,"column":6},"end":{"line":161,"column":64}},"82":{"start":{"line":164,"column":6},"end":{"line":167,"column":7}},"83":{"start":{"line":165,"column":8},"end":{"line":165,"column":24}},"84":{"start":{"line":166,"column":8},"end":{"line":166,"column":30}},"85":{"start":{"line":169,"column":6},"end":{"line":169,"column":15}},"86":{"start":{"line":173,"column":4},"end":{"line":175,"column":5}},"87":{"start":{"line":174,"column":6},"end":{"line":174,"column":54}},"88":{"start":{"line":179,"column":2},"end":{"line":181,"column":3}},"89":{"start":{"line":180,"column":4},"end":{"line":180,"column":53}},"90":{"start":{"line":184,"column":2},"end":{"line":186,"column":3}},"91":{"start":{"line":185,"column":4},"end":{"line":185,"column":83}},"92":{"start":{"line":189,"column":2},"end":{"line":191,"column":3}},"93":{"start":{"line":190,"column":4},"end":{"line":190,"column":20}},"94":{"start":{"line":192,"column":2},"end":{"line":194,"column":3}},"95":{"start":{"line":193,"column":4},"end":{"line":193,"column":20}},"96":{"start":{"line":196,"column":2},"end":{"line":196,"column":14}}},"fnMap":{"0":{"name":"convertMarkdownToHtml","decl":{"start":{"line":6,"column":16},"end":{"line":6,"column":37}},"loc":{"start":{"line":6,"column":64},"end":{"line":197,"column":1}},"line":6},"1":{"name":"(anonymous_1)","decl":{"start":{"line":8,"column":23},"end":{"line":8,"column":24}},"loc":{"start":{"line":8,"column":49},"end":{"line":14,"column":3}},"line":8},"2":{"name":"(anonymous_2)","decl":{"start":{"line":17,"column":32},"end":{"line":17,"column":33}},"loc":{"start":{"line":17,"column":58},"end":{"line":37,"column":3}},"line":17},"3":{"name":"(anonymous_3)","decl":{"start":{"line":28,"column":52},"end":{"line":28,"column":53}},"loc":{"start":{"line":28,"column":74},"end":{"line":34,"column":5}},"line":28}},"branchMap":{"0":{"loc":{"start":{"line":30,"column":6},"end":{"line":32,"column":7}},"type":"if","locations":[{"start":{"line":30,"column":6},"end":{"line":32,"column":7}},{"start":{},"end":{}}],"line":30},"1":{"loc":{"start":{"line":57,"column":4},"end":{"line":66,"column":5}},"type":"if","locations":[{"start":{"line":57,"column":4},"end":{"line":66,"column":5}},{"start":{},"end":{}}],"line":57},"2":{"loc":{"start":{"line":58,"column":6},"end":{"line":64,"column":7}},"type":"if","locations":[{"start":{"line":58,"column":6},"end":{"line":64,"column":7}},{"start":{"line":61,"column":13},"end":{"line":64,"column":7}}],"line":58},"3":{"loc":{"start":{"line":68,"column":4},"end":{"line":71,"column":5}},"type":"if","locations":[{"start":{"line":68,"column":4},"end":{"line":71,"column":5}},{"start":{},"end":{}}],"line":68},"4":{"loc":{"start":{"line":69,"column":22},"end":{"line":69,"column":45}},"type":"cond-expr","locations":[{"start":{"line":69,"column":36},"end":{"line":69,"column":40}},{"start":{"line":69,"column":43},"end":{"line":69,"column":45}}],"line":69},"5":{"loc":{"start":{"line":74,"column":4},"end":{"line":89,"column":5}},"type":"if","locations":[{"start":{"line":74,"column":4},"end":{"line":89,"column":5}},{"start":{},"end":{}}],"line":74},"6":{"loc":{"start":{"line":75,"column":6},"end":{"line":80,"column":7}},"type":"if","locations":[{"start":{"line":75,"column":6},"end":{"line":80,"column":7}},{"start":{"line":78,"column":13},"end":{"line":80,"column":7}}],"line":75},"7":{"loc":{"start":{"line":83,"column":6},"end":{"line":86,"column":7}},"type":"if","locations":[{"start":{"line":83,"column":6},"end":{"line":86,"column":7}},{"start":{},"end":{}}],"line":83},"8":{"loc":{"start":{"line":83,"column":10},"end":{"line":83,"column":73}},"type":"binary-expr","locations":[{"start":{"line":83,"column":10},"end":{"line":83,"column":32}},{"start":{"line":83,"column":36},"end":{"line":83,"column":73}}],"line":83},"9":{"loc":{"start":{"line":92,"column":4},"end":{"line":95,"column":5}},"type":"if","locations":[{"start":{"line":92,"column":4},"end":{"line":95,"column":5}},{"start":{},"end":{}}],"line":92},"10":{"loc":{"start":{"line":92,"column":8},"end":{"line":92,"column":46}},"type":"binary-expr","locations":[{"start":{"line":92,"column":8},"end":{"line":92,"column":20}},{"start":{"line":92,"column":24},"end":{"line":92,"column":46}}],"line":92},"11":{"loc":{"start":{"line":98,"column":4},"end":{"line":109,"column":5}},"type":"if","locations":[{"start":{"line":98,"column":4},"end":{"line":109,"column":5}},{"start":{},"end":{}}],"line":98},"12":{"loc":{"start":{"line":98,"column":8},"end":{"line":98,"column":43}},"type":"binary-expr","locations":[{"start":{"line":98,"column":8},"end":{"line":98,"column":19}},{"start":{"line":98,"column":23},"end":{"line":98,"column":43}}],"line":98},"13":{"loc":{"start":{"line":100,"column":6},"end":{"line":103,"column":7}},"type":"if","locations":[{"start":{"line":100,"column":6},"end":{"line":103,"column":7}},{"start":{},"end":{}}],"line":100},"14":{"loc":{"start":{"line":104,"column":6},"end":{"line":107,"column":7}},"type":"if","locations":[{"start":{"line":104,"column":6},"end":{"line":107,"column":7}},{"start":{},"end":{}}],"line":104},"15":{"loc":{"start":{"line":112,"column":4},"end":{"line":115,"column":5}},"type":"if","locations":[{"start":{"line":112,"column":4},"end":{"line":115,"column":5}},{"start":{},"end":{}}],"line":112},"16":{"loc":{"start":{"line":116,"column":4},"end":{"line":119,"column":5}},"type":"if","locations":[{"start":{"line":116,"column":4},"end":{"line":119,"column":5}},{"start":{},"end":{}}],"line":116},"17":{"loc":{"start":{"line":120,"column":4},"end":{"line":123,"column":5}},"type":"if","locations":[{"start":{"line":120,"column":4},"end":{"line":123,"column":5}},{"start":{},"end":{}}],"line":120},"18":{"loc":{"start":{"line":126,"column":4},"end":{"line":151,"column":5}},"type":"if","locations":[{"start":{"line":126,"column":4},"end":{"line":151,"column":5}},{"start":{},"end":{}}],"line":126},"19":{"loc":{"start":{"line":126,"column":8},"end":{"line":126,"column":54}},"type":"binary-expr","locations":[{"start":{"line":126,"column":8},"end":{"line":126,"column":29}},{"start":{"line":126,"column":33},"end":{"line":126,"column":54}}],"line":126},"20":{"loc":{"start":{"line":130,"column":6},"end":{"line":133,"column":7}},"type":"if","locations":[{"start":{"line":130,"column":6},"end":{"line":133,"column":7}},{"start":{},"end":{}}],"line":130},"21":{"loc":{"start":{"line":136,"column":6},"end":{"line":141,"column":7}},"type":"if","locations":[{"start":{"line":136,"column":6},"end":{"line":141,"column":7}},{"start":{"line":139,"column":13},"end":{"line":141,"column":7}}],"line":136},"22":{"loc":{"start":{"line":144,"column":6},"end":{"line":148,"column":7}},"type":"if","locations":[{"start":{"line":144,"column":6},"end":{"line":148,"column":7}},{"start":{},"end":{}}],"line":144},"23":{"loc":{"start":{"line":144,"column":10},"end":{"line":145,"column":89}},"type":"binary-expr","locations":[{"start":{"line":144,"column":10},"end":{"line":144,"column":32}},{"start":{"line":145,"column":10},"end":{"line":145,"column":89}}],"line":144},"24":{"loc":{"start":{"line":145,"column":12},"end":{"line":145,"column":88}},"type":"binary-expr","locations":[{"start":{"line":145,"column":12},"end":{"line":145,"column":48}},{"start":{"line":145,"column":52},"end":{"line":145,"column":88}}],"line":145},"25":{"loc":{"start":{"line":154,"column":4},"end":{"line":170,"column":5}},"type":"if","locations":[{"start":{"line":154,"column":4},"end":{"line":170,"column":5}},{"start":{},"end":{}}],"line":154},"26":{"loc":{"start":{"line":155,"column":6},"end":{"line":158,"column":7}},"type":"if","locations":[{"start":{"line":155,"column":6},"end":{"line":158,"column":7}},{"start":{},"end":{}}],"line":155},"27":{"loc":{"start":{"line":164,"column":6},"end":{"line":167,"column":7}},"type":"if","locations":[{"start":{"line":164,"column":6},"end":{"line":167,"column":7}},{"start":{},"end":{}}],"line":164},"28":{"loc":{"start":{"line":164,"column":10},"end":{"line":164,"column":66}},"type":"binary-expr","locations":[{"start":{"line":164,"column":10},"end":{"line":164,"column":32}},{"start":{"line":164,"column":36},"end":{"line":164,"column":66}}],"line":164},"29":{"loc":{"start":{"line":173,"column":4},"end":{"line":175,"column":5}},"type":"if","locations":[{"start":{"line":173,"column":4},"end":{"line":175,"column":5}},{"start":{},"end":{}}],"line":173},"30":{"loc":{"start":{"line":179,"column":2},"end":{"line":181,"column":3}},"type":"if","locations":[{"start":{"line":179,"column":2},"end":{"line":181,"column":3}},{"start":{},"end":{}}],"line":179},"31":{"loc":{"start":{"line":184,"column":2},"end":{"line":186,"column":3}},"type":"if","locations":[{"start":{"line":184,"column":2},"end":{"line":186,"column":3}},{"start":{},"end":{}}],"line":184},"32":{"loc":{"start":{"line":189,"column":2},"end":{"line":191,"column":3}},"type":"if","locations":[{"start":{"line":189,"column":2},"end":{"line":191,"column":3}},{"start":{},"end":{}}],"line":189},"33":{"loc":{"start":{"line":192,"column":2},"end":{"line":194,"column":3}},"type":"if","locations":[{"start":{"line":192,"column":2},"end":{"line":194,"column":3}},{"start":{},"end":{}}],"line":192}},"s":{"0":3,"1":3,"2":3,"3":19,"4":19,"5":19,"6":19,"7":2,"8":1,"9":2,"10":19,"11":3,"12":3,"13":3,"14":3,"15":3,"16":3,"17":3,"18":3,"19":3,"20":3,"21":3,"22":40,"23":40,"24":3,"25":2,"26":2,"27":1,"28":1,"29":3,"30":37,"31":5,"32":5,"33":32,"34":0,"35":0,"36":0,"37":0,"38":0,"39":0,"40":0,"41":0,"42":32,"43":0,"44":0,"45":32,"46":11,"47":0,"48":0,"49":11,"50":0,"51":0,"52":11,"53":21,"54":2,"55":2,"56":19,"57":1,"58":1,"59":18,"60":1,"61":1,"62":17,"63":3,"64":3,"65":3,"66":1,"67":1,"68":3,"69":0,"70":0,"71":3,"72":3,"73":1,"74":1,"75":3,"76":14,"77":2,"78":1,"79":1,"80":2,"81":2,"82":2,"83":1,"84":1,"85":2,"86":12,"87":10,"88":3,"89":1,"90":3,"91":0,"92":3,"93":0,"94":3,"95":0,"96":3},"f":{"0":3,"1":3,"2":19,"3":2},"b":{"0":[1,1],"1":[3,37],"2":[2,1],"3":[5,32],"4":[3,2],"5":[0,32],"6":[0,0],"7":[0,0],"8":[0,0],"9":[0,32],"10":[32,0],"11":[11,21],"12":[32,13],"13":[0,11],"14":[0,11],"15":[2,19],"16":[1,18],"17":[1,17],"18":[3,14],"19":[17,14],"20":[1,2],"21":[0,3],"22":[1,2],"23":[3,3],"24":[3,1],"25":[2,12],"26":[1,1],"27":[1,1],"28":[2,2],"29":[10,2],"30":[1,2],"31":[0,3],"32":[0,3],"33":[0,3]},"_coverageSchema":"1a1c01bbd47fc00a2c39e90264f33305004495a9","hash":"745f25d85efa4f0682fead6c9699be3dbdd35c4e"}
,"/Users/myleswebb/Apps/eas/utils/mockAsyncStorage.ts": {"path":"/Users/myleswebb/Apps/eas/utils/mockAsyncStorage.ts","statementMap":{"0":{"start":{"line":7,"column":44},"end":{"line":7,"column":46}},"1":{"start":{"line":10,"column":4},"end":{"line":10,"column":37}},"2":{"start":{"line":14,"column":4},"end":{"line":14,"column":30}},"3":{"start":{"line":18,"column":4},"end":{"line":18,"column":29}},"4":{"start":{"line":22,"column":4},"end":{"line":22,"column":22}},"5":{"start":{"line":26,"column":4},"end":{"line":26,"column":37}},"6":{"start":{"line":30,"column":4},"end":{"line":30,"column":61}},"7":{"start":{"line":30,"column":27},"end":{"line":30,"column":59}},"8":{"start":{"line":34,"column":4},"end":{"line":36,"column":7}},"9":{"start":{"line":35,"column":6},"end":{"line":35,"column":32}},"10":{"start":{"line":40,"column":4},"end":{"line":42,"column":7}},"11":{"start":{"line":41,"column":6},"end":{"line":41,"column":31}}},"fnMap":{"0":{"name":"(anonymous_0)","decl":{"start":{"line":9,"column":2},"end":{"line":9,"column":3}},"loc":{"start":{"line":9,"column":53},"end":{"line":11,"column":3}},"line":9},"1":{"name":"(anonymous_1)","decl":{"start":{"line":13,"column":2},"end":{"line":13,"column":3}},"loc":{"start":{"line":13,"column":59},"end":{"line":15,"column":3}},"line":13},"2":{"name":"(anonymous_2)","decl":{"start":{"line":17,"column":2},"end":{"line":17,"column":3}},"loc":{"start":{"line":17,"column":47},"end":{"line":19,"column":3}},"line":17},"3":{"name":"(anonymous_3)","decl":{"start":{"line":21,"column":2},"end":{"line":21,"column":3}},"loc":{"start":{"line":21,"column":31},"end":{"line":23,"column":3}},"line":21},"4":{"name":"(anonymous_4)","decl":{"start":{"line":25,"column":2},"end":{"line":25,"column":3}},"loc":{"start":{"line":25,"column":40},"end":{"line":27,"column":3}},"line":25},"5":{"name":"(anonymous_5)","decl":{"start":{"line":29,"column":2},"end":{"line":29,"column":3}},"loc":{"start":{"line":29,"column":69},"end":{"line":31,"column":3}},"line":29},"6":{"name":"(anonymous_6)","decl":{"start":{"line":30,"column":20},"end":{"line":30,"column":21}},"loc":{"start":{"line":30,"column":27},"end":{"line":30,"column":59}},"line":30},"7":{"name":"(anonymous_7)","decl":{"start":{"line":33,"column":2},"end":{"line":33,"column":3}},"loc":{"start":{"line":33,"column":67},"end":{"line":37,"column":3}},"line":33},"8":{"name":"(anonymous_8)","decl":{"start":{"line":34,"column":26},"end":{"line":34,"column":27}},"loc":{"start":{"line":34,"column":44},"end":{"line":36,"column":5}},"line":34},"9":{"name":"(anonymous_9)","decl":{"start":{"line":39,"column":2},"end":{"line":39,"column":3}},"loc":{"start":{"line":39,"column":51},"end":{"line":43,"column":3}},"line":39},"10":{"name":"(anonymous_10)","decl":{"start":{"line":40,"column":17},"end":{"line":40,"column":18}},"loc":{"start":{"line":40,"column":24},"end":{"line":42,"column":5}},"line":40}},"branchMap":{"0":{"loc":{"start":{"line":10,"column":11},"end":{"line":10,"column":36}},"type":"binary-expr","locations":[{"start":{"line":10,"column":11},"end":{"line":10,"column":28}},{"start":{"line":10,"column":32},"end":{"line":10,"column":36}}],"line":10},"1":{"loc":{"start":{"line":30,"column":33},"end":{"line":30,"column":58}},"type":"binary-expr","locations":[{"start":{"line":30,"column":33},"end":{"line":30,"column":50}},{"start":{"line":30,"column":54},"end":{"line":30,"column":58}}],"line":30}},"s":{"0":0,"1":0,"2":0,"3":0,"4":0,"5":0,"6":0,"7":0,"8":0,"9":0,"10":0,"11":0},"f":{"0":0,"1":0,"2":0,"3":0,"4":0,"5":0,"6":0,"7":0,"8":0,"9":0,"10":0},"b":{"0":[0,0],"1":[0,0]}}
,"/Users/myleswebb/Apps/eas/utils/sanitize.ts": {"path":"/Users/myleswebb/Apps/eas/utils/sanitize.ts","statementMap":{"0":{"start":{"line":8,"column":24},"end":{"line":20,"column":1}},"1":{"start":{"line":23,"column":2},"end":{"line":23,"column":25}},"2":{"start":{"line":23,"column":13},"end":{"line":23,"column":25}},"3":{"start":{"line":25,"column":26},"end":{"line":28,"column":3}},"4":{"start":{"line":30,"column":2},"end":{"line":30,"column":48}}},"fnMap":{"0":{"name":"sanitizeHtml","decl":{"start":{"line":22,"column":16},"end":{"line":22,"column":28}},"loc":{"start":{"line":22,"column":82},"end":{"line":31,"column":1}},"line":22}},"branchMap":{"0":{"loc":{"start":{"line":22,"column":43},"end":{"line":22,"column":72}},"type":"default-arg","locations":[{"start":{"line":22,"column":70},"end":{"line":22,"column":72}}],"line":22},"1":{"loc":{"start":{"line":23,"column":2},"end":{"line":23,"column":25}},"type":"if","locations":[{"start":{"line":23,"column":2},"end":{"line":23,"column":25}},{"start":{},"end":{}}],"line":23},"2":{"loc":{"start":{"line":26,"column":17},"end":{"line":26,"column":67}},"type":"binary-expr","locations":[{"start":{"line":26,"column":17},"end":{"line":26,"column":36}},{"start":{"line":26,"column":40},"end":{"line":26,"column":67}}],"line":26},"3":{"loc":{"start":{"line":27,"column":23},"end":{"line":27,"column":85}},"type":"binary-expr","locations":[{"start":{"line":27,"column":23},"end":{"line":27,"column":48}},{"start":{"line":27,"column":52},"end":{"line":27,"column":85}}],"line":27}},"s":{"0":3,"1":44,"2":3,"3":41,"4":41},"f":{"0":44},"b":{"0":[7],"1":[3,41],"2":[41,7],"3":[41,7]},"_coverageSchema":"1a1c01bbd47fc00a2c39e90264f33305004495a9","hash":"8157c465529c6ce2c07fca63017d54a5bb5375f3"}
}
