TN:
SF:app.config.ts
FNF:0
FNH:0
DA:3,0
LF:1
LH:0
BRF:0
BRH:0
end_of_record
TN:
SF:design-system-init.js
FN:32,(anonymous_0)
FN:95,(anonymous_1)
FN:122,(anonymous_2)
FN:130,(anonymous_3)
FN:147,(anonymous_4)
FN:163,(anonymous_5)
FN:167,(anonymous_6)
FN:172,(anonymous_7)
FN:187,(anonymous_8)
FNF:9
FNH:0
FNDA:0,(anonymous_0)
FNDA:0,(anonymous_1)
FNDA:0,(anonymous_2)
FNDA:0,(anonymous_3)
FNDA:0,(anonymous_4)
FNDA:0,(anonymous_5)
FNDA:0,(anonymous_6)
FNDA:0,(anonymous_7)
FNDA:0,(anonymous_8)
DA:12,0
DA:34,0
DA:35,0
DA:36,0
DA:37,0
DA:38,0
DA:40,0
DA:93,0
DA:96,0
DA:106,0
DA:109,0
DA:110,0
DA:111,0
DA:112,0
DA:113,0
DA:114,0
DA:118,0
DA:123,0
DA:124,0
DA:126,0
DA:131,0
DA:134,0
DA:136,0
DA:138,0
DA:142,0
DA:148,0
DA:166,0
DA:169,0
DA:174,0
DA:175,0
DA:187,0
DA:191,0
DA:198,0
DA:201,0
DA:207,0
DA:208,0
DA:209,0
DA:212,0
LF:38
LH:0
BRDA:34,0,0,0
BRDA:34,0,1,0
BRDA:106,1,0,0
BRDA:106,1,1,0
BRDA:109,2,0,0
BRDA:109,2,1,0
BRDA:111,3,0,0
BRDA:111,3,1,0
BRDA:123,4,0,0
BRDA:123,4,1,0
BRDA:131,5,0,0
BRDA:131,5,1,0
BRDA:131,5,2,0
BRDA:131,5,3,0
BRDA:131,5,4,0
BRDA:138,6,0,0
BRDA:138,6,1,0
BRDA:138,6,2,0
BRDA:207,7,0,0
BRDA:207,7,1,0
BRF:20
BRH:0
end_of_record
TN:
SF:env.d.ts
FNF:0
FNH:0
LF:0
LH:0
BRF:0
BRH:0
end_of_record
TN:
SF:expo-env.d.ts
FNF:0
FNH:0
LF:0
LH:0
BRF:0
BRH:0
end_of_record
TN:
SF:jest.config.js
FNF:0
FNH:0
DA:1,0
LF:1
LH:0
BRF:0
BRH:0
end_of_record
TN:
SF:.expo/types/router.d.ts
FNF:0
FNH:0
LF:0
LH:0
BRF:0
BRH:0
end_of_record
TN:
SF:app/+not-found.tsx
FN:7,NotFoundScreen
FNF:1
FNH:0
FNDA:0,NotFoundScreen
DA:8,0
DA:21,0
LF:2
LH:0
BRF:0
BRH:0
end_of_record
TN:
SF:app/_layout.tsx
FN:14,RootLayout
FN:17,(anonymous_1)
FN:19,(anonymous_2)
FNF:3
FNH:0
FNDA:0,RootLayout
FNDA:0,(anonymous_1)
FNDA:0,(anonymous_2)
DA:12,0
DA:15,0
DA:17,0
DA:19,0
DA:20,0
DA:24,0
LF:6
LH:0
BRDA:26,0,0,0
BRDA:26,0,1,0
BRF:2
BRH:0
end_of_record
TN:
SF:app/analytics.tsx
FN:29,(anonymous_0)
FN:90,AnalyticsScreen
FN:93,(anonymous_2)
FN:98,(anonymous_3)
FN:121,(anonymous_4)
FN:128,(anonymous_5)
FN:366,(anonymous_6)
FN:384,(anonymous_7)
FN:408,(anonymous_8)
FN:424,(anonymous_9)
FNF:10
FNH:0
FNDA:0,(anonymous_0)
FNDA:0,AnalyticsScreen
FNDA:0,(anonymous_2)
FNDA:0,(anonymous_3)
FNDA:0,(anonymous_4)
FNDA:0,(anonymous_5)
FNDA:0,(anonymous_6)
FNDA:0,(anonymous_7)
FNDA:0,(anonymous_8)
FNDA:0,(anonymous_9)
DA:18,0
DA:32,0
DA:33,0
DA:34,0
DA:35,0
DA:36,0
DA:38,0
DA:51,0
DA:84,0
DA:91,0
DA:93,0
DA:94,0
DA:95,0
DA:98,0
DA:99,0
DA:100,0
DA:103,0
DA:122,0
DA:128,0
DA:367,0
DA:385,0
DA:409,0
DA:425,0
DA:439,0
LF:24
LH:0
BRDA:32,0,0,0
BRDA:32,0,1,0
BRDA:126,1,0,0
BRDA:126,1,1,0
BRDA:133,2,0,0
BRDA:133,2,1,0
BRDA:147,3,0,0
BRDA:147,3,1,0
BRDA:217,4,0,0
BRDA:217,4,1,0
BRDA:397,5,0,0
BRDA:397,5,1,0
BRF:12
BRH:0
end_of_record
TN:
SF:app/app-language.tsx
FN:38,AppLanguageScreen
FN:41,(anonymous_1)
FN:44,(anonymous_2)
FN:60,(anonymous_3)
FN:94,(anonymous_4)
FN:97,(anonymous_5)
FNF:6
FNH:0
FNDA:0,AppLanguageScreen
FNDA:0,(anonymous_1)
FNDA:0,(anonymous_2)
FNDA:0,(anonymous_3)
FNDA:0,(anonymous_4)
FNDA:0,(anonymous_5)
DA:25,0
DA:39,0
DA:41,0
DA:42,0
DA:43,0
DA:44,0
DA:47,0
DA:60,0
DA:95,0
DA:97,0
DA:138,0
LF:11
LH:0
BRDA:55,0,0,0
BRDA:55,0,1,0
BRDA:123,1,0,0
BRDA:123,1,1,0
BRF:4
BRH:0
end_of_record
TN:
SF:app/artist-profile.tsx
FN:51,ArtistProfileScreen
FN:76,(anonymous_1)
FN:77,(anonymous_2)
FN:106,(anonymous_3)
FN:134,(anonymous_4)
FN:157,(anonymous_5)
FN:172,(anonymous_6)
FN:187,(anonymous_7)
FN:305,(anonymous_8)
FN:347,(anonymous_9)
FN:391,(anonymous_10)
FN:435,(anonymous_11)
FN:449,(anonymous_12)
FN:450,(anonymous_13)
FN:523,(anonymous_14)
FNF:15
FNH:0
FNDA:0,ArtistProfileScreen
FNDA:0,(anonymous_1)
FNDA:0,(anonymous_2)
FNDA:0,(anonymous_3)
FNDA:0,(anonymous_4)
FNDA:0,(anonymous_5)
FNDA:0,(anonymous_6)
FNDA:0,(anonymous_7)
FNDA:0,(anonymous_8)
FNDA:0,(anonymous_9)
FNDA:0,(anonymous_10)
FNDA:0,(anonymous_11)
FNDA:0,(anonymous_12)
FNDA:0,(anonymous_13)
FNDA:0,(anonymous_14)
DA:30,0
DA:53,0
DA:56,0
DA:62,0
DA:70,0
DA:75,0
DA:77,0
DA:78,0
DA:80,0
DA:81,0
DA:82,0
DA:83,0
DA:87,0
DA:88,0
DA:89,0
DA:90,0
DA:94,0
DA:95,0
DA:96,0
DA:97,0
DA:100,0
DA:104,0
DA:106,0
DA:112,0
DA:134,0
DA:158,0
DA:159,0
DA:173,0
DA:174,0
DA:188,0
DA:189,0
DA:307,0
DA:349,0
DA:391,0
DA:437,0
DA:449,0
DA:451,0
DA:523,0
DA:595,0
LF:39
LH:0
BRDA:81,0,0,0
BRDA:81,0,1,0
BRDA:88,1,0,0
BRDA:88,1,1,0
BRDA:95,2,0,0
BRDA:95,2,1,0
BRDA:142,3,0,0
BRDA:142,3,1,0
BRDA:321,4,0,0
BRDA:321,4,1,0
BRDA:323,5,0,0
BRDA:323,5,1,0
BRDA:330,6,0,0
BRDA:330,6,1,0
BRDA:332,7,0,0
BRDA:332,7,1,0
BRDA:360,8,0,0
BRDA:360,8,1,0
BRDA:365,9,0,0
BRDA:365,9,1,0
BRDA:370,10,0,0
BRDA:370,10,1,0
BRDA:375,11,0,0
BRDA:375,11,1,0
BRDA:631,12,0,0
BRDA:631,12,1,0
BRF:26
BRH:0
end_of_record
TN:
SF:app/availability.tsx
FN:23,AvailabilityScreen
FN:31,(anonymous_1)
FN:32,(anonymous_2)
FN:49,(anonymous_3)
FN:55,(anonymous_4)
FN:82,(anonymous_5)
FN:102,(anonymous_6)
FN:117,(anonymous_7)
FNF:8
FNH:0
FNDA:0,AvailabilityScreen
FNDA:0,(anonymous_1)
FNDA:0,(anonymous_2)
FNDA:0,(anonymous_3)
FNDA:0,(anonymous_4)
FNDA:0,(anonymous_5)
FNDA:0,(anonymous_6)
FNDA:0,(anonymous_7)
DA:24,0
DA:27,0
DA:28,0
DA:31,0
DA:32,0
DA:33,0
DA:34,0
DA:35,0
DA:36,0
DA:37,0
DA:38,0
DA:41,0
DA:45,0
DA:49,0
DA:50,0
DA:51,0
DA:55,0
DA:56,0
DA:58,0
DA:63,0
DA:64,0
DA:67,0
DA:69,0
DA:70,0
DA:74,0
DA:82,0
DA:102,0
DA:117,0
DA:129,0
LF:29
LH:0
BRDA:35,0,0,0
BRDA:35,0,1,0
BRDA:106,1,0,0
BRDA:106,1,1,0
BRDA:121,2,0,0
BRDA:121,2,1,0
BRDA:143,3,0,0
BRDA:143,3,1,0
BRF:8
BRH:0
end_of_record
TN:
SF:app/band-profile.tsx
FN:40,BandProfileScreen
FN:65,(anonymous_1)
FN:66,(anonymous_2)
FN:95,(anonymous_3)
FN:124,(anonymous_4)
FN:226,(anonymous_5)
FN:240,(anonymous_6)
FN:241,(anonymous_7)
FN:301,(anonymous_8)
FN:340,(anonymous_9)
FN:436,(anonymous_10)
FN:480,(anonymous_11)
FNF:12
FNH:0
FNDA:0,BandProfileScreen
FNDA:0,(anonymous_1)
FNDA:0,(anonymous_2)
FNDA:0,(anonymous_3)
FNDA:0,(anonymous_4)
FNDA:0,(anonymous_5)
FNDA:0,(anonymous_6)
FNDA:0,(anonymous_7)
FNDA:0,(anonymous_8)
FNDA:0,(anonymous_9)
FNDA:0,(anonymous_10)
FNDA:0,(anonymous_11)
DA:19,0
DA:42,0
DA:45,0
DA:51,0
DA:59,0
DA:64,0
DA:66,0
DA:67,0
DA:69,0
DA:70,0
DA:71,0
DA:72,0
DA:76,0
DA:77,0
DA:78,0
DA:79,0
DA:83,0
DA:84,0
DA:85,0
DA:86,0
DA:89,0
DA:93,0
DA:95,0
DA:101,0
DA:124,0
DA:228,0
DA:240,0
DA:242,0
DA:301,0
DA:342,0
DA:436,0
DA:480,0
DA:570,0
LF:33
LH:0
BRDA:70,0,0,0
BRDA:70,0,1,0
BRDA:77,1,0,0
BRDA:77,1,1,0
BRDA:84,2,0,0
BRDA:84,2,1,0
BRDA:314,3,0,0
BRDA:314,3,1,0
BRDA:316,4,0,0
BRDA:316,4,1,0
BRDA:323,5,0,0
BRDA:323,5,1,0
BRDA:325,6,0,0
BRDA:325,6,1,0
BRDA:353,7,0,0
BRDA:353,7,1,0
BRDA:358,8,0,0
BRDA:358,8,1,0
BRDA:363,9,0,0
BRDA:363,9,1,0
BRDA:368,10,0,0
BRDA:368,10,1,0
BRDA:602,11,0,0
BRDA:602,11,1,0
BRF:24
BRH:0
end_of_record
TN:
SF:app/boosts.tsx
FN:8,BoostsScreen
FN:38,(anonymous_1)
FN:82,(anonymous_2)
FN:89,(anonymous_3)
FNF:4
FNH:0
FNDA:0,BoostsScreen
FNDA:0,(anonymous_1)
FNDA:0,(anonymous_2)
FNDA:0,(anonymous_3)
DA:9,0
DA:10,0
DA:11,0
DA:14,0
DA:20,0
DA:38,0
DA:83,0
DA:89,0
DA:130,0
LF:9
LH:0
BRDA:87,0,0,0
BRDA:87,0,1,0
BRDA:95,1,0,0
BRDA:95,1,1,0
BRDA:105,2,0,0
BRDA:105,2,1,0
BRDA:107,3,0,0
BRDA:107,3,1,0
BRDA:173,4,0,0
BRDA:173,4,1,0
BRDA:210,5,0,0
BRDA:210,5,1,0
BRDA:226,6,0,0
BRDA:226,6,1,0
BRF:14
BRH:0
end_of_record
TN:
SF:app/change-password.tsx
FN:17,ChangePasswordScreen
FN:34,(anonymous_1)
FN:51,(anonymous_2)
FN:56,(anonymous_3)
FN:73,(anonymous_4)
FN:87,(anonymous_5)
FN:103,(anonymous_6)
FN:119,(anonymous_7)
FN:142,(anonymous_8)
FN:170,(anonymous_9)
FN:239,(anonymous_10)
FNF:11
FNH:0
FNDA:0,ChangePasswordScreen
FNDA:0,(anonymous_1)
FNDA:0,(anonymous_2)
FNDA:0,(anonymous_3)
FNDA:0,(anonymous_4)
FNDA:0,(anonymous_5)
FNDA:0,(anonymous_6)
FNDA:0,(anonymous_7)
FNDA:0,(anonymous_8)
FNDA:0,(anonymous_9)
FNDA:0,(anonymous_10)
DA:18,0
DA:19,0
DA:20,0
DA:22,0
DA:23,0
DA:24,0
DA:26,0
DA:27,0
DA:34,0
DA:35,0
DA:38,0
DA:45,0
DA:46,0
DA:51,0
DA:52,0
DA:53,0
DA:56,0
DA:58,0
DA:59,0
DA:62,0
DA:65,0
DA:68,0
DA:69,0
DA:73,0
DA:75,0
DA:76,0
DA:79,0
DA:84,0
DA:87,0
DA:89,0
DA:95,0
DA:96,0
DA:99,0
DA:103,0
DA:105,0
DA:108,0
DA:119,0
DA:142,0
DA:170,0
DA:239,0
DA:282,0
LF:41
LH:0
BRDA:45,0,0,0
BRDA:45,0,1,0
BRDA:89,1,0,0
BRDA:89,1,1,0
BRDA:89,2,0,0
BRDA:89,2,1,0
BRDA:89,2,2,0
BRDA:89,2,3,0
BRDA:89,2,4,0
BRDA:111,3,0,0
BRDA:111,3,1,0
BRDA:145,4,0,0
BRDA:145,4,1,0
BRDA:173,5,0,0
BRDA:173,5,1,0
BRDA:192,6,0,0
BRDA:192,6,1,0
BRDA:197,7,0,0
BRDA:197,7,1,0
BRDA:203,8,0,0
BRDA:203,8,1,0
BRDA:208,9,0,0
BRDA:208,9,1,0
BRDA:214,10,0,0
BRDA:214,10,1,0
BRDA:219,11,0,0
BRDA:219,11,1,0
BRDA:242,12,0,0
BRDA:242,12,1,0
BRDA:251,13,0,0
BRDA:251,13,1,0
BRDA:251,14,0,0
BRDA:251,14,1,0
BRDA:256,15,0,0
BRDA:256,15,1,0
BRDA:256,16,0,0
BRDA:256,16,1,0
BRDA:257,17,0,0
BRDA:257,17,1,0
BRDA:382,18,0,0
BRDA:382,18,1,0
BRF:41
BRH:0
end_of_record
TN:
SF:app/chat-detail.tsx
FN:42,(anonymous_0)
FN:55,(anonymous_1)
FN:56,(anonymous_2)
FN:59,(anonymous_3)
FN:60,(anonymous_4)
FN:63,(anonymous_5)
FN:64,(anonymous_6)
FN:67,(anonymous_7)
FN:68,(anonymous_8)
FN:71,(anonymous_9)
FN:72,(anonymous_10)
FN:75,(anonymous_11)
FN:76,(anonymous_12)
FN:81,(anonymous_13)
FN:84,(anonymous_14)
FN:131,(anonymous_15)
FN:154,(anonymous_16)
FN:176,(anonymous_17)
FN:179,(anonymous_18)
FN:188,(anonymous_19)
FN:195,ChatDetailScreen
FN:205,(anonymous_21)
FN:218,(anonymous_22)
FN:227,(anonymous_23)
FN:242,(anonymous_24)
FN:262,(anonymous_25)
FN:270,(anonymous_26)
FN:277,(anonymous_27)
FN:282,(anonymous_28)
FN:301,(anonymous_29)
FN:312,(anonymous_30)
FN:326,(anonymous_31)
FN:348,(anonymous_32)
FN:349,(anonymous_33)
FN:359,(anonymous_34)
FN:360,(anonymous_35)
FN:396,(anonymous_36)
FNF:37
FNH:0
FNDA:0,(anonymous_0)
FNDA:0,(anonymous_1)
FNDA:0,(anonymous_2)
FNDA:0,(anonymous_3)
FNDA:0,(anonymous_4)
FNDA:0,(anonymous_5)
FNDA:0,(anonymous_6)
FNDA:0,(anonymous_7)
FNDA:0,(anonymous_8)
FNDA:0,(anonymous_9)
FNDA:0,(anonymous_10)
FNDA:0,(anonymous_11)
FNDA:0,(anonymous_12)
FNDA:0,(anonymous_13)
FNDA:0,(anonymous_14)
FNDA:0,(anonymous_15)
FNDA:0,(anonymous_16)
FNDA:0,(anonymous_17)
FNDA:0,(anonymous_18)
FNDA:0,(anonymous_19)
FNDA:0,ChatDetailScreen
FNDA:0,(anonymous_21)
FNDA:0,(anonymous_22)
FNDA:0,(anonymous_23)
FNDA:0,(anonymous_24)
FNDA:0,(anonymous_25)
FNDA:0,(anonymous_26)
FNDA:0,(anonymous_27)
FNDA:0,(anonymous_28)
FNDA:0,(anonymous_29)
FNDA:0,(anonymous_30)
FNDA:0,(anonymous_31)
FNDA:0,(anonymous_32)
FNDA:0,(anonymous_33)
FNDA:0,(anonymous_34)
FNDA:0,(anonymous_35)
FNDA:0,(anonymous_36)
DA:42,0
DA:53,0
DA:55,0
DA:56,0
DA:59,0
DA:60,0
DA:63,0
DA:64,0
DA:67,0
DA:68,0
DA:71,0
DA:72,0
DA:75,0
DA:76,0
DA:80,0
DA:81,0
DA:84,0
DA:97,0
DA:131,0
DA:133,0
DA:134,0
DA:154,0
DA:164,0
DA:176,0
DA:177,0
DA:179,0
DA:188,0
DA:189,0
DA:196,0
DA:197,0
DA:198,0
DA:199,0
DA:200,0
DA:201,0
DA:202,0
DA:203,0
DA:205,0
DA:207,0
DA:215,0
DA:218,0
DA:220,0
DA:221,0
DA:222,0
DA:223,0
DA:227,0
DA:229,0
DA:230,0
DA:231,0
DA:232,0
DA:235,0
DA:242,0
DA:243,0
DA:245,0
DA:250,0
DA:251,0
DA:252,0
DA:255,0
DA:262,0
DA:263,0
DA:265,0
DA:270,0
DA:272,0
DA:273,0
DA:277,0
DA:278,0
DA:282,0
DA:283,0
DA:285,0
DA:292,0
DA:293,0
DA:296,0
DA:297,0
DA:301,0
DA:303,0
DA:306,0
DA:312,0
DA:326,0
DA:348,0
DA:349,0
DA:359,0
DA:361,0
DA:396,0
DA:434,0
LF:83
LH:0
BRDA:46,0,0,0
BRDA:47,1,0,0
BRDA:48,2,0,0
BRDA:88,3,0,0
BRDA:88,3,1,0
BRDA:133,4,0,0
BRDA:133,4,1,0
BRDA:167,5,0,0
BRDA:167,5,1,0
BRDA:220,6,0,0
BRDA:220,6,1,0
BRDA:229,7,0,0
BRDA:229,7,1,0
BRDA:250,8,0,0
BRDA:250,8,1,0
BRDA:272,9,0,0
BRDA:272,9,1,0
BRDA:283,10,0,0
BRDA:283,10,1,0
BRDA:296,11,0,0
BRDA:296,11,1,0
BRDA:334,12,0,0
BRDA:334,12,1,0
BRDA:342,13,0,0
BRDA:342,13,1,0
BRDA:353,14,0,0
BRDA:353,14,1,0
BRDA:355,15,0,0
BRDA:355,15,1,0
BRDA:376,16,0,0
BRDA:376,16,1,0
BRDA:412,17,0,0
BRDA:412,17,1,0
BRDA:420,18,0,0
BRDA:420,18,1,0
BRF:35
BRH:0
end_of_record
TN:
SF:app/chat-settings.tsx
FN:23,(anonymous_0)
FN:40,(anonymous_1)
FN:46,(anonymous_2)
FN:84,(anonymous_3)
FN:114,ChatSettingsScreen
FN:140,(anonymous_5)
FN:141,(anonymous_6)
FN:147,(anonymous_7)
FN:148,(anonymous_8)
FN:154,(anonymous_9)
FN:160,(anonymous_10)
FN:178,(anonymous_11)
FN:195,(anonymous_12)
FN:200,(anonymous_13)
FN:205,(anonymous_14)
FN:210,(anonymous_15)
FN:223,(anonymous_16)
FN:224,(anonymous_17)
FN:225,(anonymous_18)
FN:226,(anonymous_19)
FN:238,(anonymous_20)
FN:242,(anonymous_21)
FN:261,(anonymous_22)
FN:269,(anonymous_23)
FN:277,(anonymous_24)
FN:285,(anonymous_25)
FN:294,(anonymous_26)
FN:303,(anonymous_27)
FN:312,(anonymous_28)
FN:320,(anonymous_29)
FN:333,(anonymous_30)
FN:342,(anonymous_31)
FN:352,(anonymous_32)
FN:368,(anonymous_33)
FN:374,(anonymous_34)
FN:396,(anonymous_35)
FN:403,(anonymous_36)
FNF:37
FNH:0
FNDA:0,(anonymous_0)
FNDA:0,(anonymous_1)
FNDA:0,(anonymous_2)
FNDA:0,(anonymous_3)
FNDA:0,ChatSettingsScreen
FNDA:0,(anonymous_5)
FNDA:0,(anonymous_6)
FNDA:0,(anonymous_7)
FNDA:0,(anonymous_8)
FNDA:0,(anonymous_9)
FNDA:0,(anonymous_10)
FNDA:0,(anonymous_11)
FNDA:0,(anonymous_12)
FNDA:0,(anonymous_13)
FNDA:0,(anonymous_14)
FNDA:0,(anonymous_15)
FNDA:0,(anonymous_16)
FNDA:0,(anonymous_17)
FNDA:0,(anonymous_18)
FNDA:0,(anonymous_19)
FNDA:0,(anonymous_20)
FNDA:0,(anonymous_21)
FNDA:0,(anonymous_22)
FNDA:0,(anonymous_23)
FNDA:0,(anonymous_24)
FNDA:0,(anonymous_25)
FNDA:0,(anonymous_26)
FNDA:0,(anonymous_27)
FNDA:0,(anonymous_28)
FNDA:0,(anonymous_29)
FNDA:0,(anonymous_30)
FNDA:0,(anonymous_31)
FNDA:0,(anonymous_32)
FNDA:0,(anonymous_33)
FNDA:0,(anonymous_34)
FNDA:0,(anonymous_35)
FNDA:0,(anonymous_36)
DA:23,0
DA:24,0
DA:40,0
DA:41,0
DA:46,0
DA:63,0
DA:84,0
DA:97,0
DA:115,0
DA:122,0
DA:137,0
DA:138,0
DA:140,0
DA:141,0
DA:147,0
DA:148,0
DA:154,0
DA:156,0
DA:160,0
DA:162,0
DA:166,0
DA:178,0
DA:195,0
DA:200,0
DA:205,0
DA:210,0
DA:238,0
DA:261,0
DA:269,0
DA:277,0
DA:285,0
DA:294,0
DA:303,0
DA:312,0
DA:320,0
DA:333,0
DA:342,0
DA:352,0
DA:368,0
DA:374,0
DA:396,0
DA:403,0
DA:410,0
LF:43
LH:0
BRDA:28,0,0,0
BRDA:28,0,1,0
BRDA:33,1,0,0
BRDA:33,1,1,0
BRDA:52,2,0,0
BRDA:53,3,0,0
BRDA:65,4,0,0
BRDA:65,4,1,0
BRDA:78,5,0,0
BRDA:78,5,1,0
BRDA:87,6,0,0
BRDA:88,7,0,0
BRDA:99,8,0,0
BRDA:99,8,1,0
BRDA:108,9,0,0
BRDA:108,9,1,0
BRF:16
BRH:0
end_of_record
TN:
SF:app/fans.tsx
FN:23,(anonymous_0)
FN:41,(anonymous_1)
FN:52,(anonymous_2)
FN:77,(anonymous_3)
FN:95,(anonymous_4)
FN:117,(anonymous_5)
FN:129,(anonymous_6)
FN:136,(anonymous_7)
FNF:8
FNH:0
FNDA:0,(anonymous_0)
FNDA:0,(anonymous_1)
FNDA:0,(anonymous_2)
FNDA:0,(anonymous_3)
FNDA:0,(anonymous_4)
FNDA:0,(anonymous_5)
FNDA:0,(anonymous_6)
FNDA:0,(anonymous_7)
DA:7,0
DA:23,0
DA:24,0
DA:41,0
DA:42,0
DA:52,0
DA:53,0
DA:54,0
DA:55,0
DA:56,0
DA:59,0
DA:77,0
DA:78,0
DA:81,0
DA:95,0
DA:118,0
DA:130,0
DA:136,0
DA:145,0
LF:19
LH:0
BRDA:33,0,0,0
BRDA:33,0,1,0
BRDA:78,1,0,0
BRDA:78,1,1,0
BRDA:108,2,0,0
BRDA:108,2,1,0
BRDA:115,3,0,0
BRDA:115,3,1,0
BRF:8
BRH:0
end_of_record
TN:
SF:app/index.tsx
FN:20,(anonymous_0)
FN:35,HomeScreen
FN:36,(anonymous_2)
FN:57,(anonymous_3)
FN:80,(anonymous_4)
FNF:5
FNH:0
FNDA:0,(anonymous_0)
FNDA:0,HomeScreen
FNDA:0,(anonymous_2)
FNDA:0,(anonymous_3)
FNDA:0,(anonymous_4)
DA:15,0
DA:22,0
DA:23,0
DA:24,0
DA:25,0
DA:26,0
DA:28,0
DA:36,0
DA:37,0
DA:38,0
DA:39,0
DA:41,0
DA:45,0
DA:57,0
DA:80,0
DA:111,0
LF:16
LH:0
BRDA:22,0,0,0
BRDA:22,0,1,0
BRDA:38,1,0,0
BRDA:38,1,1,0
BRF:4
BRH:0
end_of_record
TN:
SF:app/languages.tsx
FN:117,LanguagesScreen
FN:121,(anonymous_1)
FN:124,(anonymous_2)
FN:133,(anonymous_3)
FN:134,(anonymous_4)
FN:150,(anonymous_5)
FN:152,(anonymous_6)
FN:159,(anonymous_7)
FN:181,(anonymous_8)
FN:202,(anonymous_9)
FN:211,(anonymous_10)
FNF:11
FNH:0
FNDA:0,LanguagesScreen
FNDA:0,(anonymous_1)
FNDA:0,(anonymous_2)
FNDA:0,(anonymous_3)
FNDA:0,(anonymous_4)
FNDA:0,(anonymous_5)
FNDA:0,(anonymous_6)
FNDA:0,(anonymous_7)
FNDA:0,(anonymous_8)
FNDA:0,(anonymous_9)
FNDA:0,(anonymous_10)
DA:19,0
DA:118,0
DA:121,0
DA:123,0
DA:124,0
DA:125,0
DA:128,0
DA:129,0
DA:133,0
DA:134,0
DA:135,0
DA:136,0
DA:137,0
DA:138,0
DA:139,0
DA:142,0
DA:146,0
DA:150,0
DA:151,0
DA:152,0
DA:159,0
DA:160,0
DA:162,0
DA:163,0
DA:166,0
DA:168,0
DA:169,0
DA:173,0
DA:181,0
DA:203,0
DA:211,0
DA:226,0
LF:32
LH:0
BRDA:137,0,0,0
BRDA:137,0,1,0
BRDA:215,1,0,0
BRDA:215,1,1,0
BRDA:218,2,0,0
BRDA:218,2,1,0
BRDA:236,3,0,0
BRDA:236,3,1,0
BRF:8
BRH:0
end_of_record
TN:
SF:app/looking-for.tsx
FN:25,LookingForScreen
FN:35,(anonymous_1)
FN:36,(anonymous_2)
FN:55,(anonymous_3)
FN:61,(anonymous_4)
FN:90,(anonymous_5)
FN:110,(anonymous_6)
FN:125,(anonymous_7)
FN:140,(anonymous_8)
FN:155,(anonymous_9)
FNF:10
FNH:0
FNDA:0,LookingForScreen
FNDA:0,(anonymous_1)
FNDA:0,(anonymous_2)
FNDA:0,(anonymous_3)
FNDA:0,(anonymous_4)
FNDA:0,(anonymous_5)
FNDA:0,(anonymous_6)
FNDA:0,(anonymous_7)
FNDA:0,(anonymous_8)
FNDA:0,(anonymous_9)
DA:26,0
DA:29,0
DA:30,0
DA:31,0
DA:32,0
DA:35,0
DA:36,0
DA:37,0
DA:38,0
DA:39,0
DA:40,0
DA:41,0
DA:42,0
DA:43,0
DA:44,0
DA:47,0
DA:51,0
DA:55,0
DA:56,0
DA:57,0
DA:61,0
DA:62,0
DA:64,0
DA:71,0
DA:72,0
DA:75,0
DA:77,0
DA:78,0
DA:82,0
DA:90,0
DA:110,0
DA:125,0
DA:140,0
DA:155,0
DA:167,0
LF:35
LH:0
BRDA:39,0,0,0
BRDA:39,0,1,0
BRDA:114,1,0,0
BRDA:114,1,1,0
BRDA:129,2,0,0
BRDA:129,2,1,0
BRDA:144,3,0,0
BRDA:144,3,1,0
BRDA:159,4,0,0
BRDA:159,4,1,0
BRDA:181,5,0,0
BRDA:181,5,1,0
BRF:12
BRH:0
end_of_record
TN:
SF:app/meeting-summary.tsx
FN:7,MeetingSummary
FN:13,(anonymous_1)
FN:21,(anonymous_2)
FN:36,(anonymous_3)
FN:67,(anonymous_4)
FN:73,(anonymous_5)
FN:82,(anonymous_6)
FN:89,(anonymous_7)
FN:100,(anonymous_8)
FN:115,(anonymous_9)
FN:128,(anonymous_10)
FN:140,(anonymous_11)
FN:147,(anonymous_12)
FN:155,(anonymous_13)
FN:218,(anonymous_14)
FNF:15
FNH:0
FNDA:0,MeetingSummary
FNDA:0,(anonymous_1)
FNDA:0,(anonymous_2)
FNDA:0,(anonymous_3)
FNDA:0,(anonymous_4)
FNDA:0,(anonymous_5)
FNDA:0,(anonymous_6)
FNDA:0,(anonymous_7)
FNDA:0,(anonymous_8)
FNDA:0,(anonymous_9)
FNDA:0,(anonymous_10)
FNDA:0,(anonymous_11)
FNDA:0,(anonymous_12)
FNDA:0,(anonymous_13)
FNDA:0,(anonymous_14)
DA:8,0
DA:9,0
DA:10,0
DA:13,0
DA:14,0
DA:15,0
DA:16,0
DA:18,0
DA:21,0
DA:22,0
DA:23,0
DA:24,0
DA:26,0
DA:29,0
DA:36,0
DA:38,0
DA:46,0
DA:54,0
DA:61,0
DA:67,0
DA:68,0
DA:69,0
DA:70,0
DA:73,0
DA:74,0
DA:76,0
DA:77,0
DA:82,0
DA:83,0
DA:84,0
DA:86,0
DA:89,0
DA:90,0
DA:100,0
DA:101,0
DA:115,0
DA:117,0
DA:120,0
DA:128,0
DA:129,0
DA:130,0
DA:131,0
DA:133,0
DA:134,0
DA:135,0
DA:136,0
DA:140,0
DA:141,0
DA:146,0
DA:147,0
DA:150,0
DA:155,0
DA:218,0
DA:266,0
LF:54
LH:0
BRDA:9,0,0,0
BRDA:9,0,1,0
BRDA:14,1,0,0
BRDA:14,1,1,0
BRDA:22,2,0,0
BRDA:22,2,1,0
BRDA:68,3,0,0
BRDA:68,3,1,0
BRDA:83,4,0,0
BRDA:83,4,1,0
BRDA:84,5,0,0
BRDA:84,5,1,0
BRDA:130,6,0,0
BRDA:130,6,1,0
BRDA:142,7,0,0
BRDA:142,7,1,0
BRDA:228,8,0,0
BRDA:228,8,1,0
BRF:18
BRH:0
end_of_record
TN:
SF:app/notification-settings.tsx
FN:21,NotificationSettingsScreen
FN:74,(anonymous_1)
FN:75,(anonymous_2)
FN:78,(anonymous_3)
FN:79,(anonymous_4)
FN:81,(anonymous_5)
FN:92,(anonymous_6)
FN:93,(anonymous_7)
FN:96,(anonymous_8)
FN:109,(anonymous_9)
FN:110,(anonymous_10)
FN:131,(anonymous_11)
FN:142,(anonymous_12)
FN:148,(anonymous_13)
FN:156,(anonymous_14)
FNF:15
FNH:0
FNDA:0,NotificationSettingsScreen
FNDA:0,(anonymous_1)
FNDA:0,(anonymous_2)
FNDA:0,(anonymous_3)
FNDA:0,(anonymous_4)
FNDA:0,(anonymous_5)
FNDA:0,(anonymous_6)
FNDA:0,(anonymous_7)
FNDA:0,(anonymous_8)
FNDA:0,(anonymous_9)
FNDA:0,(anonymous_10)
FNDA:0,(anonymous_11)
FNDA:0,(anonymous_12)
FNDA:0,(anonymous_13)
FNDA:0,(anonymous_14)
DA:22,0
DA:24,0
DA:74,0
DA:75,0
DA:76,0
DA:78,0
DA:79,0
DA:81,0
DA:89,0
DA:92,0
DA:93,0
DA:94,0
DA:95,0
DA:96,0
DA:98,0
DA:99,0
DA:105,0
DA:109,0
DA:110,0
DA:111,0
DA:113,0
DA:116,0
DA:119,0
DA:131,0
DA:143,0
DA:149,0
DA:156,0
DA:171,0
LF:28
LH:0
BRDA:83,0,0,0
BRDA:83,0,1,0
BRDA:98,1,0,0
BRDA:98,1,1,0
BRDA:158,2,0,0
BRDA:158,2,1,0
BRDA:158,3,0,0
BRDA:158,3,1,0
BRDA:206,4,0,0
BRDA:206,4,1,0
BRDA:213,5,0,0
BRDA:213,5,1,0
BRDA:222,6,0,0
BRDA:222,6,1,0
BRDA:229,7,0,0
BRDA:229,7,1,0
BRDA:252,8,0,0
BRDA:252,8,1,0
BRDA:259,9,0,0
BRDA:259,9,1,0
BRF:20
BRH:0
end_of_record
TN:
SF:app/profile.tsx
FN:27,ProfileScreen
FN:42,(anonymous_1)
FN:43,(anonymous_2)
FN:48,(anonymous_3)
FN:61,(anonymous_4)
FN:83,(anonymous_5)
FN:116,(anonymous_6)
FN:126,(anonymous_7)
FN:136,(anonymous_8)
FN:144,(anonymous_9)
FN:158,(anonymous_10)
FN:180,(anonymous_11)
FN:191,(anonymous_12)
FN:221,(anonymous_13)
FN:292,(anonymous_14)
FN:370,(anonymous_15)
FN:392,(anonymous_16)
FN:409,(anonymous_17)
FN:416,(anonymous_18)
FNF:19
FNH:0
FNDA:0,ProfileScreen
FNDA:0,(anonymous_1)
FNDA:0,(anonymous_2)
FNDA:0,(anonymous_3)
FNDA:0,(anonymous_4)
FNDA:0,(anonymous_5)
FNDA:0,(anonymous_6)
FNDA:0,(anonymous_7)
FNDA:0,(anonymous_8)
FNDA:0,(anonymous_9)
FNDA:0,(anonymous_10)
FNDA:0,(anonymous_11)
FNDA:0,(anonymous_12)
FNDA:0,(anonymous_13)
FNDA:0,(anonymous_14)
FNDA:0,(anonymous_15)
FNDA:0,(anonymous_16)
FNDA:0,(anonymous_17)
FNDA:0,(anonymous_18)
DA:19,0
DA:28,0
DA:31,0
DA:32,0
DA:33,0
DA:34,0
DA:35,0
DA:36,0
DA:37,0
DA:38,0
DA:39,0
DA:42,0
DA:43,0
DA:44,0
DA:45,0
DA:46,0
DA:48,0
DA:49,0
DA:50,0
DA:54,0
DA:58,0
DA:61,0
DA:63,0
DA:67,0
DA:83,0
DA:116,0
DA:126,0
DA:136,0
DA:144,0
DA:158,0
DA:180,0
DA:191,0
DA:221,0
DA:292,0
DA:370,0
DA:392,0
DA:409,0
DA:416,0
DA:423,0
LF:39
LH:0
BRDA:46,0,0,0
BRDA:46,0,1,0
BRDA:49,1,0,0
BRDA:49,1,1,0
BRDA:209,2,0,0
BRDA:209,2,1,0
BRDA:241,3,0,0
BRDA:241,3,1,0
BRDA:254,4,0,0
BRDA:254,4,1,0
BRDA:269,5,0,0
BRDA:269,5,1,0
BRDA:285,6,0,0
BRDA:285,6,1,0
BRDA:313,7,0,0
BRDA:313,7,1,0
BRDA:442,8,0,0
BRDA:442,8,1,0
BRDA:474,9,0,0
BRDA:474,9,1,0
BRF:20
BRH:0
end_of_record
TN:
SF:app/rewinds.tsx
FN:8,RewindsScreen
FN:57,(anonymous_1)
FN:101,(anonymous_2)
FN:108,(anonymous_3)
FNF:4
FNH:0
FNDA:0,RewindsScreen
FNDA:0,(anonymous_1)
FNDA:0,(anonymous_2)
FNDA:0,(anonymous_3)
DA:9,0
DA:10,0
DA:11,0
DA:14,0
DA:39,0
DA:57,0
DA:102,0
DA:108,0
DA:156,0
LF:9
LH:0
BRDA:106,0,0,0
BRDA:106,0,1,0
BRDA:115,1,0,0
BRDA:115,1,1,0
BRDA:120,2,0,0
BRDA:120,2,1,0
BRDA:131,3,0,0
BRDA:131,3,1,0
BRDA:133,4,0,0
BRDA:133,4,1,0
BRDA:199,5,0,0
BRDA:199,5,1,0
BRDA:236,6,0,0
BRDA:236,6,1,0
BRDA:252,7,0,0
BRDA:252,7,1,0
BRF:16
BRH:0
end_of_record
TN:
SF:app/select-a-location.tsx
FN:42,SelectLocationScreen
FN:46,(anonymous_1)
FN:53,(anonymous_2)
FN:76,(anonymous_3)
FN:88,(anonymous_4)
FN:104,(anonymous_5)
FN:112,(anonymous_6)
FN:119,(anonymous_7)
FN:123,(anonymous_8)
FNF:9
FNH:0
FNDA:0,SelectLocationScreen
FNDA:0,(anonymous_1)
FNDA:0,(anonymous_2)
FNDA:0,(anonymous_3)
FNDA:0,(anonymous_4)
FNDA:0,(anonymous_5)
FNDA:0,(anonymous_6)
FNDA:0,(anonymous_7)
FNDA:0,(anonymous_8)
DA:7,0
DA:43,0
DA:46,0
DA:47,0
DA:48,0
DA:49,0
DA:53,0
DA:55,0
DA:63,0
DA:76,0
DA:77,0
DA:82,0
DA:88,0
DA:104,0
DA:112,0
DA:120,0
DA:123,0
DA:145,0
LF:18
LH:0
BRDA:47,0,0,0
BRDA:47,0,1,0
BRDA:48,1,0,0
BRDA:48,1,1,0
BRDA:77,2,0,0
BRDA:77,2,1,0
BRDA:77,2,2,0
BRDA:102,3,0,0
BRDA:102,3,1,0
BRDA:125,4,0,0
BRDA:125,4,1,0
BRDA:131,5,0,0
BRDA:131,5,1,0
BRDA:135,6,0,0
BRDA:135,6,1,0
BRDA:154,7,0,0
BRDA:154,7,1,0
BRF:17
BRH:0
end_of_record
TN:
SF:app/select-date.tsx
FN:19,SelectDate
FN:29,(anonymous_1)
FN:37,(anonymous_2)
FN:41,(anonymous_3)
FN:84,(anonymous_4)
FN:91,(anonymous_5)
FN:97,(anonymous_6)
FN:102,(anonymous_7)
FN:118,(anonymous_8)
FN:138,(anonymous_9)
FN:160,(anonymous_10)
FN:176,(anonymous_11)
FN:183,(anonymous_12)
FN:198,(anonymous_13)
FN:203,(anonymous_14)
FN:207,(anonymous_15)
FN:215,(anonymous_16)
FNF:17
FNH:0
FNDA:0,SelectDate
FNDA:0,(anonymous_1)
FNDA:0,(anonymous_2)
FNDA:0,(anonymous_3)
FNDA:0,(anonymous_4)
FNDA:0,(anonymous_5)
FNDA:0,(anonymous_6)
FNDA:0,(anonymous_7)
FNDA:0,(anonymous_8)
FNDA:0,(anonymous_9)
FNDA:0,(anonymous_10)
FNDA:0,(anonymous_11)
FNDA:0,(anonymous_12)
FNDA:0,(anonymous_13)
FNDA:0,(anonymous_14)
FNDA:0,(anonymous_15)
FNDA:0,(anonymous_16)
DA:6,0
DA:17,0
DA:20,0
DA:21,0
DA:22,0
DA:23,0
DA:24,0
DA:25,0
DA:26,0
DA:29,0
DA:30,0
DA:31,0
DA:33,0
DA:35,0
DA:37,0
DA:38,0
DA:41,0
DA:42,0
DA:43,0
DA:45,0
DA:47,0
DA:49,0
DA:50,0
DA:51,0
DA:54,0
DA:55,0
DA:56,0
DA:59,0
DA:60,0
DA:61,0
DA:64,0
DA:65,0
DA:68,0
DA:69,0
DA:72,0
DA:73,0
DA:76,0
DA:77,0
DA:80,0
DA:84,0
DA:85,0
DA:86,0
DA:91,0
DA:92,0
DA:93,0
DA:94,0
DA:97,0
DA:98,0
DA:99,0
DA:102,0
DA:103,0
DA:104,0
DA:107,0
DA:108,0
DA:109,0
DA:115,0
DA:118,0
DA:119,0
DA:120,0
DA:123,0
DA:126,0
DA:129,0
DA:130,0
DA:131,0
DA:132,0
DA:135,0
DA:138,0
DA:139,0
DA:142,0
DA:155,0
DA:160,0
DA:177,0
DA:183,0
DA:199,0
DA:204,0
DA:208,0
DA:216,0
DA:217,0
DA:249,0
LF:79
LH:0
BRDA:30,0,0,0
BRDA:30,0,1,0
BRDA:45,1,0,0
BRDA:45,1,1,0
BRDA:45,1,2,0
BRDA:45,1,3,0
BRDA:45,1,4,0
BRDA:45,1,5,0
BRDA:45,1,6,0
BRDA:45,1,7,0
BRDA:45,1,8,0
BRDA:68,2,0,0
BRDA:68,2,1,0
BRDA:72,3,0,0
BRDA:72,3,1,0
BRDA:76,4,0,0
BRDA:76,4,1,0
BRDA:85,5,0,0
BRDA:85,5,1,0
BRDA:85,6,0,0
BRDA:85,6,1,0
BRDA:86,7,0,0
BRDA:86,7,1,0
BRDA:86,7,2,0
BRDA:139,8,0,0
BRDA:139,8,1,0
BRDA:150,9,0,0
BRDA:150,9,1,0
BRDA:181,10,0,0
BRDA:181,10,1,0
BRDA:187,11,0,0
BRDA:187,11,1,0
BRDA:209,12,0,0
BRDA:209,12,1,0
BRDA:213,13,0,0
BRDA:213,13,1,0
BRDA:222,14,0,0
BRDA:222,14,1,0
BRDA:237,15,0,0
BRDA:237,15,1,0
BRF:40
BRH:0
end_of_record
TN:
SF:app/songs-we-know.tsx
FN:35,SongsWeKnowScreen
FN:89,(anonymous_1)
FN:98,(anonymous_2)
FN:127,(anonymous_3)
FN:135,(anonymous_4)
FNF:5
FNH:0
FNDA:0,SongsWeKnowScreen
FNDA:0,(anonymous_1)
FNDA:0,(anonymous_2)
FNDA:0,(anonymous_3)
FNDA:0,(anonymous_4)
DA:26,0
DA:36,0
DA:37,0
DA:38,0
DA:41,0
DA:89,0
DA:90,0
DA:98,0
DA:99,0
DA:101,0
DA:115,0
DA:127,0
DA:135,0
DA:144,0
LF:14
LH:0
BRDA:89,0,0,0
BRDA:89,1,0,0
BRDA:90,2,0,0
BRDA:90,2,1,0
BRDA:92,3,0,0
BRDA:92,3,1,0
BRDA:99,4,0,0
BRDA:99,4,1,0
BRDA:103,5,0,0
BRDA:103,5,1,0
BRF:10
BRH:0
end_of_record
TN:
SF:app/subscription.tsx
FN:21,(anonymous_0)
FN:119,(anonymous_1)
FN:148,(anonymous_2)
FN:155,(anonymous_3)
FN:171,(anonymous_4)
FN:198,(anonymous_5)
FN:224,(anonymous_6)
FN:231,(anonymous_7)
FN:262,(anonymous_8)
FNF:9
FNH:0
FNDA:0,(anonymous_0)
FNDA:0,(anonymous_1)
FNDA:0,(anonymous_2)
FNDA:0,(anonymous_3)
FNDA:0,(anonymous_4)
FNDA:0,(anonymous_5)
FNDA:0,(anonymous_6)
FNDA:0,(anonymous_7)
FNDA:0,(anonymous_8)
DA:21,0
DA:22,0
DA:23,0
DA:24,0
DA:25,0
DA:27,0
DA:28,0
DA:30,0
DA:43,0
DA:119,0
DA:120,0
DA:149,0
DA:155,0
DA:156,0
DA:157,0
DA:168,0
DA:172,0
DA:178,0
DA:198,0
DA:224,0
DA:231,0
DA:262,0
DA:263,0
DA:269,0
LF:24
LH:0
BRDA:124,0,0,0
BRDA:124,0,1,0
BRDA:129,1,0,0
BRDA:129,1,1,0
BRDA:141,2,0,0
BRDA:141,2,1,0
BRDA:156,3,0,0
BRDA:156,3,1,0
BRDA:223,4,0,0
BRDA:223,4,1,0
BRDA:226,5,0,0
BRDA:226,5,1,0
BRDA:227,6,0,0
BRDA:227,6,1,0
BRDA:230,7,0,0
BRDA:230,7,1,0
BRDA:233,8,0,0
BRDA:233,8,1,0
BRDA:234,9,0,0
BRDA:234,9,1,0
BRDA:305,10,0,0
BRDA:305,10,1,0
BRDA:319,11,0,0
BRDA:319,11,1,0
BRDA:361,12,0,0
BRDA:361,12,1,0
BRDA:369,13,0,0
BRDA:369,13,1,0
BRDA:377,14,0,0
BRDA:377,14,1,0
BRDA:425,15,0,0
BRDA:425,15,1,0
BRDA:484,16,0,0
BRDA:484,16,1,0
BRDA:508,17,0,0
BRDA:508,17,1,0
BRDA:525,18,0,0
BRDA:525,18,1,0
BRF:38
BRH:0
end_of_record
TN:
SF:app/super-likes.tsx
FN:9,SuperLikesScreen
FN:39,(anonymous_1)
FN:83,(anonymous_2)
FN:90,(anonymous_3)
FNF:4
FNH:0
FNDA:0,SuperLikesScreen
FNDA:0,(anonymous_1)
FNDA:0,(anonymous_2)
FNDA:0,(anonymous_3)
DA:10,0
DA:11,0
DA:12,0
DA:15,0
DA:21,0
DA:39,0
DA:84,0
DA:90,0
DA:131,0
LF:9
LH:0
BRDA:88,0,0,0
BRDA:88,0,1,0
BRDA:96,1,0,0
BRDA:96,1,1,0
BRDA:106,2,0,0
BRDA:106,2,1,0
BRDA:108,3,0,0
BRDA:108,3,1,0
BRDA:174,4,0,0
BRDA:174,4,1,0
BRDA:211,5,0,0
BRDA:211,5,1,0
BRDA:227,6,0,0
BRDA:227,6,1,0
BRF:14
BRH:0
end_of_record
TN:
SF:app/theme.tsx
FN:16,(anonymous_0)
FN:35,(anonymous_1)
FN:54,ThemeScreen
FN:76,(anonymous_3)
FN:102,(anonymous_4)
FN:107,(anonymous_5)
FNF:6
FNH:0
FNDA:0,(anonymous_0)
FNDA:0,(anonymous_1)
FNDA:0,ThemeScreen
FNDA:0,(anonymous_3)
FNDA:0,(anonymous_4)
FNDA:0,(anonymous_5)
DA:14,0
DA:16,0
DA:25,0
DA:35,0
DA:44,0
DA:55,0
DA:57,0
DA:68,0
DA:76,0
DA:103,0
DA:107,0
DA:116,0
LF:12
LH:0
BRDA:29,0,0,0
BRDA:29,0,1,0
BRF:2
BRH:0
end_of_record
TN:
SF:app/welcome.tsx
FN:23,(anonymous_0)
FN:44,WelcomeScreen
FN:47,(anonymous_2)
FN:49,(anonymous_3)
FN:66,(anonymous_4)
FN:78,(anonymous_5)
FNF:6
FNH:0
FNDA:0,(anonymous_0)
FNDA:0,WelcomeScreen
FNDA:0,(anonymous_2)
FNDA:0,(anonymous_3)
FNDA:0,(anonymous_4)
FNDA:0,(anonymous_5)
DA:12,0
DA:26,0
DA:27,0
DA:28,0
DA:29,0
DA:30,0
DA:32,0
DA:45,0
DA:47,0
DA:49,0
DA:50,0
DA:51,0
DA:52,0
DA:53,0
DA:55,0
DA:58,0
DA:59,0
DA:63,0
DA:66,0
DA:67,0
DA:68,0
DA:71,0
DA:79,0
DA:80,0
DA:130,0
LF:25
LH:0
BRDA:26,0,0,0
BRDA:26,0,1,0
BRDA:52,1,0,0
BRDA:52,1,1,0
BRF:4
BRH:0
end_of_record
TN:
SF:app/(tabs)/_layout.tsx
FN:11,TabLayout
FN:36,(anonymous_1)
FN:43,(anonymous_2)
FN:50,(anonymous_3)
FNF:4
FNH:0
FNDA:0,TabLayout
FNDA:0,(anonymous_1)
FNDA:0,(anonymous_2)
FNDA:0,(anonymous_3)
DA:12,0
DA:14,0
DA:36,0
DA:43,0
DA:50,0
LF:5
LH:0
BRDA:17,0,0,0
BRDA:17,0,1,0
BRF:2
BRH:0
end_of_record
TN:
SF:app/(tabs)/(chat)/chat.tsx
FN:145,(anonymous_0)
FN:148,(anonymous_1)
FN:172,(anonymous_2)
FN:184,(anonymous_3)
FN:193,(anonymous_4)
FN:209,ChatsScreen
FN:211,(anonymous_6)
FN:212,(anonymous_7)
FN:221,(anonymous_8)
FN:222,(anonymous_9)
FN:240,(anonymous_10)
FN:274,(anonymous_11)
FN:282,(anonymous_12)
FN:294,(anonymous_13)
FN:296,(anonymous_14)
FN:298,(anonymous_15)
FN:320,(anonymous_16)
FN:329,(anonymous_17)
FN:335,(anonymous_18)
FN:339,(anonymous_19)
FN:346,(anonymous_20)
FNF:21
FNH:0
FNDA:0,(anonymous_0)
FNDA:0,(anonymous_1)
FNDA:0,(anonymous_2)
FNDA:0,(anonymous_3)
FNDA:0,(anonymous_4)
FNDA:0,ChatsScreen
FNDA:0,(anonymous_6)
FNDA:0,(anonymous_7)
FNDA:0,(anonymous_8)
FNDA:0,(anonymous_9)
FNDA:0,(anonymous_10)
FNDA:0,(anonymous_11)
FNDA:0,(anonymous_12)
FNDA:0,(anonymous_13)
FNDA:0,(anonymous_14)
FNDA:0,(anonymous_15)
FNDA:0,(anonymous_16)
FNDA:0,(anonymous_17)
FNDA:0,(anonymous_18)
FNDA:0,(anonymous_19)
FNDA:0,(anonymous_20)
DA:10,0
DA:68,0
DA:145,0
DA:146,0
DA:148,0
DA:172,0
DA:173,0
DA:184,0
DA:193,0
DA:199,0
DA:210,0
DA:211,0
DA:212,0
DA:215,0
DA:221,0
DA:222,0
DA:228,0
DA:240,0
DA:274,0
DA:282,0
DA:294,0
DA:296,0
DA:299,0
DA:300,0
DA:307,0
DA:308,0
DA:315,0
DA:316,0
DA:318,0
DA:321,0
DA:330,0
DA:335,0
DA:340,0
DA:346,0
DA:355,0
LF:35
LH:0
BRDA:161,0,0,0
BRDA:161,0,1,0
BRDA:177,1,0,0
BRDA:177,1,1,0
BRDA:202,2,0,0
BRDA:202,2,1,0
BRDA:273,3,0,0
BRDA:273,3,1,0
BRDA:276,4,0,0
BRDA:276,4,1,0
BRDA:281,5,0,0
BRDA:281,5,1,0
BRDA:284,6,0,0
BRDA:284,6,1,0
BRDA:290,7,0,0
BRDA:290,7,1,0
BRDA:293,8,0,0
BRDA:293,8,1,0
BRDA:295,9,0,0
BRDA:295,9,1,0
BRDA:299,10,0,0
BRDA:299,10,1,0
BRDA:307,11,0,0
BRDA:307,11,1,0
BRDA:315,12,0,0
BRDA:315,12,1,0
BRDA:315,13,0,0
BRDA:315,13,1,0
BRDA:321,14,0,0
BRDA:321,14,1,0
BRDA:321,15,0,0
BRDA:321,15,1,0
BRDA:337,16,0,0
BRDA:337,16,1,0
BRDA:376,17,0,0
BRDA:376,17,1,0
BRDA:404,18,0,0
BRDA:404,18,1,0
BRDA:428,19,0,0
BRDA:428,19,1,0
BRDA:446,20,0,0
BRDA:446,20,1,0
BRDA:453,21,0,0
BRDA:453,21,1,0
BRDA:481,22,0,0
BRDA:481,22,1,0
BRDA:486,23,0,0
BRDA:486,23,1,0
BRDA:497,24,0,0
BRDA:497,24,1,0
BRDA:512,25,0,0
BRDA:512,25,1,0
BRDA:539,26,0,0
BRDA:539,26,1,0
BRDA:569,27,0,0
BRDA:569,27,1,0
BRDA:574,28,0,0
BRDA:574,28,1,0
BRDA:590,29,0,0
BRDA:590,29,1,0
BRF:60
BRH:0
end_of_record
TN:
SF:app/(tabs)/(events)/events.tsx
FN:13,EventsScreen
FNF:1
FNH:0
FNDA:0,EventsScreen
DA:14,0
DA:70,0
LF:2
LH:0
BRF:0
BRH:0
end_of_record
TN:
SF:app/(tabs)/(matching)/_layout.tsx
FN:4,MatchingLayout
FNF:1
FNH:0
FNDA:0,MatchingLayout
DA:5,0
LF:1
LH:0
BRDA:28,0,0,0
BRDA:28,0,1,0
BRDA:38,1,0,0
BRDA:38,1,1,0
BRF:4
BRH:0
end_of_record
TN:
SF:app/(tabs)/(matching)/filters.tsx
FN:20,(anonymous_0)
FN:32,(anonymous_1)
FN:54,(anonymous_2)
FN:56,(anonymous_3)
FN:56,(anonymous_4)
FN:73,FiltersScreen
FN:83,(anonymous_6)
FN:206,(anonymous_7)
FNF:8
FNH:0
FNDA:0,(anonymous_0)
FNDA:0,(anonymous_1)
FNDA:0,(anonymous_2)
FNDA:0,(anonymous_3)
FNDA:0,(anonymous_4)
FNDA:0,FiltersScreen
FNDA:0,(anonymous_6)
FNDA:0,(anonymous_7)
DA:20,0
DA:21,0
DA:32,0
DA:33,0
DA:54,0
DA:55,0
DA:56,0
DA:58,0
DA:74,0
DA:83,0
DA:206,0
DA:215,0
LF:12
LH:0
BRDA:20,0,0,0
BRDA:21,1,0,0
BRDA:21,1,1,0
BRDA:22,2,0,0
BRDA:22,2,1,0
BRF:5
BRH:0
end_of_record
TN:
SF:app/(tabs)/(matching)/matching.tsx
FN:63,MatchingScreen
FN:122,(anonymous_1)
FN:134,(anonymous_2)
FN:153,(anonymous_3)
FN:158,(anonymous_4)
FN:164,(anonymous_5)
FN:169,(anonymous_6)
FN:175,(anonymous_7)
FN:183,(anonymous_8)
FN:189,(anonymous_9)
FN:222,(anonymous_10)
FN:238,(anonymous_11)
FN:247,(anonymous_12)
FN:270,(anonymous_13)
FN:274,(anonymous_14)
FN:277,(anonymous_15)
FN:331,(anonymous_16)
FN:367,(anonymous_17)
FN:378,(anonymous_18)
FN:426,(anonymous_19)
FN:440,(anonymous_20)
FN:450,(anonymous_21)
FN:460,(anonymous_22)
FN:462,(anonymous_23)
FN:476,(anonymous_24)
FN:493,(anonymous_25)
FN:508,(anonymous_26)
FN:521,(anonymous_27)
FN:569,(anonymous_28)
FN:605,(anonymous_29)
FN:626,(anonymous_30)
FN:679,(anonymous_31)
FN:698,(anonymous_32)
FN:719,(anonymous_33)
FN:733,(anonymous_34)
FN:742,(anonymous_35)
FN:750,(anonymous_36)
FN:758,(anonymous_37)
FNF:38
FNH:0
FNDA:0,MatchingScreen
FNDA:0,(anonymous_1)
FNDA:0,(anonymous_2)
FNDA:0,(anonymous_3)
FNDA:0,(anonymous_4)
FNDA:0,(anonymous_5)
FNDA:0,(anonymous_6)
FNDA:0,(anonymous_7)
FNDA:0,(anonymous_8)
FNDA:0,(anonymous_9)
FNDA:0,(anonymous_10)
FNDA:0,(anonymous_11)
FNDA:0,(anonymous_12)
FNDA:0,(anonymous_13)
FNDA:0,(anonymous_14)
FNDA:0,(anonymous_15)
FNDA:0,(anonymous_16)
FNDA:0,(anonymous_17)
FNDA:0,(anonymous_18)
FNDA:0,(anonymous_19)
FNDA:0,(anonymous_20)
FNDA:0,(anonymous_21)
FNDA:0,(anonymous_22)
FNDA:0,(anonymous_23)
FNDA:0,(anonymous_24)
FNDA:0,(anonymous_25)
FNDA:0,(anonymous_26)
FNDA:0,(anonymous_27)
FNDA:0,(anonymous_28)
FNDA:0,(anonymous_29)
FNDA:0,(anonymous_30)
FNDA:0,(anonymous_31)
FNDA:0,(anonymous_32)
FNDA:0,(anonymous_33)
FNDA:0,(anonymous_34)
FNDA:0,(anonymous_35)
FNDA:0,(anonymous_36)
FNDA:0,(anonymous_37)
DA:25,0
DA:26,0
DA:27,0
DA:28,0
DA:30,0
DA:31,0
DA:32,0
DA:48,0
DA:64,0
DA:65,0
DA:66,0
DA:67,0
DA:68,0
DA:69,0
DA:112,0
DA:113,0
DA:114,0
DA:115,0
DA:116,0
DA:117,0
DA:118,0
DA:119,0
DA:122,0
DA:123,0
DA:124,0
DA:125,0
DA:126,0
DA:127,0
DA:128,0
DA:129,0
DA:130,0
DA:134,0
DA:135,0
DA:143,0
DA:153,0
DA:155,0
DA:158,0
DA:161,0
DA:164,0
DA:166,0
DA:169,0
DA:172,0
DA:175,0
DA:176,0
DA:177,0
DA:178,0
DA:179,0
DA:180,0
DA:182,0
DA:183,0
DA:184,0
DA:189,0
DA:190,0
DA:191,0
DA:194,0
DA:195,0
DA:197,0
DA:198,0
DA:201,0
DA:202,0
DA:203,0
DA:204,0
DA:208,0
DA:211,0
DA:212,0
DA:223,0
DA:224,0
DA:227,0
DA:228,0
DA:239,0
DA:240,0
DA:247,0
DA:248,0
DA:251,0
DA:254,0
DA:256,0
DA:267,0
DA:272,0
DA:275,0
DA:279,0
DA:280,0
DA:281,0
DA:288,0
DA:289,0
DA:295,0
DA:296,0
DA:297,0
DA:298,0
DA:304,0
DA:305,0
DA:306,0
DA:307,0
DA:313,0
DA:314,0
DA:317,0
DA:324,0
DA:333,0
DA:336,0
DA:338,0
DA:339,0
DA:340,0
DA:341,0
DA:342,0
DA:343,0
DA:347,0
DA:349,0
DA:351,0
DA:352,0
DA:353,0
DA:354,0
DA:355,0
DA:356,0
DA:360,0
DA:361,0
DA:367,0
DA:369,0
DA:378,0
DA:383,0
DA:385,0
DA:394,0
DA:403,0
DA:409,0
DA:410,0
DA:411,0
DA:414,0
DA:415,0
DA:418,0
DA:422,0
DA:428,0
DA:429,0
DA:430,0
DA:434,0
DA:440,0
DA:450,0
DA:451,0
DA:460,0
DA:462,0
DA:463,0
DA:466,0
DA:467,0
DA:468,0
DA:469,0
DA:470,0
DA:471,0
DA:472,0
DA:476,0
DA:477,0
DA:478,0
DA:480,0
DA:481,0
DA:483,0
DA:484,0
DA:486,0
DA:487,0
DA:493,0
DA:494,0
DA:495,0
DA:502,0
DA:503,0
DA:509,0
DA:510,0
DA:519,0
DA:522,0
DA:524,0
DA:525,0
DA:529,0
DA:569,0
DA:570,0
DA:606,0
DA:626,0
DA:627,0
DA:629,0
DA:670,0
DA:679,0
DA:699,0
DA:720,0
DA:721,0
DA:722,0
DA:725,0
DA:726,0
DA:727,0
DA:728,0
DA:729,0
DA:730,0
DA:731,0
DA:733,0
DA:742,0
DA:750,0
DA:758,0
DA:776,0
LF:190
LH:0
BRDA:50,0,0,0
BRDA:50,0,1,0
BRDA:176,1,0,0
BRDA:176,1,1,0
BRDA:178,2,0,0
BRDA:178,2,1,0
BRDA:180,3,0,0
BRDA:180,3,1,0
BRDA:190,4,0,0
BRDA:190,4,1,0
BRDA:197,5,0,0
BRDA:197,5,1,0
BRDA:197,6,0,0
BRDA:197,6,1,0
BRDA:198,7,0,0
BRDA:198,7,1,0
BRDA:201,8,0,0
BRDA:201,8,1,0
BRDA:203,9,0,0
BRDA:203,9,1,0
BRDA:211,10,0,0
BRDA:211,10,1,0
BRDA:211,11,0,0
BRDA:211,11,1,0
BRDA:227,12,0,0
BRDA:227,12,1,0
BRDA:248,13,0,0
BRDA:248,13,1,0
BRDA:248,14,0,0
BRDA:248,14,1,0
BRDA:248,14,2,0
BRDA:251,15,0,0
BRDA:251,15,1,0
BRDA:257,16,0,0
BRDA:257,16,1,0
BRDA:288,17,0,0
BRDA:288,17,1,0
BRDA:288,18,0,0
BRDA:288,18,1,0
BRDA:297,19,0,0
BRDA:297,19,1,0
BRDA:306,20,0,0
BRDA:306,20,1,0
BRDA:338,21,0,0
BRDA:338,21,1,0
BRDA:338,22,0,0
BRDA:338,22,1,0
BRDA:340,23,0,0
BRDA:340,23,1,0
BRDA:342,24,0,0
BRDA:342,24,1,0
BRDA:347,25,0,0
BRDA:347,25,1,0
BRDA:347,26,0,0
BRDA:347,26,1,0
BRDA:349,27,0,0
BRDA:349,27,1,0
BRDA:351,28,0,0
BRDA:351,28,1,0
BRDA:353,29,0,0
BRDA:353,29,1,0
BRDA:355,30,0,0
BRDA:355,30,1,0
BRDA:360,31,0,0
BRDA:360,31,1,0
BRDA:370,32,0,0
BRDA:370,32,1,0
BRDA:429,33,0,0
BRDA:429,33,1,0
BRDA:477,34,0,0
BRDA:477,34,1,0
BRDA:478,35,0,0
BRDA:478,35,1,0
BRDA:478,35,2,0
BRDA:494,36,0,0
BRDA:494,36,1,0
BRDA:502,37,0,0
BRDA:502,37,1,0
BRDA:522,38,0,0
BRDA:522,38,1,0
BRDA:522,39,0,0
BRDA:522,39,1,0
BRDA:525,40,0,0
BRDA:525,40,1,0
BRDA:537,41,0,0
BRDA:537,41,1,0
BRDA:627,42,0,0
BRDA:627,42,1,0
BRDA:720,43,0,0
BRDA:720,43,1,0
BRDA:720,44,0,0
BRDA:720,44,1,0
BRDA:742,45,0,0
BRDA:742,45,1,0
BRDA:750,46,0,0
BRDA:750,46,1,0
BRDA:758,47,0,0
BRDA:758,47,1,0
BRDA:1033,48,0,0
BRDA:1033,48,1,0
BRDA:1074,49,0,0
BRDA:1074,49,1,0
BRDA:1080,50,0,0
BRDA:1080,50,1,0
BRDA:1086,51,0,0
BRDA:1086,51,1,0
BRDA:1104,52,0,0
BRDA:1104,52,1,0
BRDA:1116,53,0,0
BRDA:1116,53,1,0
BRF:110
BRH:0
end_of_record
TN:
SF:app/components/CloseAccountModal.tsx
FN:21,CloseAccountModal
FN:69,(anonymous_1)
FNF:2
FNH:0
FNDA:0,CloseAccountModal
FNDA:0,(anonymous_1)
DA:13,0
DA:22,0
DA:83,0
LF:3
LH:0
BRF:0
BRH:0
end_of_record
TN:
SF:app/components/HelpImproveModal.tsx
FN:22,HelpImproveModal
FN:32,(anonymous_1)
FN:39,(anonymous_2)
FN:43,(anonymous_3)
FN:49,(anonymous_4)
FN:55,(anonymous_5)
FN:78,(anonymous_6)
FN:85,(anonymous_7)
FNF:8
FNH:0
FNDA:0,HelpImproveModal
FNDA:0,(anonymous_1)
FNDA:0,(anonymous_2)
FNDA:0,(anonymous_3)
FNDA:0,(anonymous_4)
FNDA:0,(anonymous_5)
FNDA:0,(anonymous_6)
FNDA:0,(anonymous_7)
DA:14,0
DA:27,0
DA:28,0
DA:29,0
DA:30,0
DA:32,0
DA:33,0
DA:34,0
DA:35,0
DA:39,0
DA:40,0
DA:43,0
DA:45,0
DA:49,0
DA:51,0
DA:52,0
DA:55,0
DA:57,0
DA:61,0
DA:79,0
DA:85,0
DA:169,0
LF:22
LH:0
BRDA:25,0,0,0
BRDA:33,1,0,0
BRDA:33,1,1,0
BRDA:83,2,0,0
BRDA:83,2,1,0
BRDA:89,3,0,0
BRDA:89,3,1,0
BRF:7
BRH:0
end_of_record
TN:
SF:app/components/LocationPin.tsx
FN:14,(anonymous_0)
FNF:1
FNH:0
FNDA:0,(anonymous_0)
DA:14,0
DA:18,0
DA:29,0
LF:3
LH:0
BRDA:15,0,0,0
BRDA:16,1,0,0
BRF:2
BRH:0
end_of_record
TN:
SF:app/components/MeetingCard.tsx
FN:13,(anonymous_0)
FN:43,(anonymous_1)
FNF:2
FNH:2
FNDA:4,(anonymous_0)
FNDA:1,(anonymous_1)
DA:13,1
DA:20,4
DA:21,4
DA:23,4
DA:43,1
DA:52,1
LF:6
LH:6
BRDA:14,0,0,1
BRDA:15,1,0,1
BRDA:16,2,0,1
BRDA:17,3,0,1
BRDA:18,4,0,1
BRF:5
BRH:5
end_of_record
TN:
SF:app/components/RemoveMatchModal.tsx
FN:21,RemoveMatchModal
FNF:1
FNH:0
FNDA:0,RemoveMatchModal
DA:13,0
DA:22,0
DA:54,0
LF:3
LH:0
BRF:0
BRH:0
end_of_record
TN:
SF:app/components/ReportMusicianModal.tsx
FN:21,ReportMusicianModal
FNF:1
FNH:0
FNDA:0,ReportMusicianModal
DA:13,0
DA:22,0
DA:54,0
LF:3
LH:0
BRF:0
BRH:0
end_of_record
TN:
SF:app/onboarding/_layout.tsx
FN:6,OnboardingLayout
FNF:1
FNH:0
FNDA:0,OnboardingLayout
DA:7,0
LF:1
LH:0
BRF:0
BRH:0
end_of_record
TN:
SF:app/onboarding/about-you.tsx
FN:9,AboutYouScreen
FN:13,(anonymous_1)
FN:17,(anonymous_2)
FNF:3
FNH:0
FNDA:0,AboutYouScreen
FNDA:0,(anonymous_1)
FNDA:0,(anonymous_2)
DA:10,0
DA:11,0
DA:13,0
DA:14,0
DA:17,0
DA:18,0
DA:19,0
DA:20,0
DA:22,0
DA:24,0
DA:28,0
DA:130,0
LF:12
LH:0
BRDA:19,0,0,0
BRDA:19,0,1,0
BRDA:30,1,0,0
BRDA:30,1,1,0
BRF:4
BRH:0
end_of_record
TN:
SF:app/onboarding/age-range.tsx
FN:10,AgeRangeScreen
FN:17,(anonymous_1)
FN:21,(anonymous_2)
FN:32,(anonymous_3)
FN:74,(anonymous_4)
FNF:5
FNH:0
FNDA:0,AgeRangeScreen
FNDA:0,(anonymous_1)
FNDA:0,(anonymous_2)
FNDA:0,(anonymous_3)
FNDA:0,(anonymous_4)
DA:11,0
DA:12,0
DA:13,0
DA:15,0
DA:17,0
DA:18,0
DA:21,0
DA:22,0
DA:23,0
DA:24,0
DA:28,0
DA:32,0
DA:33,0
DA:36,0
DA:74,0
DA:125,0
LF:16
LH:0
BRDA:18,0,0,0
BRDA:18,0,1,0
BRF:2
BRH:0
end_of_record
TN:
SF:app/onboarding/artists.tsx
FN:34,ArtistsScreen
FN:40,(anonymous_1)
FN:45,(anonymous_2)
FN:52,(anonymous_3)
FN:54,(anonymous_4)
FN:60,(anonymous_5)
FN:64,(anonymous_6)
FN:67,(anonymous_7)
FN:68,(anonymous_8)
FN:138,(anonymous_9)
FN:142,(anonymous_10)
FN:204,(anonymous_11)
FNF:12
FNH:0
FNDA:0,ArtistsScreen
FNDA:0,(anonymous_1)
FNDA:0,(anonymous_2)
FNDA:0,(anonymous_3)
FNDA:0,(anonymous_4)
FNDA:0,(anonymous_5)
FNDA:0,(anonymous_6)
FNDA:0,(anonymous_7)
FNDA:0,(anonymous_8)
FNDA:0,(anonymous_9)
FNDA:0,(anonymous_10)
FNDA:0,(anonymous_11)
DA:10,0
DA:35,0
DA:36,0
DA:37,0
DA:38,0
DA:40,0
DA:42,0
DA:43,0
DA:45,0
DA:46,0
DA:48,0
DA:52,0
DA:53,0
DA:54,0
DA:56,0
DA:60,0
DA:61,0
DA:64,0
DA:65,0
DA:67,0
DA:68,0
DA:71,0
DA:72,0
DA:76,0
DA:80,0
DA:139,0
DA:142,0
DA:204,0
DA:205,0
DA:212,0
DA:215,0
LF:31
LH:0
BRDA:42,0,0,0
BRDA:42,0,1,0
BRDA:53,1,0,0
BRDA:53,1,1,0
BRDA:146,2,0,0
BRDA:146,2,1,0
BRDA:156,3,0,0
BRDA:156,3,1,0
BRDA:182,4,0,0
BRDA:182,4,1,0
BRDA:189,5,0,0
BRDA:189,5,1,0
BRF:12
BRH:0
end_of_record
TN:
SF:app/onboarding/band-members.tsx
FN:9,BandMembersScreen
FN:13,(anonymous_1)
FN:20,(anonymous_2)
FN:34,(anonymous_3)
FN:39,(anonymous_4)
FNF:5
FNH:0
FNDA:0,BandMembersScreen
FNDA:0,(anonymous_1)
FNDA:0,(anonymous_2)
FNDA:0,(anonymous_3)
FNDA:0,(anonymous_4)
DA:10,0
DA:11,0
DA:13,0
DA:14,0
DA:16,0
DA:17,0
DA:20,0
DA:21,0
DA:22,0
DA:23,0
DA:25,0
DA:27,0
DA:29,0
DA:34,0
DA:35,0
DA:36,0
DA:39,0
DA:40,0
DA:43,0
DA:129,0
LF:20
LH:0
BRDA:17,0,0,0
BRDA:17,0,1,0
BRDA:22,1,0,0
BRDA:22,1,1,0
BRDA:46,2,0,0
BRDA:46,2,1,0
BRDA:109,3,0,0
BRDA:109,3,1,0
BRF:8
BRH:0
end_of_record
TN:
SF:app/onboarding/band-name.tsx
FN:9,BandNameScreen
FN:13,(anonymous_1)
FN:18,(anonymous_2)
FN:31,(anonymous_3)
FNF:4
FNH:0
FNDA:0,BandNameScreen
FNDA:0,(anonymous_1)
FNDA:0,(anonymous_2)
FNDA:0,(anonymous_3)
DA:10,0
DA:11,0
DA:13,0
DA:14,0
DA:15,0
DA:18,0
DA:19,0
DA:20,0
DA:22,0
DA:24,0
DA:26,0
DA:31,0
DA:32,0
DA:35,0
DA:112,0
LF:15
LH:0
BRDA:19,0,0,0
BRDA:19,0,1,0
BRDA:93,1,0,0
BRDA:93,1,1,0
BRF:4
BRH:0
end_of_record
TN:
SF:app/onboarding/confirm-password.tsx
FN:10,ConfirmPasswordScreen
FN:18,(anonymous_1)
FN:19,(anonymous_2)
FN:34,(anonymous_3)
FN:46,(anonymous_4)
FN:60,(anonymous_5)
FN:102,(anonymous_6)
FNF:7
FNH:0
FNDA:0,ConfirmPasswordScreen
FNDA:0,(anonymous_1)
FNDA:0,(anonymous_2)
FNDA:0,(anonymous_3)
FNDA:0,(anonymous_4)
FNDA:0,(anonymous_5)
FNDA:0,(anonymous_6)
DA:11,0
DA:12,0
DA:13,0
DA:14,0
DA:15,0
DA:18,0
DA:19,0
DA:20,0
DA:21,0
DA:22,0
DA:23,0
DA:26,0
DA:30,0
DA:34,0
DA:36,0
DA:39,0
DA:40,0
DA:42,0
DA:46,0
DA:47,0
DA:48,0
DA:50,0
DA:53,0
DA:55,0
DA:60,0
DA:61,0
DA:64,0
DA:102,0
DA:146,0
LF:29
LH:0
BRDA:22,0,0,0
BRDA:22,0,1,0
BRDA:39,1,0,0
BRDA:39,1,1,0
BRDA:39,2,0,0
BRDA:39,2,1,0
BRDA:47,3,0,0
BRDA:47,3,1,0
BRDA:104,4,0,0
BRDA:104,4,1,0
BRDA:111,5,0,0
BRDA:111,5,1,0
BRDA:127,6,0,0
BRDA:127,6,1,0
BRF:14
BRH:0
end_of_record
TN:
SF:app/onboarding/create-password.tsx
FN:10,CreatePasswordScreen
FN:21,(anonymous_1)
FN:30,(anonymous_2)
FN:41,(anonymous_3)
FN:56,(anonymous_4)
FN:61,(anonymous_5)
FN:103,(anonymous_6)
FNF:7
FNH:0
FNDA:0,CreatePasswordScreen
FNDA:0,(anonymous_1)
FNDA:0,(anonymous_2)
FNDA:0,(anonymous_3)
FNDA:0,(anonymous_4)
FNDA:0,(anonymous_5)
FNDA:0,(anonymous_6)
DA:11,0
DA:12,0
DA:13,0
DA:16,0
DA:17,0
DA:18,0
DA:21,0
DA:22,0
DA:23,0
DA:24,0
DA:27,0
DA:30,0
DA:31,0
DA:33,0
DA:35,0
DA:37,0
DA:41,0
DA:42,0
DA:43,0
DA:44,0
DA:47,0
DA:48,0
DA:51,0
DA:52,0
DA:56,0
DA:58,0
DA:61,0
DA:62,0
DA:65,0
DA:103,0
DA:185,0
LF:31
LH:0
BRDA:105,0,0,0
BRDA:105,0,1,0
BRDA:123,1,0,0
BRDA:123,1,1,0
BRDA:134,2,0,0
BRDA:134,2,1,0
BRDA:145,3,0,0
BRDA:145,3,1,0
BRDA:166,4,0,0
BRDA:166,4,1,0
BRF:10
BRH:0
end_of_record
TN:
SF:app/onboarding/date-of-birth.tsx
FN:9,DateOfBirthScreen
FN:14,(anonymous_1)
FN:20,(anonymous_2)
FN:25,(anonymous_3)
FN:38,(anonymous_4)
FNF:5
FNH:0
FNDA:0,DateOfBirthScreen
FNDA:0,(anonymous_1)
FNDA:0,(anonymous_2)
FNDA:0,(anonymous_3)
FNDA:0,(anonymous_4)
DA:10,0
DA:11,0
DA:14,0
DA:17,0
DA:20,0
DA:21,0
DA:22,0
DA:25,0
DA:26,0
DA:27,0
DA:29,0
DA:31,0
DA:33,0
DA:38,0
DA:39,0
DA:42,0
DA:119,0
LF:17
LH:0
BRDA:26,0,0,0
BRDA:26,0,1,0
BRDA:100,1,0,0
BRDA:100,1,1,0
BRF:4
BRH:0
end_of_record
TN:
SF:app/onboarding/email-verification.tsx
FN:9,EmailVerificationScreen
FN:12,(anonymous_1)
FN:16,(anonymous_2)
FN:20,(anonymous_3)
FNF:4
FNH:0
FNDA:0,EmailVerificationScreen
FNDA:0,(anonymous_1)
FNDA:0,(anonymous_2)
FNDA:0,(anonymous_3)
DA:7,0
DA:10,0
DA:12,0
DA:13,0
DA:16,0
DA:17,0
DA:20,0
DA:22,0
DA:26,0
DA:103,0
LF:10
LH:0
BRF:0
BRH:0
end_of_record
TN:
SF:app/onboarding/email.tsx
FN:13,(anonymous_0)
FN:17,(anonymous_1)
FNF:2
FNH:0
FNDA:0,(anonymous_0)
FNDA:0,(anonymous_1)
DA:13,0
DA:14,0
DA:15,0
DA:17,0
DA:19,0
DA:20,0
DA:21,0
DA:24,0
DA:116,0
LF:9
LH:0
BRDA:72,0,0,0
BRDA:72,0,1,0
BRF:2
BRH:0
end_of_record
TN:
SF:app/onboarding/final.tsx
FN:8,(anonymous_0)
FN:17,FinalScreen
FN:18,(anonymous_2)
FNF:3
FNH:0
FNDA:0,(anonymous_0)
FNDA:0,FinalScreen
FNDA:0,(anonymous_2)
DA:8,0
DA:9,0
DA:18,0
DA:19,0
DA:24,0
DA:62,0
LF:6
LH:0
BRF:0
BRH:0
end_of_record
TN:
SF:app/onboarding/full-name.tsx
FN:9,FullNameScreen
FN:15,(anonymous_1)
FN:16,(anonymous_2)
FN:31,(anonymous_3)
FN:36,(anonymous_4)
FN:58,(anonymous_5)
FNF:6
FNH:0
FNDA:0,FullNameScreen
FNDA:0,(anonymous_1)
FNDA:0,(anonymous_2)
FNDA:0,(anonymous_3)
FNDA:0,(anonymous_4)
FNDA:0,(anonymous_5)
DA:10,0
DA:11,0
DA:12,0
DA:15,0
DA:16,0
DA:17,0
DA:18,0
DA:19,0
DA:20,0
DA:23,0
DA:27,0
DA:31,0
DA:33,0
DA:36,0
DA:37,0
DA:38,0
DA:40,0
DA:43,0
DA:44,0
DA:48,0
DA:53,0
DA:58,0
DA:59,0
DA:62,0
DA:143,0
LF:25
LH:0
BRDA:19,0,0,0
BRDA:19,0,1,0
BRDA:37,1,0,0
BRDA:37,1,1,0
BRDA:43,2,0,0
BRDA:43,2,1,0
BRDA:124,3,0,0
BRDA:124,3,1,0
BRF:8
BRH:0
end_of_record
TN:
SF:app/onboarding/gender.tsx
FN:9,GenderScreen
FN:13,(anonymous_1)
FN:18,(anonymous_2)
FN:31,(anonymous_3)
FNF:4
FNH:0
FNDA:0,GenderScreen
FNDA:0,(anonymous_1)
FNDA:0,(anonymous_2)
FNDA:0,(anonymous_3)
DA:10,0
DA:11,0
DA:13,0
DA:14,0
DA:15,0
DA:18,0
DA:19,0
DA:20,0
DA:21,0
DA:22,0
DA:26,0
DA:31,0
DA:32,0
DA:35,0
DA:112,0
LF:15
LH:0
BRDA:19,0,0,0
BRDA:19,0,1,0
BRDA:93,1,0,0
BRDA:93,1,1,0
BRF:4
BRH:0
end_of_record
TN:
SF:app/onboarding/genres.tsx
FN:42,GenresScreen
FN:48,(anonymous_1)
FN:53,(anonymous_2)
FN:60,(anonymous_3)
FN:62,(anonymous_4)
FN:68,(anonymous_5)
FN:72,(anonymous_6)
FN:75,(anonymous_7)
FN:76,(anonymous_8)
FN:146,(anonymous_9)
FN:154,(anonymous_10)
FNF:11
FNH:0
FNDA:0,GenresScreen
FNDA:0,(anonymous_1)
FNDA:0,(anonymous_2)
FNDA:0,(anonymous_3)
FNDA:0,(anonymous_4)
FNDA:0,(anonymous_5)
FNDA:0,(anonymous_6)
FNDA:0,(anonymous_7)
FNDA:0,(anonymous_8)
FNDA:0,(anonymous_9)
FNDA:0,(anonymous_10)
DA:10,0
DA:43,0
DA:44,0
DA:45,0
DA:46,0
DA:48,0
DA:50,0
DA:51,0
DA:53,0
DA:54,0
DA:56,0
DA:60,0
DA:61,0
DA:62,0
DA:64,0
DA:68,0
DA:69,0
DA:72,0
DA:73,0
DA:75,0
DA:76,0
DA:79,0
DA:80,0
DA:84,0
DA:88,0
DA:147,0
DA:154,0
DA:202,0
LF:28
LH:0
BRDA:50,0,0,0
BRDA:50,0,1,0
BRDA:61,1,0,0
BRDA:61,1,1,0
BRDA:152,2,0,0
BRDA:152,2,1,0
BRDA:157,3,0,0
BRDA:157,3,1,0
BRDA:181,4,0,0
BRDA:181,4,1,0
BRDA:188,5,0,0
BRDA:188,5,1,0
BRF:12
BRH:0
end_of_record
TN:
SF:app/onboarding/index.tsx
FN:6,OnboardingIndex
FN:7,(anonymous_1)
FNF:2
FNH:0
FNDA:0,OnboardingIndex
FNDA:0,(anonymous_1)
DA:7,0
DA:9,0
DA:12,0
LF:3
LH:0
BRF:0
BRH:0
end_of_record
TN:
SF:app/onboarding/instruments.tsx
FN:81,InstrumentsScreen
FN:85,(anonymous_1)
FN:87,(anonymous_2)
FN:93,(anonymous_3)
FN:104,(anonymous_4)
FN:110,(anonymous_5)
FN:112,(anonymous_6)
FN:115,(anonymous_7)
FN:173,(anonymous_8)
FN:177,(anonymous_9)
FN:185,(anonymous_10)
FNF:11
FNH:0
FNDA:0,InstrumentsScreen
FNDA:0,(anonymous_1)
FNDA:0,(anonymous_2)
FNDA:0,(anonymous_3)
FNDA:0,(anonymous_4)
FNDA:0,(anonymous_5)
FNDA:0,(anonymous_6)
FNDA:0,(anonymous_7)
FNDA:0,(anonymous_8)
FNDA:0,(anonymous_9)
FNDA:0,(anonymous_10)
DA:10,0
DA:82,0
DA:83,0
DA:85,0
DA:86,0
DA:87,0
DA:89,0
DA:93,0
DA:94,0
DA:95,0
DA:96,0
DA:100,0
DA:104,0
DA:105,0
DA:108,0
DA:110,0
DA:113,0
DA:115,0
DA:117,0
DA:174,0
DA:178,0
DA:185,0
DA:233,0
LF:23
LH:0
BRDA:86,0,0,0
BRDA:86,0,1,0
BRDA:108,1,0,0
BRDA:108,1,1,0
BRDA:183,2,0,0
BRDA:183,2,1,0
BRDA:188,3,0,0
BRDA:188,3,1,0
BRDA:217,4,0,0
BRDA:217,4,1,0
BRDA:224,5,0,0
BRDA:224,5,1,0
BRF:12
BRH:0
end_of_record
TN:
SF:app/onboarding/level.tsx
FN:16,SkillLevelsScreen
FN:20,(anonymous_1)
FN:21,(anonymous_2)
FN:30,(anonymous_3)
FN:44,(anonymous_4)
FN:45,(anonymous_5)
FN:46,(anonymous_6)
FN:54,(anonymous_7)
FN:58,(anonymous_8)
FN:69,(anonymous_9)
FN:78,(anonymous_10)
FN:125,(anonymous_11)
FNF:12
FNH:0
FNDA:0,SkillLevelsScreen
FNDA:0,(anonymous_1)
FNDA:0,(anonymous_2)
FNDA:0,(anonymous_3)
FNDA:0,(anonymous_4)
FNDA:0,(anonymous_5)
FNDA:0,(anonymous_6)
FNDA:0,(anonymous_7)
FNDA:0,(anonymous_8)
FNDA:0,(anonymous_9)
FNDA:0,(anonymous_10)
FNDA:0,(anonymous_11)
DA:17,0
DA:18,0
DA:20,0
DA:21,0
DA:22,0
DA:23,0
DA:24,0
DA:25,0
DA:26,0
DA:29,0
DA:30,0
DA:37,0
DA:41,0
DA:44,0
DA:45,0
DA:46,0
DA:47,0
DA:54,0
DA:55,0
DA:58,0
DA:59,0
DA:60,0
DA:61,0
DA:65,0
DA:69,0
DA:70,0
DA:72,0
DA:78,0
DA:90,0
DA:126,0
DA:167,0
LF:31
LH:0
BRDA:24,0,0,0
BRDA:24,0,1,0
BRDA:47,1,0,0
BRDA:47,1,1,0
BRDA:76,2,0,0
BRDA:76,2,1,0
BRDA:82,3,0,0
BRDA:82,3,1,0
BRF:8
BRH:0
end_of_record
TN:
SF:app/onboarding/location.tsx
FN:17,LocationScreen
FN:24,(anonymous_1)
FN:28,(anonymous_2)
FN:33,(anonymous_3)
FN:40,(anonymous_4)
FN:46,(anonymous_5)
FN:50,(anonymous_6)
FNF:7
FNH:0
FNDA:0,LocationScreen
FNDA:0,(anonymous_1)
FNDA:0,(anonymous_2)
FNDA:0,(anonymous_3)
FNDA:0,(anonymous_4)
FNDA:0,(anonymous_5)
FNDA:0,(anonymous_6)
DA:18,0
DA:19,0
DA:20,0
DA:21,0
DA:22,0
DA:24,0
DA:25,0
DA:28,0
DA:29,0
DA:30,0
DA:33,0
DA:34,0
DA:35,0
DA:36,0
DA:37,0
DA:40,0
DA:41,0
DA:42,0
DA:43,0
DA:46,0
DA:47,0
DA:50,0
DA:51,0
DA:52,0
DA:53,0
DA:54,0
DA:56,0
DA:58,0
DA:62,0
DA:174,0
LF:30
LH:0
BRDA:53,0,0,0
BRDA:53,0,1,0
BRDA:108,1,0,0
BRDA:108,1,1,0
BRDA:111,2,0,0
BRDA:111,2,1,0
BRDA:113,3,0,0
BRDA:113,3,1,0
BRDA:118,4,0,0
BRDA:118,4,1,0
BRDA:147,5,0,0
BRDA:147,5,1,0
BRF:12
BRH:0
end_of_record
TN:
SF:app/onboarding/login.tsx
FN:10,(anonymous_0)
FN:31,(anonymous_1)
FN:40,(anonymous_2)
FN:49,Login
FN:50,(anonymous_4)
FN:54,(anonymous_5)
FN:60,(anonymous_6)
FN:82,(anonymous_7)
FN:90,(anonymous_8)
FN:98,(anonymous_9)
FNF:10
FNH:0
FNDA:0,(anonymous_0)
FNDA:0,(anonymous_1)
FNDA:0,(anonymous_2)
FNDA:0,Login
FNDA:0,(anonymous_4)
FNDA:0,(anonymous_5)
FNDA:0,(anonymous_6)
FNDA:0,(anonymous_7)
FNDA:0,(anonymous_8)
FNDA:0,(anonymous_9)
DA:8,0
DA:10,0
DA:11,0
DA:31,0
DA:32,0
DA:40,0
DA:41,0
DA:50,0
DA:51,0
DA:54,0
DA:55,0
DA:57,0
DA:60,0
DA:61,0
DA:64,0
DA:82,0
DA:90,0
DA:98,0
DA:128,0
LF:19
LH:0
BRF:0
BRH:0
end_of_record
TN:
SF:app/onboarding/notifications.tsx
FN:8,NotificationsScreen
FN:9,(anonymous_1)
FN:19,(anonymous_2)
FNF:3
FNH:0
FNDA:0,NotificationsScreen
FNDA:0,(anonymous_1)
FNDA:0,(anonymous_2)
DA:9,0
DA:10,0
DA:12,0
DA:13,0
DA:15,0
DA:19,0
DA:20,0
DA:21,0
DA:22,0
DA:24,0
DA:28,0
DA:77,0
LF:12
LH:0
BRF:0
BRH:0
end_of_record
TN:
SF:app/onboarding/pictures.tsx
FN:9,PicturesScreen
FN:12,(anonymous_1)
FN:17,(anonymous_2)
FN:21,(anonymous_3)
FN:71,(anonymous_4)
FN:81,(anonymous_5)
FN:94,(anonymous_6)
FN:104,(anonymous_7)
FNF:8
FNH:0
FNDA:0,PicturesScreen
FNDA:0,(anonymous_1)
FNDA:0,(anonymous_2)
FNDA:0,(anonymous_3)
FNDA:0,(anonymous_4)
FNDA:0,(anonymous_5)
FNDA:0,(anonymous_6)
FNDA:0,(anonymous_7)
DA:10,0
DA:12,0
DA:14,0
DA:17,0
DA:18,0
DA:21,0
DA:22,0
DA:23,0
DA:24,0
DA:26,0
DA:28,0
DA:32,0
DA:71,0
DA:81,0
DA:94,0
DA:104,0
DA:148,0
LF:17
LH:0
BRDA:23,0,0,0
BRDA:23,0,1,0
BRF:2
BRH:0
end_of_record
TN:
SF:app/onboarding/success.tsx
FN:8,SuccessScreen
FN:10,(anonymous_1)
FN:11,(anonymous_2)
FN:23,(anonymous_3)
FN:28,(anonymous_4)
FNF:5
FNH:0
FNDA:0,SuccessScreen
FNDA:0,(anonymous_1)
FNDA:0,(anonymous_2)
FNDA:0,(anonymous_3)
FNDA:0,(anonymous_4)
DA:10,0
DA:11,0
DA:12,0
DA:13,0
DA:14,0
DA:16,0
DA:20,0
DA:23,0
DA:25,0
DA:28,0
DA:29,0
DA:32,0
DA:72,0
LF:13
LH:0
BRF:0
BRH:0
end_of_record
TN:
SF:app/onboarding/user-type.tsx
FN:9,UserTypeScreen
FN:12,(anonymous_1)
FN:32,(anonymous_2)
FN:72,(anonymous_3)
FN:84,(anonymous_4)
FNF:5
FNH:0
FNDA:0,UserTypeScreen
FNDA:0,(anonymous_1)
FNDA:0,(anonymous_2)
FNDA:0,(anonymous_3)
FNDA:0,(anonymous_4)
DA:10,0
DA:12,0
DA:13,0
DA:14,0
DA:16,0
DA:19,0
DA:21,0
DA:22,0
DA:24,0
DA:27,0
DA:32,0
DA:33,0
DA:36,0
DA:72,0
DA:84,0
DA:115,0
LF:16
LH:0
BRDA:13,0,0,0
BRDA:13,0,1,0
BRDA:19,1,0,0
BRDA:19,1,1,0
BRDA:22,2,0,0
BRDA:22,2,1,0
BRDA:70,3,0,0
BRDA:70,3,1,0
BRDA:82,4,0,0
BRDA:82,4,1,0
BRDA:103,5,0,0
BRDA:103,5,1,0
BRF:12
BRH:0
end_of_record
TN:
SF:app/onboarding/welcome.tsx
FN:9,WelcomeScreen
FN:12,(anonymous_1)
FN:14,(anonymous_2)
FN:31,(anonymous_3)
FNF:4
FNH:0
FNDA:0,WelcomeScreen
FNDA:0,(anonymous_1)
FNDA:0,(anonymous_2)
FNDA:0,(anonymous_3)
DA:10,0
DA:12,0
DA:14,0
DA:15,0
DA:16,0
DA:17,0
DA:18,0
DA:20,0
DA:23,0
DA:24,0
DA:28,0
DA:31,0
DA:32,0
DA:33,0
DA:35,0
DA:38,0
DA:44,0
DA:45,0
DA:49,0
DA:92,0
LF:20
LH:0
BRDA:17,0,0,0
BRDA:17,0,1,0
BRDA:45,1,0,0
BRDA:45,1,1,0
BRF:4
BRH:0
end_of_record
TN:
SF:components/Button.tsx
FN:13,(anonymous_0)
FN:24,(anonymous_1)
FN:55,(anonymous_2)
FNF:3
FNH:0
FNDA:0,(anonymous_0)
FNDA:0,(anonymous_1)
FNDA:0,(anonymous_2)
DA:13,0
DA:21,0
DA:22,0
DA:24,0
DA:25,0
DA:34,0
DA:36,0
DA:41,0
DA:48,0
DA:55,0
DA:56,0
DA:61,0
DA:63,0
DA:68,0
DA:73,0
DA:80,0
LF:16
LH:0
BRDA:14,0,0,0
BRDA:17,1,0,0
BRDA:18,2,0,0
BRDA:21,3,0,0
BRDA:21,3,1,0
BRDA:22,4,0,0
BRDA:22,4,1,0
BRDA:34,5,0,0
BRDA:34,5,1,0
BRDA:34,5,2,0
BRDA:57,6,0,0
BRDA:57,6,1,0
BRDA:61,7,0,0
BRDA:61,7,1,0
BRDA:61,7,2,0
BRF:15
BRH:0
end_of_record
TN:
SF:components/Card.tsx
FN:11,(anonymous_0)
FN:17,(anonymous_1)
FNF:2
FNH:0
FNDA:0,(anonymous_0)
FNDA:0,(anonymous_1)
DA:11,0
DA:17,0
DA:18,0
DA:23,0
DA:25,0
DA:31,0
DA:37,0
DA:45,0
DA:60,0
LF:9
LH:0
BRDA:13,0,0,0
BRDA:14,1,0,0
BRDA:23,2,0,0
BRDA:23,2,1,0
BRDA:23,2,2,0
BRDA:48,3,0,0
BRDA:48,3,1,0
BRF:7
BRH:0
end_of_record
TN:
SF:components/Collapsible.tsx
FN:10,Collapsible
FN:18,(anonymous_1)
FN:18,(anonymous_2)
FNF:3
FNH:0
FNDA:0,Collapsible
FNDA:0,(anonymous_1)
FNDA:0,(anonymous_2)
DA:11,0
DA:12,0
DA:14,0
DA:18,0
DA:35,0
LF:5
LH:0
BRDA:12,0,0,0
BRDA:12,0,1,0
BRDA:24,1,0,0
BRDA:24,1,1,0
BRDA:25,2,0,0
BRDA:25,2,1,0
BRDA:30,3,0,0
BRDA:30,3,1,0
BRF:8
BRH:0
end_of_record
TN:
SF:components/ExternalLink.tsx
FN:8,ExternalLink
FN:14,(anonymous_1)
FNF:2
FNH:0
FNDA:0,ExternalLink
FNDA:0,(anonymous_1)
DA:9,0
DA:15,0
DA:17,0
DA:19,0
LF:4
LH:0
BRDA:15,0,0,0
BRDA:15,0,1,0
BRF:2
BRH:0
end_of_record
TN:
SF:components/HapticTab.tsx
FN:5,HapticTab
FN:9,(anonymous_1)
FNF:2
FNH:0
FNDA:0,HapticTab
FNDA:0,(anonymous_1)
DA:6,0
DA:10,0
DA:12,0
DA:14,0
LF:4
LH:0
BRDA:10,0,0,0
BRDA:10,0,1,0
BRF:2
BRH:0
end_of_record
TN:
SF:components/HelloWave.tsx
FN:13,HelloWave
FN:16,(anonymous_1)
FN:23,(anonymous_2)
FNF:3
FNH:0
FNDA:0,HelloWave
FNDA:0,(anonymous_1)
FNDA:0,(anonymous_2)
DA:14,0
DA:16,0
DA:17,0
DA:23,0
DA:27,0
DA:34,0
LF:6
LH:0
BRF:0
BRH:0
end_of_record
TN:
SF:components/Input.tsx
FN:14,(anonymous_0)
FN:23,(anonymous_1)
FN:29,(anonymous_2)
FNF:3
FNH:0
FNDA:0,(anonymous_0)
FNDA:0,(anonymous_1)
FNDA:0,(anonymous_2)
DA:14,0
DA:23,0
DA:24,0
DA:25,0
DA:26,0
DA:29,0
DA:30,0
DA:31,0
DA:32,0
DA:35,0
DA:65,0
LF:11
LH:0
BRDA:24,0,0,0
BRDA:24,0,1,0
BRDA:25,1,0,0
BRDA:25,1,1,0
BRDA:30,2,0,0
BRDA:30,2,1,0
BRDA:31,3,0,0
BRDA:31,3,1,0
BRDA:41,4,0,0
BRDA:41,4,1,0
BRDA:42,5,0,0
BRDA:42,5,1,0
BRDA:52,6,0,0
BRDA:52,6,1,0
BRDA:56,7,0,0
BRDA:56,7,1,0
BRDA:56,7,2,0
BRF:17
BRH:0
end_of_record
TN:
SF:components/LocationSearchModal.tsx
FN:29,LocationSearchModal
FN:36,(anonymous_1)
FN:74,(anonymous_2)
FN:78,(anonymous_3)
FNF:4
FNH:0
FNDA:0,LocationSearchModal
FNDA:0,(anonymous_1)
FNDA:0,(anonymous_2)
FNDA:0,(anonymous_3)
DA:21,0
DA:36,0
DA:37,0
DA:42,0
DA:75,0
DA:78,0
DA:96,0
LF:7
LH:0
BRDA:37,0,0,0
BRDA:37,0,1,0
BRDA:37,0,2,0
BRF:3
BRH:0
end_of_record
TN:
SF:components/ParallaxScrollView.tsx
FN:21,ParallaxScrollView
FN:30,(anonymous_1)
FNF:2
FNH:0
FNDA:0,ParallaxScrollView
FNDA:0,(anonymous_1)
DA:14,0
DA:26,0
DA:27,0
DA:28,0
DA:29,0
DA:30,0
DA:31,0
DA:47,0
DA:68,0
LF:9
LH:0
BRDA:26,0,0,0
BRDA:26,0,1,0
BRF:2
BRH:0
end_of_record
TN:
SF:components/ThemedText.tsx
FN:11,ThemedText
FNF:1
FNH:1
FNDA:1,ThemedText
DA:18,1
DA:20,1
DA:36,1
LF:3
LH:3
BRDA:15,0,0,1
BRDA:24,1,0,1
BRDA:24,1,1,0
BRDA:25,2,0,0
BRDA:25,2,1,1
BRDA:26,3,0,0
BRDA:26,3,1,1
BRDA:27,4,0,0
BRDA:27,4,1,1
BRDA:28,5,0,0
BRDA:28,5,1,1
BRF:11
BRH:6
end_of_record
TN:
SF:components/ThemedView.tsx
FN:10,ThemedView
FNF:1
FNH:0
FNDA:0,ThemedView
DA:11,0
DA:13,0
LF:2
LH:0
BRF:0
BRH:0
end_of_record
TN:
SF:components/ui/IconSymbol.ios.tsx
FN:4,IconSymbol
FNF:1
FNH:0
FNDA:0,IconSymbol
DA:17,0
LF:1
LH:0
BRDA:6,0,0,0
BRDA:9,1,0,0
BRF:2
BRH:0
end_of_record
TN:
SF:components/ui/IconSymbol.tsx
FN:30,IconSymbol
FNF:1
FNH:0
FNDA:0,IconSymbol
DA:9,0
DA:42,0
LF:2
LH:0
BRDA:32,0,0,0
BRF:1
BRH:0
end_of_record
TN:
SF:components/ui/TabBarBackground.ios.tsx
FN:6,BlurTabBarBackground
FN:18,useBottomTabOverflow
FNF:2
FNH:0
FNDA:0,BlurTabBarBackground
FNDA:0,useBottomTabOverflow
DA:7,0
DA:19,0
DA:20,0
DA:21,0
LF:4
LH:0
BRF:0
BRH:0
end_of_record
TN:
SF:components/ui/TabBarBackground.tsx
FN:7,TabBarBackground
FN:35,useBottomTabOverflow
FNF:2
FNH:0
FNDA:0,TabBarBackground
FNDA:0,useBottomTabOverflow
DA:8,0
DA:9,0
DA:21,0
DA:24,0
DA:36,0
LF:5
LH:0
BRDA:8,0,0,0
BRDA:8,0,1,0
BRF:2
BRH:0
end_of_record
TN:
SF:constants/Colors.ts
FN:35,(anonymous_0)
FNF:1
FNH:0
FNDA:0,(anonymous_0)
DA:6,1
DA:7,1
DA:9,1
DA:38,0
DA:39,0
DA:40,0
DA:41,0
DA:42,0
DA:44,0
LF:9
LH:3
BRDA:38,0,0,0
BRDA:38,0,1,0
BRF:2
BRH:0
end_of_record
TN:
SF:constants/Spacing.ts
FNF:0
FNH:0
DA:4,0
LF:1
LH:0
BRF:0
BRH:0
end_of_record
TN:
SF:context/TranslationContext.tsx
FN:14,(anonymous_0)
FN:15,(anonymous_1)
FN:19,(anonymous_2)
FN:30,(anonymous_3)
FNF:4
FNH:0
FNDA:0,(anonymous_0)
FNDA:0,(anonymous_1)
FNDA:0,(anonymous_2)
FNDA:0,(anonymous_3)
DA:12,0
DA:15,0
DA:19,0
DA:20,0
DA:22,0
DA:30,0
LF:6
LH:0
BRF:0
BRH:0
end_of_record
TN:
SF:contexts/TranslationContext.tsx
FN:15,(anonymous_0)
FN:16,(anonymous_1)
FN:19,(anonymous_2)
FN:21,(anonymous_3)
FN:24,(anonymous_4)
FN:27,(anonymous_5)
FN:35,(anonymous_6)
FN:44,(anonymous_7)
FNF:8
FNH:0
FNDA:0,(anonymous_0)
FNDA:0,(anonymous_1)
FNDA:0,(anonymous_2)
FNDA:0,(anonymous_3)
FNDA:0,(anonymous_4)
FNDA:0,(anonymous_5)
FNDA:0,(anonymous_6)
FNDA:0,(anonymous_7)
DA:13,0
DA:16,0
DA:19,0
DA:21,0
DA:22,0
DA:24,0
DA:26,0
DA:28,0
DA:29,0
DA:35,0
DA:36,0
DA:37,0
DA:38,0
DA:40,0
DA:44,0
DA:45,0
DA:48,0
LF:17
LH:0
BRDA:28,0,0,0
BRDA:28,0,1,0
BRDA:28,1,0,0
BRDA:28,1,1,0
BRDA:45,2,0,0
BRDA:45,2,1,0
BRDA:45,2,2,0
BRF:7
BRH:0
end_of_record
TN:
SF:hooks/useColorScheme.ts
FNF:0
FNH:0
LF:0
LH:0
BRF:0
BRH:0
end_of_record
TN:
SF:hooks/useColorScheme.web.ts
FN:7,useColorScheme
FN:10,(anonymous_1)
FNF:2
FNH:0
FNDA:0,useColorScheme
FNDA:0,(anonymous_1)
DA:8,0
DA:10,0
DA:11,0
DA:14,0
DA:16,0
DA:17,0
DA:20,0
LF:7
LH:0
BRDA:16,0,0,0
BRDA:16,0,1,0
BRF:2
BRH:0
end_of_record
TN:
SF:hooks/useThemeColor.ts
FN:9,useThemeColor
FNF:1
FNH:1
FNDA:1,useThemeColor
DA:13,1
DA:14,1
DA:16,1
DA:17,0
DA:19,1
LF:5
LH:4
BRDA:13,0,0,1
BRDA:13,0,1,0
BRDA:16,1,0,0
BRDA:16,1,1,1
BRF:4
BRH:2
end_of_record
TN:
SF:hooks/useTranslation.ts
FN:49,(anonymous_0)
FN:52,(anonymous_1)
FN:54,(anonymous_2)
FN:69,(anonymous_3)
FN:79,(anonymous_4)
FNF:5
FNH:0
FNDA:0,(anonymous_0)
FNDA:0,(anonymous_1)
FNDA:0,(anonymous_2)
FNDA:0,(anonymous_3)
FNDA:0,(anonymous_4)
DA:5,0
DA:49,0
DA:50,0
DA:52,0
DA:54,0
DA:55,0
DA:56,0
DA:57,0
DA:58,0
DA:61,0
DA:65,0
DA:69,0
DA:70,0
DA:71,0
DA:72,0
DA:74,0
DA:79,0
DA:80,0
DA:81,0
DA:84,0
DA:87,0
LF:21
LH:0
BRDA:57,0,0,0
BRDA:57,0,1,0
BRDA:80,1,0,0
BRDA:80,1,1,0
BRDA:81,2,0,0
BRDA:81,2,1,0
BRDA:84,3,0,0
BRDA:84,3,1,0
BRDA:84,3,2,0
BRF:9
BRH:0
end_of_record
TN:
SF:i18n/translations.ts
FNF:0
FNH:0
DA:49,0
LF:1
LH:0
BRF:0
BRH:0
end_of_record
TN:
SF:scripts/reset-project.js
FN:48,(anonymous_0)
FN:103,(anonymous_1)
FN:106,(anonymous_2)
FNF:3
FNH:0
FNDA:0,(anonymous_0)
FNDA:0,(anonymous_1)
FNDA:0,(anonymous_2)
DA:9,0
DA:10,0
DA:11,0
DA:13,0
DA:14,0
DA:15,0
DA:16,0
DA:17,0
DA:19,0
DA:36,0
DA:43,0
DA:48,0
DA:49,0
DA:50,0
DA:52,0
DA:53,0
DA:57,0
DA:58,0
DA:59,0
DA:60,0
DA:61,0
DA:62,0
DA:63,0
DA:65,0
DA:66,0
DA:69,0
DA:74,0
DA:75,0
DA:76,0
DA:79,0
DA:80,0
DA:81,0
DA:84,0
DA:85,0
DA:86,0
DA:88,0
DA:89,0
DA:97,0
DA:101,0
DA:104,0
DA:105,0
DA:106,0
DA:108,0
DA:109,0
LF:44
LH:0
BRDA:50,0,0,0
BRDA:50,0,1,0
BRDA:59,1,0,0
BRDA:59,1,1,0
BRDA:60,2,0,0
BRDA:60,2,1,0
BRDA:91,3,0,0
BRDA:91,3,1,0
BRDA:104,4,0,0
BRDA:104,4,1,0
BRDA:105,5,0,0
BRDA:105,5,1,0
BRDA:105,6,0,0
BRDA:105,6,1,0
BRF:14
BRH:0
end_of_record
TN:
SF:services/i18n.ts
FN:144,(anonymous_0)
FN:155,(anonymous_1)
FN:165,(anonymous_2)
FNF:3
FNH:0
FNDA:0,(anonymous_0)
FNDA:0,(anonymous_1)
FNDA:0,(anonymous_2)
DA:6,0
DA:9,0
DA:10,0
DA:11,0
DA:14,0
DA:144,0
DA:145,0
DA:146,0
DA:147,0
DA:149,0
DA:150,0
DA:155,0
DA:156,0
DA:157,0
DA:158,0
DA:160,0
DA:165,0
DA:166,0
LF:18
LH:0
BRDA:147,0,0,0
BRDA:147,0,1,0
BRDA:165,1,0,0
BRF:3
BRH:0
end_of_record
TN:
SF:services/notifications.ts
FN:159,(anonymous_0)
FN:166,(anonymous_1)
FN:172,(anonymous_2)
FN:183,(anonymous_3)
FNF:4
FNH:0
FNDA:0,(anonymous_0)
FNDA:0,(anonymous_1)
FNDA:0,(anonymous_2)
FNDA:0,(anonymous_3)
DA:10,0
DA:84,0
DA:161,0
DA:168,0
DA:173,0
DA:176,0
DA:185,0
DA:188,0
LF:8
LH:0
BRF:0
BRH:0
end_of_record
TN:
SF:utils/markdown-to-html.ts
FN:4,markdownToHtml
FNF:1
FNH:1
FNDA:5,markdownToHtml
DA:5,5
DA:8,4
DA:14,4
DA:16,4
DA:19,4
DA:31,4
DA:33,4
DA:34,4
LF:8
LH:8
BRDA:5,0,0,1
BRDA:5,0,1,4
BRF:2
BRH:2
end_of_record
TN:
SF:utils/markdown.ts
FN:12,markdownToHtml
FNF:1
FNH:1
FNDA:43,markdownToHtml
DA:13,43
DA:26,36
DA:28,36
DA:30,36
DA:33,36
DA:36,36
DA:37,35
DA:40,1
DA:42,0
DA:43,0
LF:10
LH:8
BRDA:12,0,0,41
BRDA:13,1,0,7
BRDA:13,1,1,36
BRDA:16,2,0,34
BRDA:17,3,0,35
BRDA:33,4,0,36
BRDA:33,4,1,0
BRDA:36,5,0,35
BRDA:36,5,1,1
BRF:9
BRH:8
end_of_record
TN:
SF:utils/markdownConverter.ts
FN:6,convertMarkdownToHtml
FN:8,(anonymous_1)
FN:17,(anonymous_2)
FN:28,(anonymous_3)
FNF:4
FNH:4
FNDA:3,convertMarkdownToHtml
FNDA:3,(anonymous_1)
FNDA:19,(anonymous_2)
FNDA:2,(anonymous_3)
DA:8,3
DA:9,3
DA:17,3
DA:19,19
DA:22,19
DA:25,19
DA:28,19
DA:30,2
DA:31,1
DA:33,2
DA:36,19
DA:40,3
DA:43,3
DA:44,3
DA:45,3
DA:46,3
DA:47,3
DA:48,3
DA:49,3
DA:50,3
DA:53,3
DA:54,40
DA:57,40
DA:58,3
DA:59,2
DA:60,2
DA:62,1
DA:63,1
DA:65,3
DA:68,37
DA:69,5
DA:70,5
DA:74,32
DA:75,0
DA:76,0
DA:77,0
DA:79,0
DA:83,0
DA:84,0
DA:85,0
DA:88,0
DA:92,32
DA:93,0
DA:94,0
DA:98,32
DA:100,11
DA:101,0
DA:102,0
DA:104,11
DA:105,0
DA:106,0
DA:108,11
DA:112,21
DA:113,2
DA:114,2
DA:116,19
DA:117,1
DA:118,1
DA:120,18
DA:121,1
DA:122,1
DA:126,17
DA:127,3
DA:128,3
DA:130,3
DA:131,1
DA:132,1
DA:136,3
DA:137,0
DA:138,0
DA:140,3
DA:144,3
DA:146,1
DA:147,1
DA:150,3
DA:154,14
DA:155,2
DA:156,1
DA:157,1
DA:160,2
DA:161,2
DA:164,2
DA:165,1
DA:166,1
DA:169,2
DA:173,12
DA:174,10
DA:179,3
DA:180,1
DA:184,3
DA:185,0
DA:189,3
DA:190,0
DA:192,3
DA:193,0
DA:196,3
LF:96
LH:77
BRDA:30,0,0,1
BRDA:30,0,1,1
BRDA:57,1,0,3
BRDA:57,1,1,37
BRDA:58,2,0,2
BRDA:58,2,1,1
BRDA:68,3,0,5
BRDA:68,3,1,32
BRDA:69,4,0,3
BRDA:69,4,1,2
BRDA:74,5,0,0
BRDA:74,5,1,32
BRDA:75,6,0,0
BRDA:75,6,1,0
BRDA:83,7,0,0
BRDA:83,7,1,0
BRDA:83,8,0,0
BRDA:83,8,1,0
BRDA:92,9,0,0
BRDA:92,9,1,32
BRDA:92,10,0,32
BRDA:92,10,1,0
BRDA:98,11,0,11
BRDA:98,11,1,21
BRDA:98,12,0,32
BRDA:98,12,1,13
BRDA:100,13,0,0
BRDA:100,13,1,11
BRDA:104,14,0,0
BRDA:104,14,1,11
BRDA:112,15,0,2
BRDA:112,15,1,19
BRDA:116,16,0,1
BRDA:116,16,1,18
BRDA:120,17,0,1
BRDA:120,17,1,17
BRDA:126,18,0,3
BRDA:126,18,1,14
BRDA:126,19,0,17
BRDA:126,19,1,14
BRDA:130,20,0,1
BRDA:130,20,1,2
BRDA:136,21,0,0
BRDA:136,21,1,3
BRDA:144,22,0,1
BRDA:144,22,1,2
BRDA:144,23,0,3
BRDA:144,23,1,3
BRDA:145,24,0,3
BRDA:145,24,1,1
BRDA:154,25,0,2
BRDA:154,25,1,12
BRDA:155,26,0,1
BRDA:155,26,1,1
BRDA:164,27,0,1
BRDA:164,27,1,1
BRDA:164,28,0,2
BRDA:164,28,1,2
BRDA:173,29,0,10
BRDA:173,29,1,2
BRDA:179,30,0,1
BRDA:179,30,1,2
BRDA:184,31,0,0
BRDA:184,31,1,3
BRDA:189,32,0,0
BRDA:189,32,1,3
BRDA:192,33,0,0
BRDA:192,33,1,3
BRF:68
BRH:53
end_of_record
TN:
SF:utils/mockAsyncStorage.ts
FN:9,(anonymous_0)
FN:13,(anonymous_1)
FN:17,(anonymous_2)
FN:21,(anonymous_3)
FN:25,(anonymous_4)
FN:29,(anonymous_5)
FN:30,(anonymous_6)
FN:33,(anonymous_7)
FN:34,(anonymous_8)
FN:39,(anonymous_9)
FN:40,(anonymous_10)
FNF:11
FNH:0
FNDA:0,(anonymous_0)
FNDA:0,(anonymous_1)
FNDA:0,(anonymous_2)
FNDA:0,(anonymous_3)
FNDA:0,(anonymous_4)
FNDA:0,(anonymous_5)
FNDA:0,(anonymous_6)
FNDA:0,(anonymous_7)
FNDA:0,(anonymous_8)
FNDA:0,(anonymous_9)
FNDA:0,(anonymous_10)
DA:7,0
DA:10,0
DA:14,0
DA:18,0
DA:22,0
DA:26,0
DA:30,0
DA:34,0
DA:35,0
DA:40,0
DA:41,0
LF:11
LH:0
BRDA:10,0,0,0
BRDA:10,0,1,0
BRDA:30,1,0,0
BRDA:30,1,1,0
BRF:4
BRH:0
end_of_record
TN:
SF:utils/sanitize.ts
FN:22,sanitizeHtml
FNF:1
FNH:1
FNDA:44,sanitizeHtml
DA:8,3
DA:23,44
DA:25,41
DA:30,41
LF:4
LH:4
BRDA:22,0,0,7
BRDA:23,1,0,3
BRDA:23,1,1,41
BRDA:26,2,0,41
BRDA:26,2,1,7
BRDA:27,3,0,41
BRDA:27,3,1,7
BRF:7
BRH:7
end_of_record
